<!DOCTYPE html>

<html>
    <head>
        <title>Test Snapshot</title>

        <link rel="stylesheet" type="text/css" href="../../../../../../HTML_Design_Files/CSS/design.css" />
        <link rel="stylesheet" type="text/css" href="../../../../../../HTML_Design_Files/CSS/jquery.jqplot.css" />

        <script type="text/javascript" src="../../../../../../HTML_Design_Files/JS/jquery.min.js"></script>
        <script type="text/javascript" src="../../../../../../HTML_Design_Files/JS/jquery.jqplot.min.js"></script>
        <!--[if lt IE 9]>
        <script language="javascript" type="text/javascript" src="../../../../../../HTML_Design_Files/JS/excanvas.js"></script>
        <![endif]-->

        <script language="javascript" type="text/javascript" src="../../../../../../HTML_Design_Files/JS/jqplot.pieRenderer.min.js"></script>
        <script language="javascript" type="text/javascript">$(document).ready(function() { $(".exception").hide(); $("#showmenu").show(); $('#showmenu').click(function() { $('.exception').toggle("slide"); }); });        </script>    </head>
    <body>
        <table id="mainTable">
            <tr id="header" >
                <td id="logo"><img src="../../../../../../HTML_Design_Files/IMG/fipsar.png" alt="Logo" height="80" width="140" /> <br/>                <td id="headertext">
           <b> Automation Test Report </b>         
<div style="padding-right:20px;float:right"><img src="../../../../../../HTML_Design_Files/IMG/logo.png" height="70" width="140" /></div>                </td>
            </tr>

            <tr id="container">
                <td id="menu">
                    <ul> 

 <li class="menuStyle"><a href="../../../../../../index.html" >Detail Report View</a></li><li style="padding-top: 4px;"><a href="../../../../../ConsolidatedPage.html" >Test Report Chart View</a></li>


                    </ul>
                </td>


<td id="content">   
                    <div class="info"><b><font size=3>
                        Test Case Steps </font></b><br/>
Test Case Name: <b>Test001_ie</b><br/><b>
<div class="chartStyle summary" style="background-color: #FF9A36;width: 40%;margin-left: 80px; height: 200px;">          
                        <b>Execution Platform Details</b><br/><br/>
                        <table>
                            <tr>
                                <td>O.S</td>
                                <td>&nbsp;&nbsp;:&nbsp;&nbsp;</td>
                                <td>Windows 10, amd64Bit, V10.0</td>
                            </tr>
                            <tr>
                                <td>Browser</td>
                                <td>&nbsp;&nbsp;:&nbsp;&nbsp;</td>
                                <td>internet explorer,11</td>
                            </tr>
                                <td>Java</td>
                                <td>&nbsp;&nbsp;:&nbsp;&nbsp;</td>
                                <td>1.8.0_161</td>
                            </tr>

                            <tr>
                                <td>Hostname</td>
                                <td>&nbsp;&nbsp;:&nbsp;&nbsp;</td>
                                <td>LAPTOP-TBBKICN8</td>
                            </tr>

                            <tr>
                                <td>Selenium</td>
                                <td>&nbsp;&nbsp;:&nbsp;&nbsp;</td>
                                <td>3.10.0</td>
                            </tr>
                        </table>  
                    </div>
                   
 <div class="chartStyle summary" style="background-color: #E03C31;margin-left: 20px; height: 200px;width: 40%; ">
                        <b>
 Test Snapshot</b><br/><br/>
                        <table>
                            <tr>
                                <td>Status</td>
                                <td>&nbsp;&nbsp;&nbsp;&nbsp;&nbsp;&nbsp;&nbsp;&nbsp;&nbsp;&nbsp;&nbsp;&nbsp;&nbsp;&nbsp;&nbsp;:&nbsp;&nbsp;</td>
                                <td>Failed</td>
                            </tr>
                            <tr>
                                <td>Execution Date</td>
                                <td>&nbsp;&nbsp;&nbsp;&nbsp;&nbsp;&nbsp;&nbsp;&nbsp;&nbsp;&nbsp;&nbsp;&nbsp;	&nbsp;&nbsp;:&nbsp;&nbsp;</td>
                                <td>08-Mar-2018 09:27:16                            </tr>
                        Current Test Execution   &nbsp;&nbsp;&nbsp;&nbsp;: &nbsp;&nbsp;<b> Execution 11</b></br>
                        Time Taken for Execution :&nbsp;&nbsp;<b>                                <td>&nbsp;&nbsp;&nbsp;</td>71 s                                <td>&nbsp;&nbsp;&nbsp;&nbsp;</td>
</b> <br/>                        </table> 
                    </div>
   <div>
                        <table class="chartStyle" id="tableStyle" style="height:50px; float: left">
                            <tr>
                                <th>S.No</th>
                                <th>Test Procedure</th>
                                <th>Input Data</th>
                                <th>Expected Results</th>
                                <th>Actual Value</th>
                                <th>Time</th>
                                <th>Status</th>
                                <th>Screen shot</th>
                            </tr>
                           

<tr><td>1</td>
<td>Launch application</td>
<td>http://training.openspan.com/login</td>
<td>Application lauched successfully</td>
<td></td>
<td>3 s</td>
<td><img style="height:20px;width:20px;border:none"  alt="PASS" src="../../../../../..//HTML_Design_Files/IMG/logpass.png" /></td>
<td></td>
</tr><tr><td>2</td>
<td>Timeout Exception</td>
<td></td>
<td></td>
<td></td>
<td>67 s</td>
<td><img style="height:18px;width:18px;border:none"  alt="FAIL" src="../../../../../..//HTML_Design_Files/IMG/logfail.png" /></td>
<td></td>
</tr>
                        </div></table>  
<div class="chartStyle summary" style="color: black;width: 98%; height: 100%; padding-bottom: 30px;">          

<b> </b><br/>Test Case Name: Test001_ie<br/>                        <br/><br/><b>Reason for Failure:&nbsp;&nbsp;</b>Time Out Error<br/><br/>
<b id="showmenu">Click Me to Show/Hide the Full Stack Trace</b><div class="exception">
org.openqa.selenium.TimeoutException: Expected condition failed: waiting for presence of element located by: By.xpath: //input[@id='user_name'] (tried for 10 second(s) with 500 milliseconds interval)
	at org.openqa.selenium.support.ui.WebDriverWait.timeoutException(WebDriverWait.java:82)
	at org.openqa.selenium.support.ui.FluentWait.until(FluentWait.java:272)
	at com.fipsar.qa.commands.Manipulation.waitForElement(Manipulation.java:680)
	at com.fipsar.qa.util.CommandUtils.executeAction(CommandUtils.java:458)
	at com.fipsar.qa.datadriver.TestCaseRunner.exectuteTestCase(TestCaseRunner.java:79)
	at TestNGClass.launchapp(TestNGClass.java:130)
	at sun.reflect.NativeMethodAccessorImpl.invoke0(Native Method)
	at sun.reflect.NativeMethodAccessorImpl.invoke(Unknown Source)
	at sun.reflect.DelegatingMethodAccessorImpl.invoke(Unknown Source)
	at java.lang.reflect.Method.invoke(Unknown Source)
	at org.testng.internal.MethodInvocationHelper.invokeMethod(MethodInvocationHelper.java:108)
	at org.testng.internal.Invoker.invokeMethod(Invoker.java:661)
	at org.testng.internal.Invoker.invokeTestMethod(Invoker.java:869)
	at org.testng.internal.TestMethodWithDataProviderMethodWorker.call(TestMethodWithDataProviderMethodWorker.java:75)
	at org.testng.internal.TestMethodWithDataProviderMethodWorker.call(TestMethodWithDataProviderMethodWorker.java:14)
	at java.util.concurrent.FutureTask.run(Unknown Source)
	at java.util.concurrent.Executors$RunnableAdapter.call(Unknown Source)
	at java.util.concurrent.FutureTask.run(Unknown Source)
	at java.util.concurrent.ThreadPoolExecutor.runWorker(Unknown Source)
	at java.util.concurrent.ThreadPoolExecutor$Worker.run(Unknown Source)
	at java.lang.Thread.run(Unknown Source)
Caused by: org.openqa.selenium.NoSuchElementException: Cannot locate an element using By.xpath: //input[@id='user_name']
For documentation on this error, please visit: http://seleniumhq.org/exceptions/no_such_element.html
Build info: version: '3.10.0', revision: '176b4a9', time: '2018-03-02T19:03:16.397Z'
System info: host: 'LAPTOP-TBBKICN8', ip: '192.168.1.15', os.name: 'Windows 10', os.arch: 'amd64', os.version: '10.0', java.version: '1.8.0_161'
Driver info: driver.version: unknown
	at org.openqa.selenium.support.ui.ExpectedConditions.lambda$findElement$0(ExpectedConditions.java:896)
	at java.util.Optional.orElseThrow(Unknown Source)
	at org.openqa.selenium.support.ui.ExpectedConditions.findElement(ExpectedConditions.java:895)
	at org.openqa.selenium.support.ui.ExpectedConditions.access$000(ExpectedConditions.java:44)
	at org.openqa.selenium.support.ui.ExpectedConditions$6.apply(ExpectedConditions.java:183)
	at org.openqa.selenium.support.ui.ExpectedConditions$6.apply(ExpectedConditions.java:180)
	at org.openqa.selenium.support.ui.FluentWait.until(FluentWait.java:249)
	... 19 more
</div>                    

                </td>
            </tr>