<!DOCTYPE html PUBLIC "-//W3C//DTD XHTML 1.1//EN" "http://www.w3.org/TR/xhtml11/DTD/xhtml11.dtd">
<html xmlns="http://www.w3.org/1999/xhtml"><head><title>TestNG Report</title><style type="text/css">table {margin-bottom:10px;border-collapse:collapse;empty-cells:show}th,td {border:1px solid #009;padding:.25em .5em}th {vertical-align:bottom}td {vertical-align:top}table a {font-weight:bold}.stripe td {background-color: #E6EBF9}.num {text-align:right}.passedodd td {background-color: #3F3}.passedeven td {background-color: #0A0}.skippedodd td {background-color: #DDD}.skippedeven td {background-color: #CCC}.failedodd td,.attn {background-color: #F33}.failedeven td,.stripe .attn {background-color: #D00}.stacktrace {white-space:pre;font-family:monospace}.totop {font-size:85%;text-align:center;border-bottom:2px solid #000}</style></head><body><table><tr><th>Test</th><th># Passed</th><th># Skipped</th><th># Failed</th><th>Time (ms)</th><th>Included Groups</th><th>Excluded Groups</th></tr><tr><th colspan="7">Fipsar QA</th></tr><tr><td><a href="#t0">Fipsar</a></td><td class="num">1</td><td class="num">0</td><td class="num attn">11</td><td class="num">697,066</td><td></td><td></td></tr></table><table id='summary'><thead><tr><th>Class</th><th>Method</th><th>Start</th><th>Time (ms)</th></tr></thead><tbody><tr><th colspan="4">Fipsar QA</th></tr></tbody><tbody id="t0"><tr><th colspan="4">Fipsar &#8212; failed</th></tr><tr class="failedeven"><td rowspan="11">TestNGClass</td><td><a href="#m0">launchapp</a></td><td rowspan="11">1524135930013</td><td rowspan="11">21486</td></tr><tr class="failedeven"><td><a href="#m1">launchapp</a></td></tr><tr class="failedeven"><td><a href="#m2">launchapp</a></td></tr><tr class="failedeven"><td><a href="#m3">launchapp</a></td></tr><tr class="failedeven"><td><a href="#m4">launchapp</a></td></tr><tr class="failedeven"><td><a href="#m5">launchapp</a></td></tr><tr class="failedeven"><td><a href="#m6">launchapp</a></td></tr><tr class="failedeven"><td><a href="#m7">launchapp</a></td></tr><tr class="failedeven"><td><a href="#m8">launchapp</a></td></tr><tr class="failedeven"><td><a href="#m9">launchapp</a></td></tr><tr class="failedeven"><td><a href="#m10">launchapp</a></td></tr><tr><th colspan="4">Fipsar &#8212; passed</th></tr><tr class="passedeven"><td rowspan="1">TestNGClass</td><td><a href="#m11">launchapp</a></td><td rowspan="1">1524136489908</td><td rowspan="1">70862</td></tr></tbody></table><h2>Fipsar</h2><h3 id="m0">TestNGClass#launchapp</h3><table class="result"><tr class="param"><th>Parameter #1</th></tr><tr class="param stripe"><td>L_Prov_Mandatory_ErrorMessage_Validation_chrome</td></tr><tr><th>Messages</th></tr><tr><td><div class="messages">STEP29<br/>STEP30<br/>STEP31<br/>STEP32<br/>STEP33<br/>STEP34<br/>STEP35<br/>STEP36</div></td></tr><tr><th>Exception</th></tr><tr><td><div class="stacktrace">java.lang.NullPointerException
	at com.fipsar.qa.commands.Manipulation.click(Manipulation.java:71)
	at com.fipsar.qa.util.CommandUtils.executeAction(CommandUtils.java:158)
	at com.fipsar.qa.datadriver.TestCaseRunner.exectuteTestCase(TestCaseRunner.java:79)
	at TestNGClass.launchapp(TestNGClass.java:133)
	at java.util.concurrent.FutureTask.run(Unknown Source)
	at java.util.concurrent.Executors$RunnableAdapter.call(Unknown Source)
	at java.util.concurrent.FutureTask.run(Unknown Source)
	at java.util.concurrent.ThreadPoolExecutor.runWorker(Unknown Source)
	at java.util.concurrent.ThreadPoolExecutor$Worker.run(Unknown Source)
	at java.lang.Thread.run(Unknown Source)
... Removed 9 stack frames</div></td></tr></table><p class="totop"><a href="#summary">back to summary</a></p><h3 id="m1">TestNGClass#launchapp</h3><table class="result"><tr class="param"><th>Parameter #1</th></tr><tr class="param stripe"><td>L_Prov_Patient_App_Create__Provider_chrome</td></tr><tr><th>Messages</th></tr><tr><td><div class="messages">STEP197<br/>STEP198<br/>STEP199<br/>STEP200<br/>STEP201<br/>STEP202<br/>STEP203<br/>STEP204<br/>STEP205<br/>STEP206<br/>STEP207<br/>STEP208<br/>STEP209<br/>STEP210<br/>STEP211<br/>STEP212<br/>STEP213<br/>STEP214<br/>STEP215<br/>STEP216<br/>STEP217<br/>STEP218<br/>STEP219<br/>STEP220<br/>STEP221<br/>STEP222<br/>STEP223<br/>STEP224<br/>STEP225<br/>STEP226<br/>STEP227<br/>STEP228<br/>STEP229<br/>STEP230<br/>STEP231<br/>STEP232<br/>STEP233<br/>STEP234<br/>STEP235<br/>STEP236<br/>STEP237<br/>STEP238<br/>STEP239<br/>STEP240<br/>STEP241<br/>STEP242<br/>STEP243<br/>STEP244</div></td></tr><tr><th>Exception</th></tr><tr><td><div class="stacktrace">org.openqa.selenium.WebDriverException: unknown error: Element &lt;label for=&quot;0&quot; class=&quot;btn btn-default&quot;&gt;...&lt;/label&gt; is not clickable at point (1253, 388). Other element would receive the click: &lt;div class=&quot;loader_background&quot;&gt;...&lt;/div&gt;
  (Session info: chrome=65.0.3325.181)
  (Driver info: chromedriver=2.36.540470 (e522d04694c7ebea4ba8821272dbef4f9b818c91),platform=Windows NT 6.1.7601 SP1 x86_64) (WARNING: The server did not provide any stacktrace information)
Command duration or timeout: 0 milliseconds
Build info: version: &apos;unknown&apos;, revision: &apos;unknown&apos;, time: &apos;unknown&apos;
System info: host: &apos;P17VM-007&apos;, ip: &apos;192.168.7.112&apos;, os.name: &apos;Windows 7&apos;, os.arch: &apos;amd64&apos;, os.version: &apos;6.1&apos;, java.version: &apos;1.8.0_161&apos;
Driver info: org.openqa.selenium.chrome.ChromeDriver
Capabilities {acceptInsecureCerts: false, acceptSslCerts: false, applicationCacheEnabled: false, browserConnectionEnabled: false, browserName: chrome, chrome: {chromedriverVersion: 2.36.540470 (e522d04694c7eb..., userDataDir: C:\Users\paf1121\AppData\Lo...}, cssSelectorsEnabled: true, databaseEnabled: false, handlesAlerts: true, hasTouchScreen: false, javascriptEnabled: true, locationContextEnabled: true, mobileEmulationEnabled: false, nativeEvents: true, networkConnectionEnabled: false, pageLoadStrategy: normal, platform: XP, platformName: XP, rotatable: false, setWindowRect: true, takesHeapSnapshot: true, takesScreenshot: true, unexpectedAlertBehaviour: , unhandledPromptBehavior: , version: 65.0.3325.181, webStorageEnabled: true}
Session ID: aa4d3af810b3d672983e6d1289ec42d7
	at org.openqa.selenium.remote.ErrorHandler.createThrowable(ErrorHandler.java:214)
	at org.openqa.selenium.remote.ErrorHandler.throwIfResponseFailed(ErrorHandler.java:166)
	at org.openqa.selenium.remote.http.JsonHttpResponseCodec.reconstructValue(JsonHttpResponseCodec.java:40)
	at org.openqa.selenium.remote.http.AbstractHttpResponseCodec.decode(AbstractHttpResponseCodec.java:80)
	at org.openqa.selenium.remote.http.AbstractHttpResponseCodec.decode(AbstractHttpResponseCodec.java:44)
	at org.openqa.selenium.remote.HttpCommandExecutor.execute(HttpCommandExecutor.java:160)
	at org.openqa.selenium.remote.service.DriverCommandExecutor.execute(DriverCommandExecutor.java:83)
	at org.openqa.selenium.remote.RemoteWebDriver.execute(RemoteWebDriver.java:601)
	at org.openqa.selenium.remote.RemoteWebElement.execute(RemoteWebElement.java:279)
	at org.openqa.selenium.remote.RemoteWebElement.click(RemoteWebElement.java:83)
	at com.fipsar.qa.commands.Manipulation.click(Manipulation.java:72)
	at com.fipsar.qa.util.CommandUtils.executeAction(CommandUtils.java:158)
	at com.fipsar.qa.datadriver.TestCaseRunner.exectuteTestCase(TestCaseRunner.java:79)
	at TestNGClass.launchapp(TestNGClass.java:133)
	at java.util.concurrent.FutureTask.run(Unknown Source)
	at java.util.concurrent.Executors$RunnableAdapter.call(Unknown Source)
	at java.util.concurrent.FutureTask.run(Unknown Source)
	at java.util.concurrent.ThreadPoolExecutor.runWorker(Unknown Source)
	at java.util.concurrent.ThreadPoolExecutor$Worker.run(Unknown Source)
	at java.lang.Thread.run(Unknown Source)
... Removed 13 stack frames</div></td></tr></table><p class="totop"><a href="#summary">back to summary</a></p><h3 id="m2">TestNGClass#launchapp</h3><table class="result"><tr class="param"><th>Parameter #1</th></tr><tr class="param stripe"><td>L_Prov_Patient_App_Create_PCase_Positive_chrome</td></tr><tr><th>Messages</th></tr><tr><td><div class="messages">STEP37<br/>STEP38<br/>STEP39<br/>STEP40<br/>STEP41<br/>STEP42<br/>STEP43<br/>STEP44<br/>STEP45<br/>STEP46</div></td></tr><tr><th>Exception</th></tr><tr><td><div class="stacktrace">org.openqa.selenium.WebDriverException: unknown error: Element &lt;button id=&quot;&quot; class=&quot;button&quot; type=&quot;submit&quot; data-toggle=&quot;&quot; data-target=&quot;&quot; data-dismiss=&quot;&quot;&gt;...&lt;/button&gt; is not clickable at point (928, 502). Other element would receive the click: &lt;img class=&quot;loader_position&quot; src=&quot;/images/pageload.gif&quot;&gt;
  (Session info: chrome=65.0.3325.181)
  (Driver info: chromedriver=2.36.540470 (e522d04694c7ebea4ba8821272dbef4f9b818c91),platform=Windows NT 6.1.7601 SP1 x86_64) (WARNING: The server did not provide any stacktrace information)
Command duration or timeout: 0 milliseconds
Build info: version: &apos;unknown&apos;, revision: &apos;unknown&apos;, time: &apos;unknown&apos;
System info: host: &apos;P17VM-007&apos;, ip: &apos;192.168.7.112&apos;, os.name: &apos;Windows 7&apos;, os.arch: &apos;amd64&apos;, os.version: &apos;6.1&apos;, java.version: &apos;1.8.0_161&apos;
Driver info: org.openqa.selenium.chrome.ChromeDriver
Capabilities {acceptInsecureCerts: false, acceptSslCerts: false, applicationCacheEnabled: false, browserConnectionEnabled: false, browserName: chrome, chrome: {chromedriverVersion: 2.36.540470 (e522d04694c7eb..., userDataDir: C:\Users\paf1121\AppData\Lo...}, cssSelectorsEnabled: true, databaseEnabled: false, handlesAlerts: true, hasTouchScreen: false, javascriptEnabled: true, locationContextEnabled: true, mobileEmulationEnabled: false, nativeEvents: true, networkConnectionEnabled: false, pageLoadStrategy: normal, platform: XP, platformName: XP, rotatable: false, setWindowRect: true, takesHeapSnapshot: true, takesScreenshot: true, unexpectedAlertBehaviour: , unhandledPromptBehavior: , version: 65.0.3325.181, webStorageEnabled: true}
Session ID: 4ecad4be607d34fab18040d57bcd179d
	at org.openqa.selenium.remote.ErrorHandler.createThrowable(ErrorHandler.java:214)
	at org.openqa.selenium.remote.ErrorHandler.throwIfResponseFailed(ErrorHandler.java:166)
	at org.openqa.selenium.remote.http.JsonHttpResponseCodec.reconstructValue(JsonHttpResponseCodec.java:40)
	at org.openqa.selenium.remote.http.AbstractHttpResponseCodec.decode(AbstractHttpResponseCodec.java:80)
	at org.openqa.selenium.remote.http.AbstractHttpResponseCodec.decode(AbstractHttpResponseCodec.java:44)
	at org.openqa.selenium.remote.HttpCommandExecutor.execute(HttpCommandExecutor.java:160)
	at org.openqa.selenium.remote.service.DriverCommandExecutor.execute(DriverCommandExecutor.java:83)
	at org.openqa.selenium.remote.RemoteWebDriver.execute(RemoteWebDriver.java:601)
	at org.openqa.selenium.remote.RemoteWebElement.execute(RemoteWebElement.java:279)
	at org.openqa.selenium.remote.RemoteWebElement.click(RemoteWebElement.java:83)
	at com.fipsar.qa.commands.Manipulation.click(Manipulation.java:72)
	at com.fipsar.qa.util.CommandUtils.executeAction(CommandUtils.java:158)
	at com.fipsar.qa.datadriver.TestCaseRunner.exectuteTestCase(TestCaseRunner.java:79)
	at TestNGClass.launchapp(TestNGClass.java:133)
	at java.util.concurrent.FutureTask.run(Unknown Source)
	at java.util.concurrent.Executors$RunnableAdapter.call(Unknown Source)
	at java.util.concurrent.FutureTask.run(Unknown Source)
	at java.util.concurrent.ThreadPoolExecutor.runWorker(Unknown Source)
	at java.util.concurrent.ThreadPoolExecutor$Worker.run(Unknown Source)
	at java.lang.Thread.run(Unknown Source)
... Removed 13 stack frames</div></td></tr></table><p class="totop"><a href="#summary">back to summary</a></p><h3 id="m3">TestNGClass#launchapp</h3><table class="result"><tr class="param"><th>Parameter #1</th></tr><tr class="param stripe"><td>L_Prov_Patient_App_Save_Back_Front_Navi_chrome</td></tr><tr><th>Messages</th></tr><tr><td><div class="messages">STEP245<br/>STEP246<br/>STEP247<br/>STEP248<br/>STEP249<br/>STEP250<br/>STEP251<br/>STEP252<br/>STEP253<br/>STEP254<br/>STEP255<br/>STEP256<br/>STEP257<br/>STEP258<br/>STEP259<br/>STEP260<br/>STEP261<br/>STEP262<br/>STEP263<br/>STEP264<br/>STEP265<br/>STEP266<br/>STEP267<br/>STEP268<br/>STEP269<br/>STEP270<br/>STEP271<br/>STEP272<br/>STEP273<br/>STEP274<br/>STEP275<br/>STEP276<br/>STEP277<br/>STEP278<br/>STEP279<br/>STEP280<br/>STEP281<br/>STEP282<br/>STEP283<br/>STEP284<br/>STEP285<br/>STEP286<br/>STEP287<br/>STEP288<br/>STEP289<br/>STEP290<br/>STEP291<br/>STEP292</div></td></tr><tr><th>Exception</th></tr><tr><td><div class="stacktrace">org.openqa.selenium.WebDriverException: unknown error: Element &lt;button id=&quot;...&quot; class=&quot;button button&quot; type=&quot;button&quot; data-toggle=&quot;&quot; data-target=&quot;&quot; data-dismiss=&quot;&quot;&gt;Previous&lt;/button&gt; is not clickable at point (781, 465). Other element would receive the click: &lt;div class=&quot;loader_background&quot;&gt;...&lt;/div&gt;
  (Session info: chrome=65.0.3325.181)
  (Driver info: chromedriver=2.36.540470 (e522d04694c7ebea4ba8821272dbef4f9b818c91),platform=Windows NT 6.1.7601 SP1 x86_64) (WARNING: The server did not provide any stacktrace information)
Command duration or timeout: 0 milliseconds
Build info: version: &apos;unknown&apos;, revision: &apos;unknown&apos;, time: &apos;unknown&apos;
System info: host: &apos;P17VM-007&apos;, ip: &apos;192.168.7.112&apos;, os.name: &apos;Windows 7&apos;, os.arch: &apos;amd64&apos;, os.version: &apos;6.1&apos;, java.version: &apos;1.8.0_161&apos;
Driver info: org.openqa.selenium.chrome.ChromeDriver
Capabilities {acceptInsecureCerts: false, acceptSslCerts: false, applicationCacheEnabled: false, browserConnectionEnabled: false, browserName: chrome, chrome: {chromedriverVersion: 2.36.540470 (e522d04694c7eb..., userDataDir: C:\Users\paf1121\AppData\Lo...}, cssSelectorsEnabled: true, databaseEnabled: false, handlesAlerts: true, hasTouchScreen: false, javascriptEnabled: true, locationContextEnabled: true, mobileEmulationEnabled: false, nativeEvents: true, networkConnectionEnabled: false, pageLoadStrategy: normal, platform: XP, platformName: XP, rotatable: false, setWindowRect: true, takesHeapSnapshot: true, takesScreenshot: true, unexpectedAlertBehaviour: , unhandledPromptBehavior: , version: 65.0.3325.181, webStorageEnabled: true}
Session ID: 22a16512ada102752706a2088e61a835
	at org.openqa.selenium.remote.ErrorHandler.createThrowable(ErrorHandler.java:214)
	at org.openqa.selenium.remote.ErrorHandler.throwIfResponseFailed(ErrorHandler.java:166)
	at org.openqa.selenium.remote.http.JsonHttpResponseCodec.reconstructValue(JsonHttpResponseCodec.java:40)
	at org.openqa.selenium.remote.http.AbstractHttpResponseCodec.decode(AbstractHttpResponseCodec.java:80)
	at org.openqa.selenium.remote.http.AbstractHttpResponseCodec.decode(AbstractHttpResponseCodec.java:44)
	at org.openqa.selenium.remote.HttpCommandExecutor.execute(HttpCommandExecutor.java:160)
	at org.openqa.selenium.remote.service.DriverCommandExecutor.execute(DriverCommandExecutor.java:83)
	at org.openqa.selenium.remote.RemoteWebDriver.execute(RemoteWebDriver.java:601)
	at org.openqa.selenium.remote.RemoteWebElement.execute(RemoteWebElement.java:279)
	at org.openqa.selenium.remote.RemoteWebElement.click(RemoteWebElement.java:83)
	at com.fipsar.qa.commands.Manipulation.click(Manipulation.java:72)
	at com.fipsar.qa.util.CommandUtils.executeAction(CommandUtils.java:158)
	at com.fipsar.qa.datadriver.TestCaseRunner.exectuteTestCase(TestCaseRunner.java:79)
	at TestNGClass.launchapp(TestNGClass.java:133)
	at java.util.concurrent.FutureTask.run(Unknown Source)
	at java.util.concurrent.Executors$RunnableAdapter.call(Unknown Source)
	at java.util.concurrent.FutureTask.run(Unknown Source)
	at java.util.concurrent.ThreadPoolExecutor.runWorker(Unknown Source)
	at java.util.concurrent.ThreadPoolExecutor$Worker.run(Unknown Source)
	at java.lang.Thread.run(Unknown Source)
... Removed 13 stack frames</div></td></tr></table><p class="totop"><a href="#summary">back to summary</a></p><h3 id="m4">TestNGClass#launchapp</h3><table class="result"><tr class="param"><th>Parameter #1</th></tr><tr class="param stripe"><td>L_Prov_App_Field_Validation_chrome</td></tr><tr><th>Messages</th></tr><tr><td><div class="messages">STEP1<br/>STEP2<br/>STEP3<br/>STEP4<br/>STEP5<br/>STEP6<br/>STEP7<br/>STEP8<br/>STEP9<br/>STEP10<br/>STEP11<br/>STEP12<br/>STEP13<br/>STEP14<br/>STEP15<br/>STEP16<br/>STEP17<br/>STEP18<br/>STEP19<br/>STEP20<br/>STEP21<br/>STEP22<br/>STEP23<br/>STEP24<br/>STEP25<br/>STEP26<br/>STEP27<br/>STEP28</div></td></tr><tr><th>Exception</th></tr><tr><td><div class="stacktrace">org.openqa.selenium.WebDriverException: unknown error: Element &lt;button id=&quot;clear-by-ssn&quot; class=&quot;button button provider-landing-search-buttons&quot; data-toggle=&quot;&quot; data-target=&quot;&quot; data-dismiss=&quot;&quot;&gt;...&lt;/button&gt; is not clickable at point (1121, 403). Other element would receive the click: &lt;div class=&quot;loader_background&quot;&gt;...&lt;/div&gt;
  (Session info: chrome=65.0.3325.181)
  (Driver info: chromedriver=2.36.540470 (e522d04694c7ebea4ba8821272dbef4f9b818c91),platform=Windows NT 6.1.7601 SP1 x86_64) (WARNING: The server did not provide any stacktrace information)
Command duration or timeout: 0 milliseconds
Build info: version: &apos;unknown&apos;, revision: &apos;unknown&apos;, time: &apos;unknown&apos;
System info: host: &apos;P17VM-007&apos;, ip: &apos;192.168.7.112&apos;, os.name: &apos;Windows 7&apos;, os.arch: &apos;amd64&apos;, os.version: &apos;6.1&apos;, java.version: &apos;1.8.0_161&apos;
Driver info: org.openqa.selenium.chrome.ChromeDriver
Capabilities {acceptInsecureCerts: false, acceptSslCerts: false, applicationCacheEnabled: false, browserConnectionEnabled: false, browserName: chrome, chrome: {chromedriverVersion: 2.36.540470 (e522d04694c7eb..., userDataDir: C:\Users\paf1121\AppData\Lo...}, cssSelectorsEnabled: true, databaseEnabled: false, handlesAlerts: true, hasTouchScreen: false, javascriptEnabled: true, locationContextEnabled: true, mobileEmulationEnabled: false, nativeEvents: true, networkConnectionEnabled: false, pageLoadStrategy: normal, platform: XP, platformName: XP, rotatable: false, setWindowRect: true, takesHeapSnapshot: true, takesScreenshot: true, unexpectedAlertBehaviour: , unhandledPromptBehavior: , version: 65.0.3325.181, webStorageEnabled: true}
Session ID: 7665ea10a933970c389ae3c8b76d025c
	at org.openqa.selenium.remote.ErrorHandler.createThrowable(ErrorHandler.java:214)
	at org.openqa.selenium.remote.ErrorHandler.throwIfResponseFailed(ErrorHandler.java:166)
	at org.openqa.selenium.remote.http.JsonHttpResponseCodec.reconstructValue(JsonHttpResponseCodec.java:40)
	at org.openqa.selenium.remote.http.AbstractHttpResponseCodec.decode(AbstractHttpResponseCodec.java:80)
	at org.openqa.selenium.remote.http.AbstractHttpResponseCodec.decode(AbstractHttpResponseCodec.java:44)
	at org.openqa.selenium.remote.HttpCommandExecutor.execute(HttpCommandExecutor.java:160)
	at org.openqa.selenium.remote.service.DriverCommandExecutor.execute(DriverCommandExecutor.java:83)
	at org.openqa.selenium.remote.RemoteWebDriver.execute(RemoteWebDriver.java:601)
	at org.openqa.selenium.remote.RemoteWebElement.execute(RemoteWebElement.java:279)
	at org.openqa.selenium.remote.RemoteWebElement.click(RemoteWebElement.java:83)
	at com.fipsar.qa.commands.Manipulation.click(Manipulation.java:72)
	at com.fipsar.qa.util.CommandUtils.executeAction(CommandUtils.java:158)
	at com.fipsar.qa.datadriver.TestCaseRunner.exectuteTestCase(TestCaseRunner.java:79)
	at TestNGClass.launchapp(TestNGClass.java:133)
	at java.util.concurrent.FutureTask.run(Unknown Source)
	at java.util.concurrent.Executors$RunnableAdapter.call(Unknown Source)
	at java.util.concurrent.FutureTask.run(Unknown Source)
	at java.util.concurrent.ThreadPoolExecutor.runWorker(Unknown Source)
	at java.util.concurrent.ThreadPoolExecutor$Worker.run(Unknown Source)
	at java.lang.Thread.run(Unknown Source)
... Removed 13 stack frames</div></td></tr></table><p class="totop"><a href="#summary">back to summary</a></p><h3 id="m5">TestNGClass#launchapp</h3><table class="result"><tr class="param"><th>Parameter #1</th></tr><tr class="param stripe"><td>L_Prov_Patient_App_Create__DCase_Positive_chrome</td></tr><tr><th>Messages</th></tr><tr><td><div class="messages">STEP95<br/>STEP96<br/>STEP97<br/>STEP98<br/>STEP99<br/>STEP100</div></td></tr><tr><th>Exception</th></tr><tr><td><div class="stacktrace">java.lang.NullPointerException
	at com.fipsar.qa.commands.Manipulation.dynamicAlphabetic(Manipulation.java:731)
	at com.fipsar.qa.util.CommandUtils.executeAction(CommandUtils.java:245)
	at com.fipsar.qa.datadriver.TestCaseRunner.exectuteTestCase(TestCaseRunner.java:79)
	at TestNGClass.launchapp(TestNGClass.java:133)
	at java.util.concurrent.FutureTask.run(Unknown Source)
	at java.util.concurrent.Executors$RunnableAdapter.call(Unknown Source)
	at java.util.concurrent.FutureTask.run(Unknown Source)
	at java.util.concurrent.ThreadPoolExecutor.runWorker(Unknown Source)
	at java.util.concurrent.ThreadPoolExecutor$Worker.run(Unknown Source)
	at java.lang.Thread.run(Unknown Source)
... Removed 9 stack frames</div></td></tr></table><p class="totop"><a href="#summary">back to summary</a></p><h3 id="m6">TestNGClass#launchapp</h3><table class="result"><tr class="param"><th>Parameter #1</th></tr><tr class="param stripe"><td>L_Prov_Patient_App_Create__Denied_chrome</td></tr><tr><th>Messages</th></tr><tr><td><div class="messages">STEP149<br/>STEP150<br/>STEP151<br/>STEP152<br/>STEP153<br/>STEP154<br/>STEP155<br/>STEP156<br/>STEP157<br/>STEP158<br/>STEP159<br/>STEP160<br/>STEP161<br/>STEP162<br/>STEP163<br/>STEP164<br/>STEP165<br/>STEP166<br/>STEP167<br/>STEP168<br/>STEP169<br/>STEP170<br/>STEP171<br/>STEP172<br/>STEP173<br/>STEP174<br/>STEP175<br/>STEP176<br/>STEP177<br/>STEP178<br/>STEP179<br/>STEP180<br/>STEP181<br/>STEP182<br/>STEP183<br/>STEP184<br/>STEP185<br/>STEP186<br/>STEP187<br/>STEP188<br/>STEP189<br/>STEP190<br/>STEP191<br/>STEP192<br/>STEP193<br/>STEP194<br/>STEP195<br/>STEP196</div></td></tr><tr><th>Exception</th></tr><tr><td><div class="stacktrace">org.openqa.selenium.WebDriverException: unknown error: Element &lt;label for=&quot;0&quot; class=&quot;btn btn-default&quot;&gt;...&lt;/label&gt; is not clickable at point (1253, 388). Other element would receive the click: &lt;div class=&quot;loader_background&quot;&gt;...&lt;/div&gt;
  (Session info: chrome=65.0.3325.181)
  (Driver info: chromedriver=2.36.540470 (e522d04694c7ebea4ba8821272dbef4f9b818c91),platform=Windows NT 6.1.7601 SP1 x86_64) (WARNING: The server did not provide any stacktrace information)
Command duration or timeout: 0 milliseconds
Build info: version: &apos;unknown&apos;, revision: &apos;unknown&apos;, time: &apos;unknown&apos;
System info: host: &apos;P17VM-007&apos;, ip: &apos;192.168.7.112&apos;, os.name: &apos;Windows 7&apos;, os.arch: &apos;amd64&apos;, os.version: &apos;6.1&apos;, java.version: &apos;1.8.0_161&apos;
Driver info: org.openqa.selenium.chrome.ChromeDriver
Capabilities {acceptInsecureCerts: false, acceptSslCerts: false, applicationCacheEnabled: false, browserConnectionEnabled: false, browserName: chrome, chrome: {chromedriverVersion: 2.36.540470 (e522d04694c7eb..., userDataDir: C:\Users\paf1121\AppData\Lo...}, cssSelectorsEnabled: true, databaseEnabled: false, handlesAlerts: true, hasTouchScreen: false, javascriptEnabled: true, locationContextEnabled: true, mobileEmulationEnabled: false, nativeEvents: true, networkConnectionEnabled: false, pageLoadStrategy: normal, platform: XP, platformName: XP, rotatable: false, setWindowRect: true, takesHeapSnapshot: true, takesScreenshot: true, unexpectedAlertBehaviour: , unhandledPromptBehavior: , version: 65.0.3325.181, webStorageEnabled: true}
Session ID: debc7004fc6dcc223bdea4104aa9ab1d
	at org.openqa.selenium.remote.ErrorHandler.createThrowable(ErrorHandler.java:214)
	at org.openqa.selenium.remote.ErrorHandler.throwIfResponseFailed(ErrorHandler.java:166)
	at org.openqa.selenium.remote.http.JsonHttpResponseCodec.reconstructValue(JsonHttpResponseCodec.java:40)
	at org.openqa.selenium.remote.http.AbstractHttpResponseCodec.decode(AbstractHttpResponseCodec.java:80)
	at org.openqa.selenium.remote.http.AbstractHttpResponseCodec.decode(AbstractHttpResponseCodec.java:44)
	at org.openqa.selenium.remote.HttpCommandExecutor.execute(HttpCommandExecutor.java:160)
	at org.openqa.selenium.remote.service.DriverCommandExecutor.execute(DriverCommandExecutor.java:83)
	at org.openqa.selenium.remote.RemoteWebDriver.execute(RemoteWebDriver.java:601)
	at org.openqa.selenium.remote.RemoteWebElement.execute(RemoteWebElement.java:279)
	at org.openqa.selenium.remote.RemoteWebElement.click(RemoteWebElement.java:83)
	at com.fipsar.qa.commands.Manipulation.click(Manipulation.java:72)
	at com.fipsar.qa.util.CommandUtils.executeAction(CommandUtils.java:158)
	at com.fipsar.qa.datadriver.TestCaseRunner.exectuteTestCase(TestCaseRunner.java:79)
	at TestNGClass.launchapp(TestNGClass.java:133)
	at java.util.concurrent.FutureTask.run(Unknown Source)
	at java.util.concurrent.Executors$RunnableAdapter.call(Unknown Source)
	at java.util.concurrent.FutureTask.run(Unknown Source)
	at java.util.concurrent.ThreadPoolExecutor.runWorker(Unknown Source)
	at java.util.concurrent.ThreadPoolExecutor$Worker.run(Unknown Source)
	at java.lang.Thread.run(Unknown Source)
... Removed 13 stack frames</div></td></tr></table><p class="totop"><a href="#summary">back to summary</a></p><h3 id="m7">TestNGClass#launchapp</h3><table class="result"><tr class="param"><th>Parameter #1</th></tr><tr class="param stripe"><td>L_Prov_Patient_App_ViewIncomplete_chrome</td></tr><tr><th>Messages</th></tr><tr><td><div class="messages">STEP293<br/>STEP294<br/>STEP295<br/>STEP296<br/>STEP297<br/>STEP298<br/>STEP299<br/>STEP300<br/>STEP301<br/>STEP302<br/>STEP303<br/>STEP304<br/>STEP305<br/>STEP306<br/>STEP307<br/>STEP308<br/>STEP309<br/>STEP310<br/>STEP311<br/>STEP312<br/>STEP313<br/>STEP314<br/>STEP315<br/>STEP316<br/>STEP317<br/>STEP318<br/>STEP319<br/>STEP320<br/>STEP321<br/>STEP322<br/>STEP323<br/>STEP324<br/>STEP325<br/>STEP326<br/>STEP327<br/>STEP328<br/>STEP329<br/>STEP330<br/>STEP331<br/>STEP332<br/>STEP333<br/>STEP334<br/>STEP335<br/>STEP336<br/>STEP337<br/>STEP338<br/>STEP339<br/>STEP340<br/>STEP341<br/>STEP342<br/>STEP343<br/>STEP344<br/>STEP345<br/>STEP346<br/>STEP347</div></td></tr><tr><th>Exception</th></tr><tr><td><div class="stacktrace">org.openqa.selenium.WebDriverException: unknown error: Element &lt;button id=&quot;...&quot; class=&quot;button button margin-right-5 margin-left-5&quot; type=&quot;button&quot; data-toggle=&quot;&quot; data-target=&quot;&quot; data-dismiss=&quot;&quot;&gt;Next&lt;/button&gt; is not clickable at point (830, 961). Other element would receive the click: &lt;div class=&quot;loader_background&quot;&gt;...&lt;/div&gt;
  (Session info: chrome=65.0.3325.181)
  (Driver info: chromedriver=2.36.540470 (e522d04694c7ebea4ba8821272dbef4f9b818c91),platform=Windows NT 6.1.7601 SP1 x86_64) (WARNING: The server did not provide any stacktrace information)
Command duration or timeout: 0 milliseconds
Build info: version: &apos;unknown&apos;, revision: &apos;unknown&apos;, time: &apos;unknown&apos;
System info: host: &apos;P17VM-007&apos;, ip: &apos;192.168.7.112&apos;, os.name: &apos;Windows 7&apos;, os.arch: &apos;amd64&apos;, os.version: &apos;6.1&apos;, java.version: &apos;1.8.0_161&apos;
Driver info: org.openqa.selenium.chrome.ChromeDriver
Capabilities {acceptInsecureCerts: false, acceptSslCerts: false, applicationCacheEnabled: false, browserConnectionEnabled: false, browserName: chrome, chrome: {chromedriverVersion: 2.36.540470 (e522d04694c7eb..., userDataDir: C:\Users\paf1121\AppData\Lo...}, cssSelectorsEnabled: true, databaseEnabled: false, handlesAlerts: true, hasTouchScreen: false, javascriptEnabled: true, locationContextEnabled: true, mobileEmulationEnabled: false, nativeEvents: true, networkConnectionEnabled: false, pageLoadStrategy: normal, platform: XP, platformName: XP, rotatable: false, setWindowRect: true, takesHeapSnapshot: true, takesScreenshot: true, unexpectedAlertBehaviour: , unhandledPromptBehavior: , version: 65.0.3325.181, webStorageEnabled: true}
Session ID: d8e2eeca0432a9912e000b6748a7987a
	at org.openqa.selenium.remote.ErrorHandler.createThrowable(ErrorHandler.java:214)
	at org.openqa.selenium.remote.ErrorHandler.throwIfResponseFailed(ErrorHandler.java:166)
	at org.openqa.selenium.remote.http.JsonHttpResponseCodec.reconstructValue(JsonHttpResponseCodec.java:40)
	at org.openqa.selenium.remote.http.AbstractHttpResponseCodec.decode(AbstractHttpResponseCodec.java:80)
	at org.openqa.selenium.remote.http.AbstractHttpResponseCodec.decode(AbstractHttpResponseCodec.java:44)
	at org.openqa.selenium.remote.HttpCommandExecutor.execute(HttpCommandExecutor.java:160)
	at org.openqa.selenium.remote.service.DriverCommandExecutor.execute(DriverCommandExecutor.java:83)
	at org.openqa.selenium.remote.RemoteWebDriver.execute(RemoteWebDriver.java:601)
	at org.openqa.selenium.remote.RemoteWebElement.execute(RemoteWebElement.java:279)
	at org.openqa.selenium.remote.RemoteWebElement.click(RemoteWebElement.java:83)
	at com.fipsar.qa.commands.Manipulation.click(Manipulation.java:72)
	at com.fipsar.qa.util.CommandUtils.executeAction(CommandUtils.java:158)
	at com.fipsar.qa.datadriver.TestCaseRunner.exectuteTestCase(TestCaseRunner.java:79)
	at TestNGClass.launchapp(TestNGClass.java:133)
	at java.util.concurrent.FutureTask.run(Unknown Source)
	at java.util.concurrent.Executors$RunnableAdapter.call(Unknown Source)
	at java.util.concurrent.FutureTask.run(Unknown Source)
	at java.util.concurrent.ThreadPoolExecutor.runWorker(Unknown Source)
	at java.util.concurrent.ThreadPoolExecutor$Worker.run(Unknown Source)
	at java.lang.Thread.run(Unknown Source)
... Removed 13 stack frames</div></td></tr></table><p class="totop"><a href="#summary">back to summary</a></p><h3 id="m8">TestNGClass#launchapp</h3><table class="result"><tr class="param"><th>Parameter #1</th></tr><tr class="param stripe"><td>L_Prov_Patient_App_Create__DCase_ViewAppDetails_chrome</td></tr><tr><th>Messages</th></tr><tr><td><div class="messages">STEP101<br/>STEP102<br/>STEP103<br/>STEP104<br/>STEP105<br/>STEP106<br/>STEP107<br/>STEP108<br/>STEP109<br/>STEP110<br/>STEP111<br/>STEP112<br/>STEP113<br/>STEP114<br/>STEP115<br/>STEP116<br/>STEP117<br/>STEP118<br/>STEP119<br/>STEP120<br/>STEP121<br/>STEP122<br/>STEP123<br/>STEP124<br/>STEP125<br/>STEP126<br/>STEP127<br/>STEP128<br/>STEP129<br/>STEP130<br/>STEP131<br/>STEP132<br/>STEP133<br/>STEP134<br/>STEP135<br/>STEP136<br/>STEP137<br/>STEP138<br/>STEP139<br/>STEP140<br/>STEP141<br/>STEP142<br/>STEP143<br/>STEP144<br/>STEP145<br/>STEP146<br/>STEP147<br/>STEP148</div></td></tr><tr><th>Exception</th></tr><tr><td><div class="stacktrace">org.openqa.selenium.WebDriverException: unknown error: Element &lt;label for=&quot;0&quot; class=&quot;btn btn-default&quot;&gt;...&lt;/label&gt; is not clickable at point (1253, 388). Other element would receive the click: &lt;div class=&quot;loader_background&quot;&gt;...&lt;/div&gt;
  (Session info: chrome=65.0.3325.181)
  (Driver info: chromedriver=2.36.540470 (e522d04694c7ebea4ba8821272dbef4f9b818c91),platform=Windows NT 6.1.7601 SP1 x86_64) (WARNING: The server did not provide any stacktrace information)
Command duration or timeout: 0 milliseconds
Build info: version: &apos;unknown&apos;, revision: &apos;unknown&apos;, time: &apos;unknown&apos;
System info: host: &apos;P17VM-007&apos;, ip: &apos;192.168.7.112&apos;, os.name: &apos;Windows 7&apos;, os.arch: &apos;amd64&apos;, os.version: &apos;6.1&apos;, java.version: &apos;1.8.0_161&apos;
Driver info: org.openqa.selenium.chrome.ChromeDriver
Capabilities {acceptInsecureCerts: false, acceptSslCerts: false, applicationCacheEnabled: false, browserConnectionEnabled: false, browserName: chrome, chrome: {chromedriverVersion: 2.36.540470 (e522d04694c7eb..., userDataDir: C:\Users\paf1121\AppData\Lo...}, cssSelectorsEnabled: true, databaseEnabled: false, handlesAlerts: true, hasTouchScreen: false, javascriptEnabled: true, locationContextEnabled: true, mobileEmulationEnabled: false, nativeEvents: true, networkConnectionEnabled: false, pageLoadStrategy: normal, platform: XP, platformName: XP, rotatable: false, setWindowRect: true, takesHeapSnapshot: true, takesScreenshot: true, unexpectedAlertBehaviour: , unhandledPromptBehavior: , version: 65.0.3325.181, webStorageEnabled: true}
Session ID: 8b941793b8d76545ba53fe09fe70e2dd
	at org.openqa.selenium.remote.ErrorHandler.createThrowable(ErrorHandler.java:214)
	at org.openqa.selenium.remote.ErrorHandler.throwIfResponseFailed(ErrorHandler.java:166)
	at org.openqa.selenium.remote.http.JsonHttpResponseCodec.reconstructValue(JsonHttpResponseCodec.java:40)
	at org.openqa.selenium.remote.http.AbstractHttpResponseCodec.decode(AbstractHttpResponseCodec.java:80)
	at org.openqa.selenium.remote.http.AbstractHttpResponseCodec.decode(AbstractHttpResponseCodec.java:44)
	at org.openqa.selenium.remote.HttpCommandExecutor.execute(HttpCommandExecutor.java:160)
	at org.openqa.selenium.remote.service.DriverCommandExecutor.execute(DriverCommandExecutor.java:83)
	at org.openqa.selenium.remote.RemoteWebDriver.execute(RemoteWebDriver.java:601)
	at org.openqa.selenium.remote.RemoteWebElement.execute(RemoteWebElement.java:279)
	at org.openqa.selenium.remote.RemoteWebElement.click(RemoteWebElement.java:83)
	at com.fipsar.qa.commands.Manipulation.click(Manipulation.java:72)
	at com.fipsar.qa.util.CommandUtils.executeAction(CommandUtils.java:158)
	at com.fipsar.qa.datadriver.TestCaseRunner.exectuteTestCase(TestCaseRunner.java:79)
	at TestNGClass.launchapp(TestNGClass.java:133)
	at java.util.concurrent.FutureTask.run(Unknown Source)
	at java.util.concurrent.Executors$RunnableAdapter.call(Unknown Source)
	at java.util.concurrent.FutureTask.run(Unknown Source)
	at java.util.concurrent.ThreadPoolExecutor.runWorker(Unknown Source)
	at java.util.concurrent.ThreadPoolExecutor$Worker.run(Unknown Source)
	at java.lang.Thread.run(Unknown Source)
... Removed 13 stack frames</div></td></tr></table><p class="totop"><a href="#summary">back to summary</a></p><h3 id="m9">TestNGClass#launchapp</h3><table class="result"><tr class="param"><th>Parameter #1</th></tr><tr class="param stripe"><td>L_Prov_Remitter_To_chrome</td></tr><tr><th>Messages</th></tr><tr><td><div class="messages">STEP389<br/>STEP390<br/>STEP391<br/>STEP392<br/>STEP393<br/>STEP394<br/>STEP395<br/>STEP396<br/>STEP397<br/>STEP398</div></td></tr><tr><th>Exception</th></tr><tr><td><div class="stacktrace">org.openqa.selenium.WebDriverException: unknown error: Element &lt;button id=&quot;&quot; class=&quot;button&quot; type=&quot;submit&quot; data-toggle=&quot;&quot; data-target=&quot;&quot; data-dismiss=&quot;&quot;&gt;...&lt;/button&gt; is not clickable at point (928, 502). Other element would receive the click: &lt;img class=&quot;loader_position&quot; src=&quot;/images/pageload.gif&quot;&gt;
  (Session info: chrome=65.0.3325.181)
  (Driver info: chromedriver=2.36.540470 (e522d04694c7ebea4ba8821272dbef4f9b818c91),platform=Windows NT 6.1.7601 SP1 x86_64) (WARNING: The server did not provide any stacktrace information)
Command duration or timeout: 0 milliseconds
Build info: version: &apos;unknown&apos;, revision: &apos;unknown&apos;, time: &apos;unknown&apos;
System info: host: &apos;P17VM-007&apos;, ip: &apos;192.168.7.112&apos;, os.name: &apos;Windows 7&apos;, os.arch: &apos;amd64&apos;, os.version: &apos;6.1&apos;, java.version: &apos;1.8.0_161&apos;
Driver info: org.openqa.selenium.chrome.ChromeDriver
Capabilities {acceptInsecureCerts: false, acceptSslCerts: false, applicationCacheEnabled: false, browserConnectionEnabled: false, browserName: chrome, chrome: {chromedriverVersion: 2.36.540470 (e522d04694c7eb..., userDataDir: C:\Users\paf1121\AppData\Lo...}, cssSelectorsEnabled: true, databaseEnabled: false, handlesAlerts: true, hasTouchScreen: false, javascriptEnabled: true, locationContextEnabled: true, mobileEmulationEnabled: false, nativeEvents: true, networkConnectionEnabled: false, pageLoadStrategy: normal, platform: XP, platformName: XP, rotatable: false, setWindowRect: true, takesHeapSnapshot: true, takesScreenshot: true, unexpectedAlertBehaviour: , unhandledPromptBehavior: , version: 65.0.3325.181, webStorageEnabled: true}
Session ID: 6583d257396348e97509cacf5db866e1
	at org.openqa.selenium.remote.ErrorHandler.createThrowable(ErrorHandler.java:214)
	at org.openqa.selenium.remote.ErrorHandler.throwIfResponseFailed(ErrorHandler.java:166)
	at org.openqa.selenium.remote.http.JsonHttpResponseCodec.reconstructValue(JsonHttpResponseCodec.java:40)
	at org.openqa.selenium.remote.http.AbstractHttpResponseCodec.decode(AbstractHttpResponseCodec.java:80)
	at org.openqa.selenium.remote.http.AbstractHttpResponseCodec.decode(AbstractHttpResponseCodec.java:44)
	at org.openqa.selenium.remote.HttpCommandExecutor.execute(HttpCommandExecutor.java:160)
	at org.openqa.selenium.remote.service.DriverCommandExecutor.execute(DriverCommandExecutor.java:83)
	at org.openqa.selenium.remote.RemoteWebDriver.execute(RemoteWebDriver.java:601)
	at org.openqa.selenium.remote.RemoteWebElement.execute(RemoteWebElement.java:279)
	at org.openqa.selenium.remote.RemoteWebElement.click(RemoteWebElement.java:83)
	at com.fipsar.qa.commands.Manipulation.click(Manipulation.java:72)
	at com.fipsar.qa.util.CommandUtils.executeAction(CommandUtils.java:158)
	at com.fipsar.qa.datadriver.TestCaseRunner.exectuteTestCase(TestCaseRunner.java:79)
	at TestNGClass.launchapp(TestNGClass.java:133)
	at java.util.concurrent.FutureTask.run(Unknown Source)
	at java.util.concurrent.Executors$RunnableAdapter.call(Unknown Source)
	at java.util.concurrent.FutureTask.run(Unknown Source)
	at java.util.concurrent.ThreadPoolExecutor.runWorker(Unknown Source)
	at java.util.concurrent.ThreadPoolExecutor$Worker.run(Unknown Source)
	at java.lang.Thread.run(Unknown Source)
... Removed 13 stack frames</div></td></tr></table><p class="totop"><a href="#summary">back to summary</a></p><h3 id="m10">TestNGClass#launchapp</h3><table class="result"><tr class="param"><th>Parameter #1</th></tr><tr class="param stripe"><td>L_Prov_Patient_App_Create__App_Cancel_Preview_chrome</td></tr><tr><th>Messages</th></tr><tr><td><div class="messages">STEP47<br/>STEP48<br/>STEP49<br/>STEP50<br/>STEP51<br/>STEP52<br/>STEP53<br/>STEP54<br/>STEP55<br/>STEP56<br/>STEP57<br/>STEP58<br/>STEP59<br/>STEP60<br/>STEP61<br/>STEP62<br/>STEP63<br/>STEP64<br/>STEP65<br/>STEP66<br/>STEP67<br/>STEP68<br/>STEP69<br/>STEP70<br/>STEP71<br/>STEP72<br/>STEP73<br/>STEP74<br/>STEP75<br/>STEP76<br/>STEP77<br/>STEP78<br/>STEP79<br/>STEP80<br/>STEP81<br/>STEP82<br/>STEP83<br/>STEP84<br/>STEP85<br/>STEP86<br/>STEP87<br/>STEP88<br/>STEP89<br/>STEP90<br/>STEP91<br/>STEP92<br/>STEP93<br/>STEP94</div></td></tr><tr><th>Exception</th></tr><tr><td><div class="stacktrace">org.openqa.selenium.WebDriverException: unknown error: Element &lt;label for=&quot;0&quot; class=&quot;btn btn-default&quot;&gt;...&lt;/label&gt; is not clickable at point (1253, 388). Other element would receive the click: &lt;div class=&quot;loader_background&quot;&gt;...&lt;/div&gt;
  (Session info: chrome=65.0.3325.181)
  (Driver info: chromedriver=2.36.540470 (e522d04694c7ebea4ba8821272dbef4f9b818c91),platform=Windows NT 6.1.7601 SP1 x86_64) (WARNING: The server did not provide any stacktrace information)
Command duration or timeout: 0 milliseconds
Build info: version: &apos;unknown&apos;, revision: &apos;unknown&apos;, time: &apos;unknown&apos;
System info: host: &apos;P17VM-007&apos;, ip: &apos;192.168.7.112&apos;, os.name: &apos;Windows 7&apos;, os.arch: &apos;amd64&apos;, os.version: &apos;6.1&apos;, java.version: &apos;1.8.0_161&apos;
Driver info: org.openqa.selenium.chrome.ChromeDriver
Capabilities {acceptInsecureCerts: false, acceptSslCerts: false, applicationCacheEnabled: false, browserConnectionEnabled: false, browserName: chrome, chrome: {chromedriverVersion: 2.36.540470 (e522d04694c7eb..., userDataDir: C:\Users\paf1121\AppData\Lo...}, cssSelectorsEnabled: true, databaseEnabled: false, handlesAlerts: true, hasTouchScreen: false, javascriptEnabled: true, locationContextEnabled: true, mobileEmulationEnabled: false, nativeEvents: true, networkConnectionEnabled: false, pageLoadStrategy: normal, platform: XP, platformName: XP, rotatable: false, setWindowRect: true, takesHeapSnapshot: true, takesScreenshot: true, unexpectedAlertBehaviour: , unhandledPromptBehavior: , version: 65.0.3325.181, webStorageEnabled: true}
Session ID: c5bc602b5515d087216922bd142dc2a0
	at org.openqa.selenium.remote.ErrorHandler.createThrowable(ErrorHandler.java:214)
	at org.openqa.selenium.remote.ErrorHandler.throwIfResponseFailed(ErrorHandler.java:166)
	at org.openqa.selenium.remote.http.JsonHttpResponseCodec.reconstructValue(JsonHttpResponseCodec.java:40)
	at org.openqa.selenium.remote.http.AbstractHttpResponseCodec.decode(AbstractHttpResponseCodec.java:80)
	at org.openqa.selenium.remote.http.AbstractHttpResponseCodec.decode(AbstractHttpResponseCodec.java:44)
	at org.openqa.selenium.remote.HttpCommandExecutor.execute(HttpCommandExecutor.java:160)
	at org.openqa.selenium.remote.service.DriverCommandExecutor.execute(DriverCommandExecutor.java:83)
	at org.openqa.selenium.remote.RemoteWebDriver.execute(RemoteWebDriver.java:601)
	at org.openqa.selenium.remote.RemoteWebElement.execute(RemoteWebElement.java:279)
	at org.openqa.selenium.remote.RemoteWebElement.click(RemoteWebElement.java:83)
	at com.fipsar.qa.commands.Manipulation.click(Manipulation.java:72)
	at com.fipsar.qa.util.CommandUtils.executeAction(CommandUtils.java:158)
	at com.fipsar.qa.datadriver.TestCaseRunner.exectuteTestCase(TestCaseRunner.java:79)
	at TestNGClass.launchapp(TestNGClass.java:133)
	at java.util.concurrent.FutureTask.run(Unknown Source)
	at java.util.concurrent.Executors$RunnableAdapter.call(Unknown Source)
	at java.util.concurrent.FutureTask.run(Unknown Source)
	at java.util.concurrent.ThreadPoolExecutor.runWorker(Unknown Source)
	at java.util.concurrent.ThreadPoolExecutor$Worker.run(Unknown Source)
	at java.lang.Thread.run(Unknown Source)
... Removed 13 stack frames</div></td></tr></table><p class="totop"><a href="#summary">back to summary</a></p><h3 id="m11">TestNGClass#launchapp</h3><table class="result"><tr class="param"><th>Parameter #1</th></tr><tr class="param stripe"><td>L_Prov_Pcase_Mandatory_ErrorMessage_chrome</td></tr><tr><th>Messages</th></tr><tr><td><div class="messages">STEP348<br/>STEP349<br/>STEP350<br/>STEP351<br/>STEP352<br/>STEP353<br/>STEP354<br/>STEP355<br/>STEP356<br/>STEP357<br/>STEP358<br/>STEP359<br/>STEP360<br/>STEP361<br/>STEP362<br/>STEP363<br/>STEP364<br/>STEP365<br/>STEP366<br/>STEP367<br/>STEP368<br/>STEP369<br/>STEP370<br/>STEP371<br/>STEP372<br/>STEP373<br/>STEP374<br/>STEP375<br/>STEP376<br/>STEP377<br/>STEP378<br/>STEP379<br/>STEP380<br/>STEP381<br/>STEP382<br/>STEP383<br/>STEP384<br/>STEP385<br/>STEP386<br/>STEP387<br/>STEP388</div></td></tr></table><p class="totop"><a href="#summary">back to summary</a></p></body></html>