<!DOCTYPE html>

<html>
  <head>
  <meta charset='utf-8'>
  <title>TestNG reports</title>

    <link type="text/css" href="testng-reports.css" rel="stylesheet" />
    <script type="text/javascript" src="jquery-1.7.1.min.js"></script>
    <script type="text/javascript" src="testng-reports.js"></script>
    <script type="text/javascript" src="https://www.google.com/jsapi"></script>
    <script type='text/javascript'>
      google.load('visualization', '1', {packages:['table']});
      google.setOnLoadCallback(drawTable);
      var suiteTableInitFunctions = new Array();
      var suiteTableData = new Array();
    </script>
    <!--
      <script type="text/javascript" src="jquery-ui/js/jquery-ui-1.8.16.custom.min.js"></script>
     -->
  </head>

  <body>
    <div class="top-banner-root">
      <span class="top-banner-title-font">Test results</span>
      <br/>
      <span class="top-banner-font-1">1 suite, 11 failed tests</span>
    </div> <!-- top-banner-root -->
    <div class="navigator-root">
      <div class="navigator-suite-header">
        <span>All suites</span>
        <a href="#" class="collapse-all-link" title="Collapse/expand all the suites">
          <img class="collapse-all-icon" src="collapseall.gif">
          </img> <!-- collapse-all-icon -->
        </a> <!-- collapse-all-link -->
      </div> <!-- navigator-suite-header -->
      <div class="suite">
        <div class="rounded-window">
          <div class="suite-header light-rounded-window-top">
            <a href="#" class="navigator-link" panel-name="suite-Fipsar_QA">
              <span class="suite-name border-failed">Fipsar QA</span>
            </a> <!-- navigator-link -->
          </div> <!-- suite-header light-rounded-window-top -->
          <div class="navigator-suite-content">
            <div class="suite-section-title">
              <span>Info</span>
            </div> <!-- suite-section-title -->
            <div class="suite-section-content">
              <ul>
                <li>
                  <a href="#" class="navigator-link " panel-name="test-xml-Fipsar_QA">
                    <span>[unset file name]</span>
                  </a> <!-- navigator-link  -->
                </li>
                <li>
                  <a href="#" class="navigator-link " panel-name="testlist-Fipsar_QA">
                    <span class="test-stats">1 test</span>
                  </a> <!-- navigator-link  -->
                </li>
                <li>
                  <a href="#" class="navigator-link " panel-name="group-Fipsar_QA">
                    <span>0 groups</span>
                  </a> <!-- navigator-link  -->
                </li>
                <li>
                  <a href="#" class="navigator-link " panel-name="times-Fipsar_QA">
                    <span>Times</span>
                  </a> <!-- navigator-link  -->
                </li>
                <li>
                  <a href="#" class="navigator-link " panel-name="reporter-Fipsar_QA">
                    <span>Reporter output</span>
                  </a> <!-- navigator-link  -->
                </li>
                <li>
                  <a href="#" class="navigator-link " panel-name="ignored-methods-Fipsar_QA">
                    <span>Ignored methods</span>
                  </a> <!-- navigator-link  -->
                </li>
                <li>
                  <a href="#" class="navigator-link " panel-name="chronological-Fipsar_QA">
                    <span>Chronological view</span>
                  </a> <!-- navigator-link  -->
                </li>
              </ul>
            </div> <!-- suite-section-content -->
            <div class="result-section">
              <div class="suite-section-title">
                <span>Results</span>
              </div> <!-- suite-section-title -->
              <div class="suite-section-content">
                <ul>
                  <li>
                    <span class="method-stats">12 methods, 11 failed,   1 passed</span>
                  </li>
                  <li>
                    <span class="method-list-title failed">Failed methods</span>
                    <span class="show-or-hide-methods failed">
                      <a href="#" panel-name="suite-Fipsar_QA" class="hide-methods failed suite-Fipsar_QA"> (hide)</a> <!-- hide-methods failed suite-Fipsar_QA -->
                      <a href="#" panel-name="suite-Fipsar_QA" class="show-methods failed suite-Fipsar_QA"> (show)</a> <!-- show-methods failed suite-Fipsar_QA -->
                    </span>
                    <div class="method-list-content failed suite-Fipsar_QA">
                      <span>
                        <img width="3%" src="failed.png"/>
                        <a href="#" class="method navigator-link" panel-name="suite-Fipsar_QA" title="TestNGClass" hash-for-method="launchapp(L_Prov_Mandatory_ErrorMessage_Validation_chrome)">launchapp(L_Prov_Mandatory_ErrorMessage_Validation_chrome)</a> <!-- method navigator-link -->
                      </span>
                      <br/>
                      <span>
                        <img width="3%" src="failed.png"/>
                        <a href="#" class="method navigator-link" panel-name="suite-Fipsar_QA" title="TestNGClass" hash-for-method="launchapp(L_Prov_Patient_App_Create__Provider_chrome)">launchapp(L_Prov_Patient_App_Create__Provider_chrome)</a> <!-- method navigator-link -->
                      </span>
                      <br/>
                      <span>
                        <img width="3%" src="failed.png"/>
                        <a href="#" class="method navigator-link" panel-name="suite-Fipsar_QA" title="TestNGClass" hash-for-method="launchapp(L_Prov_Patient_App_Create_PCase_Positive_chrome)">launchapp(L_Prov_Patient_App_Create_PCase_Positive_chrome)</a> <!-- method navigator-link -->
                      </span>
                      <br/>
                      <span>
                        <img width="3%" src="failed.png"/>
                        <a href="#" class="method navigator-link" panel-name="suite-Fipsar_QA" title="TestNGClass" hash-for-method="launchapp(L_Prov_Patient_App_Save_Back_Front_Navi_chrome)">launchapp(L_Prov_Patient_App_Save_Back_Front_Navi_chrome)</a> <!-- method navigator-link -->
                      </span>
                      <br/>
                      <span>
                        <img width="3%" src="failed.png"/>
                        <a href="#" class="method navigator-link" panel-name="suite-Fipsar_QA" title="TestNGClass" hash-for-method="launchapp(L_Prov_App_Field_Validation_chrome)">launchapp(L_Prov_App_Field_Validation_chrome)</a> <!-- method navigator-link -->
                      </span>
                      <br/>
                      <span>
                        <img width="3%" src="failed.png"/>
                        <a href="#" class="method navigator-link" panel-name="suite-Fipsar_QA" title="TestNGClass" hash-for-method="launchapp(L_Prov_Patient_App_Create__DCase_Positive_chrome)">launchapp(L_Prov_Patient_App_Create__DCase_Positive_chrome)</a> <!-- method navigator-link -->
                      </span>
                      <br/>
                      <span>
                        <img width="3%" src="failed.png"/>
                        <a href="#" class="method navigator-link" panel-name="suite-Fipsar_QA" title="TestNGClass" hash-for-method="launchapp(L_Prov_Patient_App_Create__Denied_chrome)">launchapp(L_Prov_Patient_App_Create__Denied_chrome)</a> <!-- method navigator-link -->
                      </span>
                      <br/>
                      <span>
                        <img width="3%" src="failed.png"/>
                        <a href="#" class="method navigator-link" panel-name="suite-Fipsar_QA" title="TestNGClass" hash-for-method="launchapp(L_Prov_Patient_App_ViewIncomplete_chrome)">launchapp(L_Prov_Patient_App_ViewIncomplete_chrome)</a> <!-- method navigator-link -->
                      </span>
                      <br/>
                      <span>
                        <img width="3%" src="failed.png"/>
                        <a href="#" class="method navigator-link" panel-name="suite-Fipsar_QA" title="TestNGClass" hash-for-method="launchapp(L_Prov_Patient_App_Create__DCase_ViewAppDetails_chrome)">launchapp(L_Prov_Patient_App_Create__DCase_ViewAppDetails_chrome)</a> <!-- method navigator-link -->
                      </span>
                      <br/>
                      <span>
                        <img width="3%" src="failed.png"/>
                        <a href="#" class="method navigator-link" panel-name="suite-Fipsar_QA" title="TestNGClass" hash-for-method="launchapp(L_Prov_Remitter_To_chrome)">launchapp(L_Prov_Remitter_To_chrome)</a> <!-- method navigator-link -->
                      </span>
                      <br/>
                      <span>
                        <img width="3%" src="failed.png"/>
                        <a href="#" class="method navigator-link" panel-name="suite-Fipsar_QA" title="TestNGClass" hash-for-method="launchapp(L_Prov_Patient_App_Create__App_Cancel_Preview_chrome)">launchapp(L_Prov_Patient_App_Create__App_Cancel_Preview_chrome)</a> <!-- method navigator-link -->
                      </span>
                      <br/>
                    </div> <!-- method-list-content failed suite-Fipsar_QA -->
                  </li>
                  <li>
                    <span class="method-list-title passed">Passed methods</span>
                    <span class="show-or-hide-methods passed">
                      <a href="#" panel-name="suite-Fipsar_QA" class="hide-methods passed suite-Fipsar_QA"> (hide)</a> <!-- hide-methods passed suite-Fipsar_QA -->
                      <a href="#" panel-name="suite-Fipsar_QA" class="show-methods passed suite-Fipsar_QA"> (show)</a> <!-- show-methods passed suite-Fipsar_QA -->
                    </span>
                    <div class="method-list-content passed suite-Fipsar_QA">
                      <span>
                        <img width="3%" src="passed.png"/>
                        <a href="#" class="method navigator-link" panel-name="suite-Fipsar_QA" title="TestNGClass" hash-for-method="launchapp(L_Prov_Pcase_Mandatory_ErrorMessage_chrome)">launchapp(L_Prov_Pcase_Mandatory_ErrorMessage_chrome)</a> <!-- method navigator-link -->
                      </span>
                      <br/>
                    </div> <!-- method-list-content passed suite-Fipsar_QA -->
                  </li>
                </ul>
              </div> <!-- suite-section-content -->
            </div> <!-- result-section -->
          </div> <!-- navigator-suite-content -->
        </div> <!-- rounded-window -->
      </div> <!-- suite -->
    </div> <!-- navigator-root -->
    <div class="wrapper">
      <div class="main-panel-root">
        <div panel-name="suite-Fipsar_QA" class="panel Fipsar_QA">
          <div class="suite-Fipsar_QA-class-failed">
            <div class="main-panel-header rounded-window-top">
              <img src="failed.png"/>
              <span class="class-name">TestNGClass</span>
            </div> <!-- main-panel-header rounded-window-top -->
            <div class="main-panel-content rounded-window-bottom">
              <div class="method">
                <div class="method-content">
                  <a name="launchapp(L_Prov_Mandatory_ErrorMessage_Validation_chrome)">
                  </a> <!-- launchapp(L_Prov_Mandatory_ErrorMessage_Validation_chrome) -->
                  <span class="method-name">launchapp</span>
                  <span class="parameters">(L_Prov_Mandatory_ErrorMessage_Validation_chrome)</span>
                  <div class="stack-trace">java.lang.NullPointerException
	at com.fipsar.qa.commands.Manipulation.click(Manipulation.java:71)
	at com.fipsar.qa.util.CommandUtils.executeAction(CommandUtils.java:158)
	at com.fipsar.qa.datadriver.TestCaseRunner.exectuteTestCase(TestCaseRunner.java:79)
	at TestNGClass.launchapp(TestNGClass.java:133)
	at java.util.concurrent.FutureTask.run(Unknown Source)
	at java.util.concurrent.Executors$RunnableAdapter.call(Unknown Source)
	at java.util.concurrent.FutureTask.run(Unknown Source)
	at java.util.concurrent.ThreadPoolExecutor.runWorker(Unknown Source)
	at java.util.concurrent.ThreadPoolExecutor$Worker.run(Unknown Source)
	at java.lang.Thread.run(Unknown Source)
... Removed 9 stack frames
</div> <!-- stack-trace -->
                </div> <!-- method-content -->
              </div> <!-- method -->
              <div class="method">
                <div class="method-content">
                  <a name="launchapp(L_Prov_Patient_App_Create__Provider_chrome)">
                  </a> <!-- launchapp(L_Prov_Patient_App_Create__Provider_chrome) -->
                  <span class="method-name">launchapp</span>
                  <span class="parameters">(L_Prov_Patient_App_Create__Provider_chrome)</span>
                  <div class="stack-trace">org.openqa.selenium.WebDriverException: unknown error: Element &lt;label for=&quot;0&quot; class=&quot;btn btn-default&quot;&gt;...&lt;/label&gt; is not clickable at point (1253, 388). Other element would receive the click: &lt;div class=&quot;loader_background&quot;&gt;...&lt;/div&gt;
  (Session info: chrome=65.0.3325.181)
  (Driver info: chromedriver=2.36.540470 (e522d04694c7ebea4ba8821272dbef4f9b818c91),platform=Windows NT 6.1.7601 SP1 x86_64) (WARNING: The server did not provide any stacktrace information)
Command duration or timeout: 0 milliseconds
Build info: version: &apos;unknown&apos;, revision: &apos;unknown&apos;, time: &apos;unknown&apos;
System info: host: &apos;P17VM-007&apos;, ip: &apos;192.168.7.112&apos;, os.name: &apos;Windows 7&apos;, os.arch: &apos;amd64&apos;, os.version: &apos;6.1&apos;, java.version: &apos;1.8.0_161&apos;
Driver info: org.openqa.selenium.chrome.ChromeDriver
Capabilities {acceptInsecureCerts: false, acceptSslCerts: false, applicationCacheEnabled: false, browserConnectionEnabled: false, browserName: chrome, chrome: {chromedriverVersion: 2.36.540470 (e522d04694c7eb..., userDataDir: C:\Users\paf1121\AppData\Lo...}, cssSelectorsEnabled: true, databaseEnabled: false, handlesAlerts: true, hasTouchScreen: false, javascriptEnabled: true, locationContextEnabled: true, mobileEmulationEnabled: false, nativeEvents: true, networkConnectionEnabled: false, pageLoadStrategy: normal, platform: XP, platformName: XP, rotatable: false, setWindowRect: true, takesHeapSnapshot: true, takesScreenshot: true, unexpectedAlertBehaviour: , unhandledPromptBehavior: , version: 65.0.3325.181, webStorageEnabled: true}
Session ID: aa4d3af810b3d672983e6d1289ec42d7
	at org.openqa.selenium.remote.ErrorHandler.createThrowable(ErrorHandler.java:214)
	at org.openqa.selenium.remote.ErrorHandler.throwIfResponseFailed(ErrorHandler.java:166)
	at org.openqa.selenium.remote.http.JsonHttpResponseCodec.reconstructValue(JsonHttpResponseCodec.java:40)
	at org.openqa.selenium.remote.http.AbstractHttpResponseCodec.decode(AbstractHttpResponseCodec.java:80)
	at org.openqa.selenium.remote.http.AbstractHttpResponseCodec.decode(AbstractHttpResponseCodec.java:44)
	at org.openqa.selenium.remote.HttpCommandExecutor.execute(HttpCommandExecutor.java:160)
	at org.openqa.selenium.remote.service.DriverCommandExecutor.execute(DriverCommandExecutor.java:83)
	at org.openqa.selenium.remote.RemoteWebDriver.execute(RemoteWebDriver.java:601)
	at org.openqa.selenium.remote.RemoteWebElement.execute(RemoteWebElement.java:279)
	at org.openqa.selenium.remote.RemoteWebElement.click(RemoteWebElement.java:83)
	at com.fipsar.qa.commands.Manipulation.click(Manipulation.java:72)
	at com.fipsar.qa.util.CommandUtils.executeAction(CommandUtils.java:158)
	at com.fipsar.qa.datadriver.TestCaseRunner.exectuteTestCase(TestCaseRunner.java:79)
	at TestNGClass.launchapp(TestNGClass.java:133)
	at java.util.concurrent.FutureTask.run(Unknown Source)
	at java.util.concurrent.Executors$RunnableAdapter.call(Unknown Source)
	at java.util.concurrent.FutureTask.run(Unknown Source)
	at java.util.concurrent.ThreadPoolExecutor.runWorker(Unknown Source)
	at java.util.concurrent.ThreadPoolExecutor$Worker.run(Unknown Source)
	at java.lang.Thread.run(Unknown Source)
... Removed 13 stack frames
</div> <!-- stack-trace -->
                </div> <!-- method-content -->
              </div> <!-- method -->
              <div class="method">
                <div class="method-content">
                  <a name="launchapp(L_Prov_Patient_App_Create_PCase_Positive_chrome)">
                  </a> <!-- launchapp(L_Prov_Patient_App_Create_PCase_Positive_chrome) -->
                  <span class="method-name">launchapp</span>
                  <span class="parameters">(L_Prov_Patient_App_Create_PCase_Positive_chrome)</span>
                  <div class="stack-trace">org.openqa.selenium.WebDriverException: unknown error: Element &lt;button id=&quot;&quot; class=&quot;button&quot; type=&quot;submit&quot; data-toggle=&quot;&quot; data-target=&quot;&quot; data-dismiss=&quot;&quot;&gt;...&lt;/button&gt; is not clickable at point (928, 502). Other element would receive the click: &lt;img class=&quot;loader_position&quot; src=&quot;/images/pageload.gif&quot;&gt;
  (Session info: chrome=65.0.3325.181)
  (Driver info: chromedriver=2.36.540470 (e522d04694c7ebea4ba8821272dbef4f9b818c91),platform=Windows NT 6.1.7601 SP1 x86_64) (WARNING: The server did not provide any stacktrace information)
Command duration or timeout: 0 milliseconds
Build info: version: &apos;unknown&apos;, revision: &apos;unknown&apos;, time: &apos;unknown&apos;
System info: host: &apos;P17VM-007&apos;, ip: &apos;192.168.7.112&apos;, os.name: &apos;Windows 7&apos;, os.arch: &apos;amd64&apos;, os.version: &apos;6.1&apos;, java.version: &apos;1.8.0_161&apos;
Driver info: org.openqa.selenium.chrome.ChromeDriver
Capabilities {acceptInsecureCerts: false, acceptSslCerts: false, applicationCacheEnabled: false, browserConnectionEnabled: false, browserName: chrome, chrome: {chromedriverVersion: 2.36.540470 (e522d04694c7eb..., userDataDir: C:\Users\paf1121\AppData\Lo...}, cssSelectorsEnabled: true, databaseEnabled: false, handlesAlerts: true, hasTouchScreen: false, javascriptEnabled: true, locationContextEnabled: true, mobileEmulationEnabled: false, nativeEvents: true, networkConnectionEnabled: false, pageLoadStrategy: normal, platform: XP, platformName: XP, rotatable: false, setWindowRect: true, takesHeapSnapshot: true, takesScreenshot: true, unexpectedAlertBehaviour: , unhandledPromptBehavior: , version: 65.0.3325.181, webStorageEnabled: true}
Session ID: 4ecad4be607d34fab18040d57bcd179d
	at org.openqa.selenium.remote.ErrorHandler.createThrowable(ErrorHandler.java:214)
	at org.openqa.selenium.remote.ErrorHandler.throwIfResponseFailed(ErrorHandler.java:166)
	at org.openqa.selenium.remote.http.JsonHttpResponseCodec.reconstructValue(JsonHttpResponseCodec.java:40)
	at org.openqa.selenium.remote.http.AbstractHttpResponseCodec.decode(AbstractHttpResponseCodec.java:80)
	at org.openqa.selenium.remote.http.AbstractHttpResponseCodec.decode(AbstractHttpResponseCodec.java:44)
	at org.openqa.selenium.remote.HttpCommandExecutor.execute(HttpCommandExecutor.java:160)
	at org.openqa.selenium.remote.service.DriverCommandExecutor.execute(DriverCommandExecutor.java:83)
	at org.openqa.selenium.remote.RemoteWebDriver.execute(RemoteWebDriver.java:601)
	at org.openqa.selenium.remote.RemoteWebElement.execute(RemoteWebElement.java:279)
	at org.openqa.selenium.remote.RemoteWebElement.click(RemoteWebElement.java:83)
	at com.fipsar.qa.commands.Manipulation.click(Manipulation.java:72)
	at com.fipsar.qa.util.CommandUtils.executeAction(CommandUtils.java:158)
	at com.fipsar.qa.datadriver.TestCaseRunner.exectuteTestCase(TestCaseRunner.java:79)
	at TestNGClass.launchapp(TestNGClass.java:133)
	at java.util.concurrent.FutureTask.run(Unknown Source)
	at java.util.concurrent.Executors$RunnableAdapter.call(Unknown Source)
	at java.util.concurrent.FutureTask.run(Unknown Source)
	at java.util.concurrent.ThreadPoolExecutor.runWorker(Unknown Source)
	at java.util.concurrent.ThreadPoolExecutor$Worker.run(Unknown Source)
	at java.lang.Thread.run(Unknown Source)
... Removed 13 stack frames
</div> <!-- stack-trace -->
                </div> <!-- method-content -->
              </div> <!-- method -->
              <div class="method">
                <div class="method-content">
                  <a name="launchapp(L_Prov_Patient_App_Save_Back_Front_Navi_chrome)">
                  </a> <!-- launchapp(L_Prov_Patient_App_Save_Back_Front_Navi_chrome) -->
                  <span class="method-name">launchapp</span>
                  <span class="parameters">(L_Prov_Patient_App_Save_Back_Front_Navi_chrome)</span>
                  <div class="stack-trace">org.openqa.selenium.WebDriverException: unknown error: Element &lt;button id=&quot;...&quot; class=&quot;button button&quot; type=&quot;button&quot; data-toggle=&quot;&quot; data-target=&quot;&quot; data-dismiss=&quot;&quot;&gt;Previous&lt;/button&gt; is not clickable at point (781, 465). Other element would receive the click: &lt;div class=&quot;loader_background&quot;&gt;...&lt;/div&gt;
  (Session info: chrome=65.0.3325.181)
  (Driver info: chromedriver=2.36.540470 (e522d04694c7ebea4ba8821272dbef4f9b818c91),platform=Windows NT 6.1.7601 SP1 x86_64) (WARNING: The server did not provide any stacktrace information)
Command duration or timeout: 0 milliseconds
Build info: version: &apos;unknown&apos;, revision: &apos;unknown&apos;, time: &apos;unknown&apos;
System info: host: &apos;P17VM-007&apos;, ip: &apos;192.168.7.112&apos;, os.name: &apos;Windows 7&apos;, os.arch: &apos;amd64&apos;, os.version: &apos;6.1&apos;, java.version: &apos;1.8.0_161&apos;
Driver info: org.openqa.selenium.chrome.ChromeDriver
Capabilities {acceptInsecureCerts: false, acceptSslCerts: false, applicationCacheEnabled: false, browserConnectionEnabled: false, browserName: chrome, chrome: {chromedriverVersion: 2.36.540470 (e522d04694c7eb..., userDataDir: C:\Users\paf1121\AppData\Lo...}, cssSelectorsEnabled: true, databaseEnabled: false, handlesAlerts: true, hasTouchScreen: false, javascriptEnabled: true, locationContextEnabled: true, mobileEmulationEnabled: false, nativeEvents: true, networkConnectionEnabled: false, pageLoadStrategy: normal, platform: XP, platformName: XP, rotatable: false, setWindowRect: true, takesHeapSnapshot: true, takesScreenshot: true, unexpectedAlertBehaviour: , unhandledPromptBehavior: , version: 65.0.3325.181, webStorageEnabled: true}
Session ID: 22a16512ada102752706a2088e61a835
	at org.openqa.selenium.remote.ErrorHandler.createThrowable(ErrorHandler.java:214)
	at org.openqa.selenium.remote.ErrorHandler.throwIfResponseFailed(ErrorHandler.java:166)
	at org.openqa.selenium.remote.http.JsonHttpResponseCodec.reconstructValue(JsonHttpResponseCodec.java:40)
	at org.openqa.selenium.remote.http.AbstractHttpResponseCodec.decode(AbstractHttpResponseCodec.java:80)
	at org.openqa.selenium.remote.http.AbstractHttpResponseCodec.decode(AbstractHttpResponseCodec.java:44)
	at org.openqa.selenium.remote.HttpCommandExecutor.execute(HttpCommandExecutor.java:160)
	at org.openqa.selenium.remote.service.DriverCommandExecutor.execute(DriverCommandExecutor.java:83)
	at org.openqa.selenium.remote.RemoteWebDriver.execute(RemoteWebDriver.java:601)
	at org.openqa.selenium.remote.RemoteWebElement.execute(RemoteWebElement.java:279)
	at org.openqa.selenium.remote.RemoteWebElement.click(RemoteWebElement.java:83)
	at com.fipsar.qa.commands.Manipulation.click(Manipulation.java:72)
	at com.fipsar.qa.util.CommandUtils.executeAction(CommandUtils.java:158)
	at com.fipsar.qa.datadriver.TestCaseRunner.exectuteTestCase(TestCaseRunner.java:79)
	at TestNGClass.launchapp(TestNGClass.java:133)
	at java.util.concurrent.FutureTask.run(Unknown Source)
	at java.util.concurrent.Executors$RunnableAdapter.call(Unknown Source)
	at java.util.concurrent.FutureTask.run(Unknown Source)
	at java.util.concurrent.ThreadPoolExecutor.runWorker(Unknown Source)
	at java.util.concurrent.ThreadPoolExecutor$Worker.run(Unknown Source)
	at java.lang.Thread.run(Unknown Source)
... Removed 13 stack frames
</div> <!-- stack-trace -->
                </div> <!-- method-content -->
              </div> <!-- method -->
              <div class="method">
                <div class="method-content">
                  <a name="launchapp(L_Prov_App_Field_Validation_chrome)">
                  </a> <!-- launchapp(L_Prov_App_Field_Validation_chrome) -->
                  <span class="method-name">launchapp</span>
                  <span class="parameters">(L_Prov_App_Field_Validation_chrome)</span>
                  <div class="stack-trace">org.openqa.selenium.WebDriverException: unknown error: Element &lt;button id=&quot;clear-by-ssn&quot; class=&quot;button button provider-landing-search-buttons&quot; data-toggle=&quot;&quot; data-target=&quot;&quot; data-dismiss=&quot;&quot;&gt;...&lt;/button&gt; is not clickable at point (1121, 403). Other element would receive the click: &lt;div class=&quot;loader_background&quot;&gt;...&lt;/div&gt;
  (Session info: chrome=65.0.3325.181)
  (Driver info: chromedriver=2.36.540470 (e522d04694c7ebea4ba8821272dbef4f9b818c91),platform=Windows NT 6.1.7601 SP1 x86_64) (WARNING: The server did not provide any stacktrace information)
Command duration or timeout: 0 milliseconds
Build info: version: &apos;unknown&apos;, revision: &apos;unknown&apos;, time: &apos;unknown&apos;
System info: host: &apos;P17VM-007&apos;, ip: &apos;192.168.7.112&apos;, os.name: &apos;Windows 7&apos;, os.arch: &apos;amd64&apos;, os.version: &apos;6.1&apos;, java.version: &apos;1.8.0_161&apos;
Driver info: org.openqa.selenium.chrome.ChromeDriver
Capabilities {acceptInsecureCerts: false, acceptSslCerts: false, applicationCacheEnabled: false, browserConnectionEnabled: false, browserName: chrome, chrome: {chromedriverVersion: 2.36.540470 (e522d04694c7eb..., userDataDir: C:\Users\paf1121\AppData\Lo...}, cssSelectorsEnabled: true, databaseEnabled: false, handlesAlerts: true, hasTouchScreen: false, javascriptEnabled: true, locationContextEnabled: true, mobileEmulationEnabled: false, nativeEvents: true, networkConnectionEnabled: false, pageLoadStrategy: normal, platform: XP, platformName: XP, rotatable: false, setWindowRect: true, takesHeapSnapshot: true, takesScreenshot: true, unexpectedAlertBehaviour: , unhandledPromptBehavior: , version: 65.0.3325.181, webStorageEnabled: true}
Session ID: 7665ea10a933970c389ae3c8b76d025c
	at org.openqa.selenium.remote.ErrorHandler.createThrowable(ErrorHandler.java:214)
	at org.openqa.selenium.remote.ErrorHandler.throwIfResponseFailed(ErrorHandler.java:166)
	at org.openqa.selenium.remote.http.JsonHttpResponseCodec.reconstructValue(JsonHttpResponseCodec.java:40)
	at org.openqa.selenium.remote.http.AbstractHttpResponseCodec.decode(AbstractHttpResponseCodec.java:80)
	at org.openqa.selenium.remote.http.AbstractHttpResponseCodec.decode(AbstractHttpResponseCodec.java:44)
	at org.openqa.selenium.remote.HttpCommandExecutor.execute(HttpCommandExecutor.java:160)
	at org.openqa.selenium.remote.service.DriverCommandExecutor.execute(DriverCommandExecutor.java:83)
	at org.openqa.selenium.remote.RemoteWebDriver.execute(RemoteWebDriver.java:601)
	at org.openqa.selenium.remote.RemoteWebElement.execute(RemoteWebElement.java:279)
	at org.openqa.selenium.remote.RemoteWebElement.click(RemoteWebElement.java:83)
	at com.fipsar.qa.commands.Manipulation.click(Manipulation.java:72)
	at com.fipsar.qa.util.CommandUtils.executeAction(CommandUtils.java:158)
	at com.fipsar.qa.datadriver.TestCaseRunner.exectuteTestCase(TestCaseRunner.java:79)
	at TestNGClass.launchapp(TestNGClass.java:133)
	at java.util.concurrent.FutureTask.run(Unknown Source)
	at java.util.concurrent.Executors$RunnableAdapter.call(Unknown Source)
	at java.util.concurrent.FutureTask.run(Unknown Source)
	at java.util.concurrent.ThreadPoolExecutor.runWorker(Unknown Source)
	at java.util.concurrent.ThreadPoolExecutor$Worker.run(Unknown Source)
	at java.lang.Thread.run(Unknown Source)
... Removed 13 stack frames
</div> <!-- stack-trace -->
                </div> <!-- method-content -->
              </div> <!-- method -->
              <div class="method">
                <div class="method-content">
                  <a name="launchapp(L_Prov_Patient_App_Create__DCase_Positive_chrome)">
                  </a> <!-- launchapp(L_Prov_Patient_App_Create__DCase_Positive_chrome) -->
                  <span class="method-name">launchapp</span>
                  <span class="parameters">(L_Prov_Patient_App_Create__DCase_Positive_chrome)</span>
                  <div class="stack-trace">java.lang.NullPointerException
	at com.fipsar.qa.commands.Manipulation.dynamicAlphabetic(Manipulation.java:731)
	at com.fipsar.qa.util.CommandUtils.executeAction(CommandUtils.java:245)
	at com.fipsar.qa.datadriver.TestCaseRunner.exectuteTestCase(TestCaseRunner.java:79)
	at TestNGClass.launchapp(TestNGClass.java:133)
	at java.util.concurrent.FutureTask.run(Unknown Source)
	at java.util.concurrent.Executors$RunnableAdapter.call(Unknown Source)
	at java.util.concurrent.FutureTask.run(Unknown Source)
	at java.util.concurrent.ThreadPoolExecutor.runWorker(Unknown Source)
	at java.util.concurrent.ThreadPoolExecutor$Worker.run(Unknown Source)
	at java.lang.Thread.run(Unknown Source)
... Removed 9 stack frames
</div> <!-- stack-trace -->
                </div> <!-- method-content -->
              </div> <!-- method -->
              <div class="method">
                <div class="method-content">
                  <a name="launchapp(L_Prov_Patient_App_Create__Denied_chrome)">
                  </a> <!-- launchapp(L_Prov_Patient_App_Create__Denied_chrome) -->
                  <span class="method-name">launchapp</span>
                  <span class="parameters">(L_Prov_Patient_App_Create__Denied_chrome)</span>
                  <div class="stack-trace">org.openqa.selenium.WebDriverException: unknown error: Element &lt;label for=&quot;0&quot; class=&quot;btn btn-default&quot;&gt;...&lt;/label&gt; is not clickable at point (1253, 388). Other element would receive the click: &lt;div class=&quot;loader_background&quot;&gt;...&lt;/div&gt;
  (Session info: chrome=65.0.3325.181)
  (Driver info: chromedriver=2.36.540470 (e522d04694c7ebea4ba8821272dbef4f9b818c91),platform=Windows NT 6.1.7601 SP1 x86_64) (WARNING: The server did not provide any stacktrace information)
Command duration or timeout: 0 milliseconds
Build info: version: &apos;unknown&apos;, revision: &apos;unknown&apos;, time: &apos;unknown&apos;
System info: host: &apos;P17VM-007&apos;, ip: &apos;192.168.7.112&apos;, os.name: &apos;Windows 7&apos;, os.arch: &apos;amd64&apos;, os.version: &apos;6.1&apos;, java.version: &apos;1.8.0_161&apos;
Driver info: org.openqa.selenium.chrome.ChromeDriver
Capabilities {acceptInsecureCerts: false, acceptSslCerts: false, applicationCacheEnabled: false, browserConnectionEnabled: false, browserName: chrome, chrome: {chromedriverVersion: 2.36.540470 (e522d04694c7eb..., userDataDir: C:\Users\paf1121\AppData\Lo...}, cssSelectorsEnabled: true, databaseEnabled: false, handlesAlerts: true, hasTouchScreen: false, javascriptEnabled: true, locationContextEnabled: true, mobileEmulationEnabled: false, nativeEvents: true, networkConnectionEnabled: false, pageLoadStrategy: normal, platform: XP, platformName: XP, rotatable: false, setWindowRect: true, takesHeapSnapshot: true, takesScreenshot: true, unexpectedAlertBehaviour: , unhandledPromptBehavior: , version: 65.0.3325.181, webStorageEnabled: true}
Session ID: debc7004fc6dcc223bdea4104aa9ab1d
	at org.openqa.selenium.remote.ErrorHandler.createThrowable(ErrorHandler.java:214)
	at org.openqa.selenium.remote.ErrorHandler.throwIfResponseFailed(ErrorHandler.java:166)
	at org.openqa.selenium.remote.http.JsonHttpResponseCodec.reconstructValue(JsonHttpResponseCodec.java:40)
	at org.openqa.selenium.remote.http.AbstractHttpResponseCodec.decode(AbstractHttpResponseCodec.java:80)
	at org.openqa.selenium.remote.http.AbstractHttpResponseCodec.decode(AbstractHttpResponseCodec.java:44)
	at org.openqa.selenium.remote.HttpCommandExecutor.execute(HttpCommandExecutor.java:160)
	at org.openqa.selenium.remote.service.DriverCommandExecutor.execute(DriverCommandExecutor.java:83)
	at org.openqa.selenium.remote.RemoteWebDriver.execute(RemoteWebDriver.java:601)
	at org.openqa.selenium.remote.RemoteWebElement.execute(RemoteWebElement.java:279)
	at org.openqa.selenium.remote.RemoteWebElement.click(RemoteWebElement.java:83)
	at com.fipsar.qa.commands.Manipulation.click(Manipulation.java:72)
	at com.fipsar.qa.util.CommandUtils.executeAction(CommandUtils.java:158)
	at com.fipsar.qa.datadriver.TestCaseRunner.exectuteTestCase(TestCaseRunner.java:79)
	at TestNGClass.launchapp(TestNGClass.java:133)
	at java.util.concurrent.FutureTask.run(Unknown Source)
	at java.util.concurrent.Executors$RunnableAdapter.call(Unknown Source)
	at java.util.concurrent.FutureTask.run(Unknown Source)
	at java.util.concurrent.ThreadPoolExecutor.runWorker(Unknown Source)
	at java.util.concurrent.ThreadPoolExecutor$Worker.run(Unknown Source)
	at java.lang.Thread.run(Unknown Source)
... Removed 13 stack frames
</div> <!-- stack-trace -->
                </div> <!-- method-content -->
              </div> <!-- method -->
              <div class="method">
                <div class="method-content">
                  <a name="launchapp(L_Prov_Patient_App_ViewIncomplete_chrome)">
                  </a> <!-- launchapp(L_Prov_Patient_App_ViewIncomplete_chrome) -->
                  <span class="method-name">launchapp</span>
                  <span class="parameters">(L_Prov_Patient_App_ViewIncomplete_chrome)</span>
                  <div class="stack-trace">org.openqa.selenium.WebDriverException: unknown error: Element &lt;button id=&quot;...&quot; class=&quot;button button margin-right-5 margin-left-5&quot; type=&quot;button&quot; data-toggle=&quot;&quot; data-target=&quot;&quot; data-dismiss=&quot;&quot;&gt;Next&lt;/button&gt; is not clickable at point (830, 961). Other element would receive the click: &lt;div class=&quot;loader_background&quot;&gt;...&lt;/div&gt;
  (Session info: chrome=65.0.3325.181)
  (Driver info: chromedriver=2.36.540470 (e522d04694c7ebea4ba8821272dbef4f9b818c91),platform=Windows NT 6.1.7601 SP1 x86_64) (WARNING: The server did not provide any stacktrace information)
Command duration or timeout: 0 milliseconds
Build info: version: &apos;unknown&apos;, revision: &apos;unknown&apos;, time: &apos;unknown&apos;
System info: host: &apos;P17VM-007&apos;, ip: &apos;192.168.7.112&apos;, os.name: &apos;Windows 7&apos;, os.arch: &apos;amd64&apos;, os.version: &apos;6.1&apos;, java.version: &apos;1.8.0_161&apos;
Driver info: org.openqa.selenium.chrome.ChromeDriver
Capabilities {acceptInsecureCerts: false, acceptSslCerts: false, applicationCacheEnabled: false, browserConnectionEnabled: false, browserName: chrome, chrome: {chromedriverVersion: 2.36.540470 (e522d04694c7eb..., userDataDir: C:\Users\paf1121\AppData\Lo...}, cssSelectorsEnabled: true, databaseEnabled: false, handlesAlerts: true, hasTouchScreen: false, javascriptEnabled: true, locationContextEnabled: true, mobileEmulationEnabled: false, nativeEvents: true, networkConnectionEnabled: false, pageLoadStrategy: normal, platform: XP, platformName: XP, rotatable: false, setWindowRect: true, takesHeapSnapshot: true, takesScreenshot: true, unexpectedAlertBehaviour: , unhandledPromptBehavior: , version: 65.0.3325.181, webStorageEnabled: true}
Session ID: d8e2eeca0432a9912e000b6748a7987a
	at org.openqa.selenium.remote.ErrorHandler.createThrowable(ErrorHandler.java:214)
	at org.openqa.selenium.remote.ErrorHandler.throwIfResponseFailed(ErrorHandler.java:166)
	at org.openqa.selenium.remote.http.JsonHttpResponseCodec.reconstructValue(JsonHttpResponseCodec.java:40)
	at org.openqa.selenium.remote.http.AbstractHttpResponseCodec.decode(AbstractHttpResponseCodec.java:80)
	at org.openqa.selenium.remote.http.AbstractHttpResponseCodec.decode(AbstractHttpResponseCodec.java:44)
	at org.openqa.selenium.remote.HttpCommandExecutor.execute(HttpCommandExecutor.java:160)
	at org.openqa.selenium.remote.service.DriverCommandExecutor.execute(DriverCommandExecutor.java:83)
	at org.openqa.selenium.remote.RemoteWebDriver.execute(RemoteWebDriver.java:601)
	at org.openqa.selenium.remote.RemoteWebElement.execute(RemoteWebElement.java:279)
	at org.openqa.selenium.remote.RemoteWebElement.click(RemoteWebElement.java:83)
	at com.fipsar.qa.commands.Manipulation.click(Manipulation.java:72)
	at com.fipsar.qa.util.CommandUtils.executeAction(CommandUtils.java:158)
	at com.fipsar.qa.datadriver.TestCaseRunner.exectuteTestCase(TestCaseRunner.java:79)
	at TestNGClass.launchapp(TestNGClass.java:133)
	at java.util.concurrent.FutureTask.run(Unknown Source)
	at java.util.concurrent.Executors$RunnableAdapter.call(Unknown Source)
	at java.util.concurrent.FutureTask.run(Unknown Source)
	at java.util.concurrent.ThreadPoolExecutor.runWorker(Unknown Source)
	at java.util.concurrent.ThreadPoolExecutor$Worker.run(Unknown Source)
	at java.lang.Thread.run(Unknown Source)
... Removed 13 stack frames
</div> <!-- stack-trace -->
                </div> <!-- method-content -->
              </div> <!-- method -->
              <div class="method">
                <div class="method-content">
                  <a name="launchapp(L_Prov_Patient_App_Create__DCase_ViewAppDetails_chrome)">
                  </a> <!-- launchapp(L_Prov_Patient_App_Create__DCase_ViewAppDetails_chrome) -->
                  <span class="method-name">launchapp</span>
                  <span class="parameters">(L_Prov_Patient_App_Create__DCase_ViewAppDetails_chrome)</span>
                  <div class="stack-trace">org.openqa.selenium.WebDriverException: unknown error: Element &lt;label for=&quot;0&quot; class=&quot;btn btn-default&quot;&gt;...&lt;/label&gt; is not clickable at point (1253, 388). Other element would receive the click: &lt;div class=&quot;loader_background&quot;&gt;...&lt;/div&gt;
  (Session info: chrome=65.0.3325.181)
  (Driver info: chromedriver=2.36.540470 (e522d04694c7ebea4ba8821272dbef4f9b818c91),platform=Windows NT 6.1.7601 SP1 x86_64) (WARNING: The server did not provide any stacktrace information)
Command duration or timeout: 0 milliseconds
Build info: version: &apos;unknown&apos;, revision: &apos;unknown&apos;, time: &apos;unknown&apos;
System info: host: &apos;P17VM-007&apos;, ip: &apos;192.168.7.112&apos;, os.name: &apos;Windows 7&apos;, os.arch: &apos;amd64&apos;, os.version: &apos;6.1&apos;, java.version: &apos;1.8.0_161&apos;
Driver info: org.openqa.selenium.chrome.ChromeDriver
Capabilities {acceptInsecureCerts: false, acceptSslCerts: false, applicationCacheEnabled: false, browserConnectionEnabled: false, browserName: chrome, chrome: {chromedriverVersion: 2.36.540470 (e522d04694c7eb..., userDataDir: C:\Users\paf1121\AppData\Lo...}, cssSelectorsEnabled: true, databaseEnabled: false, handlesAlerts: true, hasTouchScreen: false, javascriptEnabled: true, locationContextEnabled: true, mobileEmulationEnabled: false, nativeEvents: true, networkConnectionEnabled: false, pageLoadStrategy: normal, platform: XP, platformName: XP, rotatable: false, setWindowRect: true, takesHeapSnapshot: true, takesScreenshot: true, unexpectedAlertBehaviour: , unhandledPromptBehavior: , version: 65.0.3325.181, webStorageEnabled: true}
Session ID: 8b941793b8d76545ba53fe09fe70e2dd
	at org.openqa.selenium.remote.ErrorHandler.createThrowable(ErrorHandler.java:214)
	at org.openqa.selenium.remote.ErrorHandler.throwIfResponseFailed(ErrorHandler.java:166)
	at org.openqa.selenium.remote.http.JsonHttpResponseCodec.reconstructValue(JsonHttpResponseCodec.java:40)
	at org.openqa.selenium.remote.http.AbstractHttpResponseCodec.decode(AbstractHttpResponseCodec.java:80)
	at org.openqa.selenium.remote.http.AbstractHttpResponseCodec.decode(AbstractHttpResponseCodec.java:44)
	at org.openqa.selenium.remote.HttpCommandExecutor.execute(HttpCommandExecutor.java:160)
	at org.openqa.selenium.remote.service.DriverCommandExecutor.execute(DriverCommandExecutor.java:83)
	at org.openqa.selenium.remote.RemoteWebDriver.execute(RemoteWebDriver.java:601)
	at org.openqa.selenium.remote.RemoteWebElement.execute(RemoteWebElement.java:279)
	at org.openqa.selenium.remote.RemoteWebElement.click(RemoteWebElement.java:83)
	at com.fipsar.qa.commands.Manipulation.click(Manipulation.java:72)
	at com.fipsar.qa.util.CommandUtils.executeAction(CommandUtils.java:158)
	at com.fipsar.qa.datadriver.TestCaseRunner.exectuteTestCase(TestCaseRunner.java:79)
	at TestNGClass.launchapp(TestNGClass.java:133)
	at java.util.concurrent.FutureTask.run(Unknown Source)
	at java.util.concurrent.Executors$RunnableAdapter.call(Unknown Source)
	at java.util.concurrent.FutureTask.run(Unknown Source)
	at java.util.concurrent.ThreadPoolExecutor.runWorker(Unknown Source)
	at java.util.concurrent.ThreadPoolExecutor$Worker.run(Unknown Source)
	at java.lang.Thread.run(Unknown Source)
... Removed 13 stack frames
</div> <!-- stack-trace -->
                </div> <!-- method-content -->
              </div> <!-- method -->
              <div class="method">
                <div class="method-content">
                  <a name="launchapp(L_Prov_Remitter_To_chrome)">
                  </a> <!-- launchapp(L_Prov_Remitter_To_chrome) -->
                  <span class="method-name">launchapp</span>
                  <span class="parameters">(L_Prov_Remitter_To_chrome)</span>
                  <div class="stack-trace">org.openqa.selenium.WebDriverException: unknown error: Element &lt;button id=&quot;&quot; class=&quot;button&quot; type=&quot;submit&quot; data-toggle=&quot;&quot; data-target=&quot;&quot; data-dismiss=&quot;&quot;&gt;...&lt;/button&gt; is not clickable at point (928, 502). Other element would receive the click: &lt;img class=&quot;loader_position&quot; src=&quot;/images/pageload.gif&quot;&gt;
  (Session info: chrome=65.0.3325.181)
  (Driver info: chromedriver=2.36.540470 (e522d04694c7ebea4ba8821272dbef4f9b818c91),platform=Windows NT 6.1.7601 SP1 x86_64) (WARNING: The server did not provide any stacktrace information)
Command duration or timeout: 0 milliseconds
Build info: version: &apos;unknown&apos;, revision: &apos;unknown&apos;, time: &apos;unknown&apos;
System info: host: &apos;P17VM-007&apos;, ip: &apos;192.168.7.112&apos;, os.name: &apos;Windows 7&apos;, os.arch: &apos;amd64&apos;, os.version: &apos;6.1&apos;, java.version: &apos;1.8.0_161&apos;
Driver info: org.openqa.selenium.chrome.ChromeDriver
Capabilities {acceptInsecureCerts: false, acceptSslCerts: false, applicationCacheEnabled: false, browserConnectionEnabled: false, browserName: chrome, chrome: {chromedriverVersion: 2.36.540470 (e522d04694c7eb..., userDataDir: C:\Users\paf1121\AppData\Lo...}, cssSelectorsEnabled: true, databaseEnabled: false, handlesAlerts: true, hasTouchScreen: false, javascriptEnabled: true, locationContextEnabled: true, mobileEmulationEnabled: false, nativeEvents: true, networkConnectionEnabled: false, pageLoadStrategy: normal, platform: XP, platformName: XP, rotatable: false, setWindowRect: true, takesHeapSnapshot: true, takesScreenshot: true, unexpectedAlertBehaviour: , unhandledPromptBehavior: , version: 65.0.3325.181, webStorageEnabled: true}
Session ID: 6583d257396348e97509cacf5db866e1
	at org.openqa.selenium.remote.ErrorHandler.createThrowable(ErrorHandler.java:214)
	at org.openqa.selenium.remote.ErrorHandler.throwIfResponseFailed(ErrorHandler.java:166)
	at org.openqa.selenium.remote.http.JsonHttpResponseCodec.reconstructValue(JsonHttpResponseCodec.java:40)
	at org.openqa.selenium.remote.http.AbstractHttpResponseCodec.decode(AbstractHttpResponseCodec.java:80)
	at org.openqa.selenium.remote.http.AbstractHttpResponseCodec.decode(AbstractHttpResponseCodec.java:44)
	at org.openqa.selenium.remote.HttpCommandExecutor.execute(HttpCommandExecutor.java:160)
	at org.openqa.selenium.remote.service.DriverCommandExecutor.execute(DriverCommandExecutor.java:83)
	at org.openqa.selenium.remote.RemoteWebDriver.execute(RemoteWebDriver.java:601)
	at org.openqa.selenium.remote.RemoteWebElement.execute(RemoteWebElement.java:279)
	at org.openqa.selenium.remote.RemoteWebElement.click(RemoteWebElement.java:83)
	at com.fipsar.qa.commands.Manipulation.click(Manipulation.java:72)
	at com.fipsar.qa.util.CommandUtils.executeAction(CommandUtils.java:158)
	at com.fipsar.qa.datadriver.TestCaseRunner.exectuteTestCase(TestCaseRunner.java:79)
	at TestNGClass.launchapp(TestNGClass.java:133)
	at java.util.concurrent.FutureTask.run(Unknown Source)
	at java.util.concurrent.Executors$RunnableAdapter.call(Unknown Source)
	at java.util.concurrent.FutureTask.run(Unknown Source)
	at java.util.concurrent.ThreadPoolExecutor.runWorker(Unknown Source)
	at java.util.concurrent.ThreadPoolExecutor$Worker.run(Unknown Source)
	at java.lang.Thread.run(Unknown Source)
... Removed 13 stack frames
</div> <!-- stack-trace -->
                </div> <!-- method-content -->
              </div> <!-- method -->
              <div class="method">
                <div class="method-content">
                  <a name="launchapp(L_Prov_Patient_App_Create__App_Cancel_Preview_chrome)">
                  </a> <!-- launchapp(L_Prov_Patient_App_Create__App_Cancel_Preview_chrome) -->
                  <span class="method-name">launchapp</span>
                  <span class="parameters">(L_Prov_Patient_App_Create__App_Cancel_Preview_chrome)</span>
                  <div class="stack-trace">org.openqa.selenium.WebDriverException: unknown error: Element &lt;label for=&quot;0&quot; class=&quot;btn btn-default&quot;&gt;...&lt;/label&gt; is not clickable at point (1253, 388). Other element would receive the click: &lt;div class=&quot;loader_background&quot;&gt;...&lt;/div&gt;
  (Session info: chrome=65.0.3325.181)
  (Driver info: chromedriver=2.36.540470 (e522d04694c7ebea4ba8821272dbef4f9b818c91),platform=Windows NT 6.1.7601 SP1 x86_64) (WARNING: The server did not provide any stacktrace information)
Command duration or timeout: 0 milliseconds
Build info: version: &apos;unknown&apos;, revision: &apos;unknown&apos;, time: &apos;unknown&apos;
System info: host: &apos;P17VM-007&apos;, ip: &apos;192.168.7.112&apos;, os.name: &apos;Windows 7&apos;, os.arch: &apos;amd64&apos;, os.version: &apos;6.1&apos;, java.version: &apos;1.8.0_161&apos;
Driver info: org.openqa.selenium.chrome.ChromeDriver
Capabilities {acceptInsecureCerts: false, acceptSslCerts: false, applicationCacheEnabled: false, browserConnectionEnabled: false, browserName: chrome, chrome: {chromedriverVersion: 2.36.540470 (e522d04694c7eb..., userDataDir: C:\Users\paf1121\AppData\Lo...}, cssSelectorsEnabled: true, databaseEnabled: false, handlesAlerts: true, hasTouchScreen: false, javascriptEnabled: true, locationContextEnabled: true, mobileEmulationEnabled: false, nativeEvents: true, networkConnectionEnabled: false, pageLoadStrategy: normal, platform: XP, platformName: XP, rotatable: false, setWindowRect: true, takesHeapSnapshot: true, takesScreenshot: true, unexpectedAlertBehaviour: , unhandledPromptBehavior: , version: 65.0.3325.181, webStorageEnabled: true}
Session ID: c5bc602b5515d087216922bd142dc2a0
	at org.openqa.selenium.remote.ErrorHandler.createThrowable(ErrorHandler.java:214)
	at org.openqa.selenium.remote.ErrorHandler.throwIfResponseFailed(ErrorHandler.java:166)
	at org.openqa.selenium.remote.http.JsonHttpResponseCodec.reconstructValue(JsonHttpResponseCodec.java:40)
	at org.openqa.selenium.remote.http.AbstractHttpResponseCodec.decode(AbstractHttpResponseCodec.java:80)
	at org.openqa.selenium.remote.http.AbstractHttpResponseCodec.decode(AbstractHttpResponseCodec.java:44)
	at org.openqa.selenium.remote.HttpCommandExecutor.execute(HttpCommandExecutor.java:160)
	at org.openqa.selenium.remote.service.DriverCommandExecutor.execute(DriverCommandExecutor.java:83)
	at org.openqa.selenium.remote.RemoteWebDriver.execute(RemoteWebDriver.java:601)
	at org.openqa.selenium.remote.RemoteWebElement.execute(RemoteWebElement.java:279)
	at org.openqa.selenium.remote.RemoteWebElement.click(RemoteWebElement.java:83)
	at com.fipsar.qa.commands.Manipulation.click(Manipulation.java:72)
	at com.fipsar.qa.util.CommandUtils.executeAction(CommandUtils.java:158)
	at com.fipsar.qa.datadriver.TestCaseRunner.exectuteTestCase(TestCaseRunner.java:79)
	at TestNGClass.launchapp(TestNGClass.java:133)
	at java.util.concurrent.FutureTask.run(Unknown Source)
	at java.util.concurrent.Executors$RunnableAdapter.call(Unknown Source)
	at java.util.concurrent.FutureTask.run(Unknown Source)
	at java.util.concurrent.ThreadPoolExecutor.runWorker(Unknown Source)
	at java.util.concurrent.ThreadPoolExecutor$Worker.run(Unknown Source)
	at java.lang.Thread.run(Unknown Source)
... Removed 13 stack frames
</div> <!-- stack-trace -->
                </div> <!-- method-content -->
              </div> <!-- method -->
            </div> <!-- main-panel-content rounded-window-bottom -->
          </div> <!-- suite-Fipsar_QA-class-failed -->
          <div class="suite-Fipsar_QA-class-passed">
            <div class="main-panel-header rounded-window-top">
              <img src="passed.png"/>
              <span class="class-name">TestNGClass</span>
            </div> <!-- main-panel-header rounded-window-top -->
            <div class="main-panel-content rounded-window-bottom">
              <div class="method">
                <div class="method-content">
                  <a name="launchapp(L_Prov_Pcase_Mandatory_ErrorMessage_chrome)">
                  </a> <!-- launchapp(L_Prov_Pcase_Mandatory_ErrorMessage_chrome) -->
                  <span class="method-name">launchapp</span>
                  <span class="parameters">(L_Prov_Pcase_Mandatory_ErrorMessage_chrome)</span>
                </div> <!-- method-content -->
              </div> <!-- method -->
            </div> <!-- main-panel-content rounded-window-bottom -->
          </div> <!-- suite-Fipsar_QA-class-passed -->
        </div> <!-- panel Fipsar_QA -->
        <div panel-name="test-xml-Fipsar_QA" class="panel">
          <div class="main-panel-header rounded-window-top">
          </div> <!-- main-panel-header rounded-window-top -->
          <div class="main-panel-content rounded-window-bottom">
            <pre>
&lt;?xml version=&quot;1.0&quot; encoding=&quot;UTF-8&quot;?&gt;
&lt;!DOCTYPE suite SYSTEM &quot;http://testng.org/testng-1.0.dtd&quot;&gt;
&lt;suite name=&quot;Fipsar QA&quot; data-provider-thread-count=&quot;1&quot;&gt;
  &lt;test name=&quot;Fipsar&quot;&gt;
    &lt;classes&gt;
      &lt;class name=&quot;TestNGClass&quot;/&gt;
    &lt;/classes&gt;
  &lt;/test&gt; &lt;!-- Fipsar --&gt;
&lt;/suite&gt; &lt;!-- Fipsar QA --&gt;
            </pre>
          </div> <!-- main-panel-content rounded-window-bottom -->
        </div> <!-- panel -->
        <div panel-name="testlist-Fipsar_QA" class="panel">
          <div class="main-panel-header rounded-window-top">
            <span class="header-content">Tests for Fipsar QA</span>
          </div> <!-- main-panel-header rounded-window-top -->
          <div class="main-panel-content rounded-window-bottom">
            <ul>
              <li>
                <span class="test-name">Fipsar (1 class)</span>
              </li>
            </ul>
          </div> <!-- main-panel-content rounded-window-bottom -->
        </div> <!-- panel -->
        <div panel-name="group-Fipsar_QA" class="panel">
          <div class="main-panel-header rounded-window-top">
            <span class="header-content">Groups for Fipsar QA</span>
          </div> <!-- main-panel-header rounded-window-top -->
          <div class="main-panel-content rounded-window-bottom">
          </div> <!-- main-panel-content rounded-window-bottom -->
        </div> <!-- panel -->
        <div panel-name="times-Fipsar_QA" class="panel">
          <div class="main-panel-header rounded-window-top">
            <span class="header-content">Times for Fipsar QA</span>
          </div> <!-- main-panel-header rounded-window-top -->
          <div class="main-panel-content rounded-window-bottom">
            <div class="times-div">
              <script type="text/javascript">
suiteTableInitFunctions.push('tableData_Fipsar_QA');
function tableData_Fipsar_QA() {
var data = new google.visualization.DataTable();
data.addColumn('number', 'Number');
data.addColumn('string', 'Method');
data.addColumn('string', 'Class');
data.addColumn('number', 'Time (ms)');
data.addRows(12);
data.setCell(0, 0, 0)
data.setCell(0, 1, 'launchapp')
data.setCell(0, 2, 'TestNGClass')
data.setCell(0, 3, 91571);
data.setCell(1, 0, 1)
data.setCell(1, 1, 'launchapp')
data.setCell(1, 2, 'TestNGClass')
data.setCell(1, 3, 78581);
data.setCell(2, 0, 2)
data.setCell(2, 1, 'launchapp')
data.setCell(2, 2, 'TestNGClass')
data.setCell(2, 3, 78283);
data.setCell(3, 0, 3)
data.setCell(3, 1, 'launchapp')
data.setCell(3, 2, 'TestNGClass')
data.setCell(3, 3, 76655);
data.setCell(4, 0, 4)
data.setCell(4, 1, 'launchapp')
data.setCell(4, 2, 'TestNGClass')
data.setCell(4, 3, 75486);
data.setCell(5, 0, 5)
data.setCell(5, 1, 'launchapp')
data.setCell(5, 2, 'TestNGClass')
data.setCell(5, 3, 74808);
data.setCell(6, 0, 6)
data.setCell(6, 1, 'launchapp')
data.setCell(6, 2, 'TestNGClass')
data.setCell(6, 3, 70862);
data.setCell(7, 0, 7)
data.setCell(7, 1, 'launchapp')
data.setCell(7, 2, 'TestNGClass')
data.setCell(7, 3, 34918);
data.setCell(8, 0, 8)
data.setCell(8, 1, 'launchapp')
data.setCell(8, 2, 'TestNGClass')
data.setCell(8, 3, 34794);
data.setCell(9, 0, 9)
data.setCell(9, 1, 'launchapp')
data.setCell(9, 2, 'TestNGClass')
data.setCell(9, 3, 30845);
data.setCell(10, 0, 10)
data.setCell(10, 1, 'launchapp')
data.setCell(10, 2, 'TestNGClass')
data.setCell(10, 3, 28231);
data.setCell(11, 0, 11)
data.setCell(11, 1, 'launchapp')
data.setCell(11, 2, 'TestNGClass')
data.setCell(11, 3, 21486);
window.suiteTableData['Fipsar_QA']= { tableData: data, tableDiv: 'times-div-Fipsar_QA'}
return data;
}
              </script>
              <span class="suite-total-time">Total running time: 11 minutes</span>
              <div id="times-div-Fipsar_QA">
              </div> <!-- times-div-Fipsar_QA -->
            </div> <!-- times-div -->
          </div> <!-- main-panel-content rounded-window-bottom -->
        </div> <!-- panel -->
        <div panel-name="reporter-Fipsar_QA" class="panel">
          <div class="main-panel-header rounded-window-top">
            <span class="header-content">Reporter output for Fipsar QA</span>
          </div> <!-- main-panel-header rounded-window-top -->
          <div class="main-panel-content rounded-window-bottom">
            <div class="reporter-method-div">
              <span class="reporter-method-name">launchapp(L_Prov_Pcase_Mandatory_ErrorMessage_chrome)</span>
              <div class="reporter-method-output-div">
                <span class="reporter-method-output">STEP348</span>
                <span class="reporter-method-output">STEP349</span>
                <span class="reporter-method-output">STEP350</span>
                <span class="reporter-method-output">STEP351</span>
                <span class="reporter-method-output">STEP352</span>
                <span class="reporter-method-output">STEP353</span>
                <span class="reporter-method-output">STEP354</span>
                <span class="reporter-method-output">STEP355</span>
                <span class="reporter-method-output">STEP356</span>
                <span class="reporter-method-output">STEP357</span>
                <span class="reporter-method-output">STEP358</span>
                <span class="reporter-method-output">STEP359</span>
                <span class="reporter-method-output">STEP360</span>
                <span class="reporter-method-output">STEP361</span>
                <span class="reporter-method-output">STEP362</span>
                <span class="reporter-method-output">STEP363</span>
                <span class="reporter-method-output">STEP364</span>
                <span class="reporter-method-output">STEP365</span>
                <span class="reporter-method-output">STEP366</span>
                <span class="reporter-method-output">STEP367</span>
                <span class="reporter-method-output">STEP368</span>
                <span class="reporter-method-output">STEP369</span>
                <span class="reporter-method-output">STEP370</span>
                <span class="reporter-method-output">STEP371</span>
                <span class="reporter-method-output">STEP372</span>
                <span class="reporter-method-output">STEP373</span>
                <span class="reporter-method-output">STEP374</span>
                <span class="reporter-method-output">STEP375</span>
                <span class="reporter-method-output">STEP376</span>
                <span class="reporter-method-output">STEP377</span>
                <span class="reporter-method-output">STEP378</span>
                <span class="reporter-method-output">STEP379</span>
                <span class="reporter-method-output">STEP380</span>
                <span class="reporter-method-output">STEP381</span>
                <span class="reporter-method-output">STEP382</span>
                <span class="reporter-method-output">STEP383</span>
                <span class="reporter-method-output">STEP384</span>
                <span class="reporter-method-output">STEP385</span>
                <span class="reporter-method-output">STEP386</span>
                <span class="reporter-method-output">STEP387</span>
                <span class="reporter-method-output">STEP388</span>
              </div> <!-- reporter-method-output-div -->
            </div> <!-- reporter-method-div -->
            <div class="reporter-method-div">
              <span class="reporter-method-name">launchapp(L_Prov_Mandatory_ErrorMessage_Validation_chrome)</span>
              <div class="reporter-method-output-div">
                <span class="reporter-method-output">STEP29</span>
                <span class="reporter-method-output">STEP30</span>
                <span class="reporter-method-output">STEP31</span>
                <span class="reporter-method-output">STEP32</span>
                <span class="reporter-method-output">STEP33</span>
                <span class="reporter-method-output">STEP34</span>
                <span class="reporter-method-output">STEP35</span>
                <span class="reporter-method-output">STEP36</span>
              </div> <!-- reporter-method-output-div -->
            </div> <!-- reporter-method-div -->
            <div class="reporter-method-div">
              <span class="reporter-method-name">launchapp(L_Prov_Patient_App_Create__Provider_chrome)</span>
              <div class="reporter-method-output-div">
                <span class="reporter-method-output">STEP197</span>
                <span class="reporter-method-output">STEP198</span>
                <span class="reporter-method-output">STEP199</span>
                <span class="reporter-method-output">STEP200</span>
                <span class="reporter-method-output">STEP201</span>
                <span class="reporter-method-output">STEP202</span>
                <span class="reporter-method-output">STEP203</span>
                <span class="reporter-method-output">STEP204</span>
                <span class="reporter-method-output">STEP205</span>
                <span class="reporter-method-output">STEP206</span>
                <span class="reporter-method-output">STEP207</span>
                <span class="reporter-method-output">STEP208</span>
                <span class="reporter-method-output">STEP209</span>
                <span class="reporter-method-output">STEP210</span>
                <span class="reporter-method-output">STEP211</span>
                <span class="reporter-method-output">STEP212</span>
                <span class="reporter-method-output">STEP213</span>
                <span class="reporter-method-output">STEP214</span>
                <span class="reporter-method-output">STEP215</span>
                <span class="reporter-method-output">STEP216</span>
                <span class="reporter-method-output">STEP217</span>
                <span class="reporter-method-output">STEP218</span>
                <span class="reporter-method-output">STEP219</span>
                <span class="reporter-method-output">STEP220</span>
                <span class="reporter-method-output">STEP221</span>
                <span class="reporter-method-output">STEP222</span>
                <span class="reporter-method-output">STEP223</span>
                <span class="reporter-method-output">STEP224</span>
                <span class="reporter-method-output">STEP225</span>
                <span class="reporter-method-output">STEP226</span>
                <span class="reporter-method-output">STEP227</span>
                <span class="reporter-method-output">STEP228</span>
                <span class="reporter-method-output">STEP229</span>
                <span class="reporter-method-output">STEP230</span>
                <span class="reporter-method-output">STEP231</span>
                <span class="reporter-method-output">STEP232</span>
                <span class="reporter-method-output">STEP233</span>
                <span class="reporter-method-output">STEP234</span>
                <span class="reporter-method-output">STEP235</span>
                <span class="reporter-method-output">STEP236</span>
                <span class="reporter-method-output">STEP237</span>
                <span class="reporter-method-output">STEP238</span>
                <span class="reporter-method-output">STEP239</span>
                <span class="reporter-method-output">STEP240</span>
                <span class="reporter-method-output">STEP241</span>
                <span class="reporter-method-output">STEP242</span>
                <span class="reporter-method-output">STEP243</span>
                <span class="reporter-method-output">STEP244</span>
              </div> <!-- reporter-method-output-div -->
            </div> <!-- reporter-method-div -->
            <div class="reporter-method-div">
              <span class="reporter-method-name">launchapp(L_Prov_Patient_App_Create_PCase_Positive_chrome)</span>
              <div class="reporter-method-output-div">
                <span class="reporter-method-output">STEP37</span>
                <span class="reporter-method-output">STEP38</span>
                <span class="reporter-method-output">STEP39</span>
                <span class="reporter-method-output">STEP40</span>
                <span class="reporter-method-output">STEP41</span>
                <span class="reporter-method-output">STEP42</span>
                <span class="reporter-method-output">STEP43</span>
                <span class="reporter-method-output">STEP44</span>
                <span class="reporter-method-output">STEP45</span>
                <span class="reporter-method-output">STEP46</span>
              </div> <!-- reporter-method-output-div -->
            </div> <!-- reporter-method-div -->
            <div class="reporter-method-div">
              <span class="reporter-method-name">launchapp(L_Prov_Patient_App_Save_Back_Front_Navi_chrome)</span>
              <div class="reporter-method-output-div">
                <span class="reporter-method-output">STEP245</span>
                <span class="reporter-method-output">STEP246</span>
                <span class="reporter-method-output">STEP247</span>
                <span class="reporter-method-output">STEP248</span>
                <span class="reporter-method-output">STEP249</span>
                <span class="reporter-method-output">STEP250</span>
                <span class="reporter-method-output">STEP251</span>
                <span class="reporter-method-output">STEP252</span>
                <span class="reporter-method-output">STEP253</span>
                <span class="reporter-method-output">STEP254</span>
                <span class="reporter-method-output">STEP255</span>
                <span class="reporter-method-output">STEP256</span>
                <span class="reporter-method-output">STEP257</span>
                <span class="reporter-method-output">STEP258</span>
                <span class="reporter-method-output">STEP259</span>
                <span class="reporter-method-output">STEP260</span>
                <span class="reporter-method-output">STEP261</span>
                <span class="reporter-method-output">STEP262</span>
                <span class="reporter-method-output">STEP263</span>
                <span class="reporter-method-output">STEP264</span>
                <span class="reporter-method-output">STEP265</span>
                <span class="reporter-method-output">STEP266</span>
                <span class="reporter-method-output">STEP267</span>
                <span class="reporter-method-output">STEP268</span>
                <span class="reporter-method-output">STEP269</span>
                <span class="reporter-method-output">STEP270</span>
                <span class="reporter-method-output">STEP271</span>
                <span class="reporter-method-output">STEP272</span>
                <span class="reporter-method-output">STEP273</span>
                <span class="reporter-method-output">STEP274</span>
                <span class="reporter-method-output">STEP275</span>
                <span class="reporter-method-output">STEP276</span>
                <span class="reporter-method-output">STEP277</span>
                <span class="reporter-method-output">STEP278</span>
                <span class="reporter-method-output">STEP279</span>
                <span class="reporter-method-output">STEP280</span>
                <span class="reporter-method-output">STEP281</span>
                <span class="reporter-method-output">STEP282</span>
                <span class="reporter-method-output">STEP283</span>
                <span class="reporter-method-output">STEP284</span>
                <span class="reporter-method-output">STEP285</span>
                <span class="reporter-method-output">STEP286</span>
                <span class="reporter-method-output">STEP287</span>
                <span class="reporter-method-output">STEP288</span>
                <span class="reporter-method-output">STEP289</span>
                <span class="reporter-method-output">STEP290</span>
                <span class="reporter-method-output">STEP291</span>
                <span class="reporter-method-output">STEP292</span>
              </div> <!-- reporter-method-output-div -->
            </div> <!-- reporter-method-div -->
            <div class="reporter-method-div">
              <span class="reporter-method-name">launchapp(L_Prov_App_Field_Validation_chrome)</span>
              <div class="reporter-method-output-div">
                <span class="reporter-method-output">STEP1</span>
                <span class="reporter-method-output">STEP2</span>
                <span class="reporter-method-output">STEP3</span>
                <span class="reporter-method-output">STEP4</span>
                <span class="reporter-method-output">STEP5</span>
                <span class="reporter-method-output">STEP6</span>
                <span class="reporter-method-output">STEP7</span>
                <span class="reporter-method-output">STEP8</span>
                <span class="reporter-method-output">STEP9</span>
                <span class="reporter-method-output">STEP10</span>
                <span class="reporter-method-output">STEP11</span>
                <span class="reporter-method-output">STEP12</span>
                <span class="reporter-method-output">STEP13</span>
                <span class="reporter-method-output">STEP14</span>
                <span class="reporter-method-output">STEP15</span>
                <span class="reporter-method-output">STEP16</span>
                <span class="reporter-method-output">STEP17</span>
                <span class="reporter-method-output">STEP18</span>
                <span class="reporter-method-output">STEP19</span>
                <span class="reporter-method-output">STEP20</span>
                <span class="reporter-method-output">STEP21</span>
                <span class="reporter-method-output">STEP22</span>
                <span class="reporter-method-output">STEP23</span>
                <span class="reporter-method-output">STEP24</span>
                <span class="reporter-method-output">STEP25</span>
                <span class="reporter-method-output">STEP26</span>
                <span class="reporter-method-output">STEP27</span>
                <span class="reporter-method-output">STEP28</span>
              </div> <!-- reporter-method-output-div -->
            </div> <!-- reporter-method-div -->
            <div class="reporter-method-div">
              <span class="reporter-method-name">launchapp(L_Prov_Patient_App_Create__DCase_Positive_chrome)</span>
              <div class="reporter-method-output-div">
                <span class="reporter-method-output">STEP95</span>
                <span class="reporter-method-output">STEP96</span>
                <span class="reporter-method-output">STEP97</span>
                <span class="reporter-method-output">STEP98</span>
                <span class="reporter-method-output">STEP99</span>
                <span class="reporter-method-output">STEP100</span>
              </div> <!-- reporter-method-output-div -->
            </div> <!-- reporter-method-div -->
            <div class="reporter-method-div">
              <span class="reporter-method-name">launchapp(L_Prov_Patient_App_Create__Denied_chrome)</span>
              <div class="reporter-method-output-div">
                <span class="reporter-method-output">STEP149</span>
                <span class="reporter-method-output">STEP150</span>
                <span class="reporter-method-output">STEP151</span>
                <span class="reporter-method-output">STEP152</span>
                <span class="reporter-method-output">STEP153</span>
                <span class="reporter-method-output">STEP154</span>
                <span class="reporter-method-output">STEP155</span>
                <span class="reporter-method-output">STEP156</span>
                <span class="reporter-method-output">STEP157</span>
                <span class="reporter-method-output">STEP158</span>
                <span class="reporter-method-output">STEP159</span>
                <span class="reporter-method-output">STEP160</span>
                <span class="reporter-method-output">STEP161</span>
                <span class="reporter-method-output">STEP162</span>
                <span class="reporter-method-output">STEP163</span>
                <span class="reporter-method-output">STEP164</span>
                <span class="reporter-method-output">STEP165</span>
                <span class="reporter-method-output">STEP166</span>
                <span class="reporter-method-output">STEP167</span>
                <span class="reporter-method-output">STEP168</span>
                <span class="reporter-method-output">STEP169</span>
                <span class="reporter-method-output">STEP170</span>
                <span class="reporter-method-output">STEP171</span>
                <span class="reporter-method-output">STEP172</span>
                <span class="reporter-method-output">STEP173</span>
                <span class="reporter-method-output">STEP174</span>
                <span class="reporter-method-output">STEP175</span>
                <span class="reporter-method-output">STEP176</span>
                <span class="reporter-method-output">STEP177</span>
                <span class="reporter-method-output">STEP178</span>
                <span class="reporter-method-output">STEP179</span>
                <span class="reporter-method-output">STEP180</span>
                <span class="reporter-method-output">STEP181</span>
                <span class="reporter-method-output">STEP182</span>
                <span class="reporter-method-output">STEP183</span>
                <span class="reporter-method-output">STEP184</span>
                <span class="reporter-method-output">STEP185</span>
                <span class="reporter-method-output">STEP186</span>
                <span class="reporter-method-output">STEP187</span>
                <span class="reporter-method-output">STEP188</span>
                <span class="reporter-method-output">STEP189</span>
                <span class="reporter-method-output">STEP190</span>
                <span class="reporter-method-output">STEP191</span>
                <span class="reporter-method-output">STEP192</span>
                <span class="reporter-method-output">STEP193</span>
                <span class="reporter-method-output">STEP194</span>
                <span class="reporter-method-output">STEP195</span>
                <span class="reporter-method-output">STEP196</span>
              </div> <!-- reporter-method-output-div -->
            </div> <!-- reporter-method-div -->
            <div class="reporter-method-div">
              <span class="reporter-method-name">launchapp(L_Prov_Patient_App_ViewIncomplete_chrome)</span>
              <div class="reporter-method-output-div">
                <span class="reporter-method-output">STEP293</span>
                <span class="reporter-method-output">STEP294</span>
                <span class="reporter-method-output">STEP295</span>
                <span class="reporter-method-output">STEP296</span>
                <span class="reporter-method-output">STEP297</span>
                <span class="reporter-method-output">STEP298</span>
                <span class="reporter-method-output">STEP299</span>
                <span class="reporter-method-output">STEP300</span>
                <span class="reporter-method-output">STEP301</span>
                <span class="reporter-method-output">STEP302</span>
                <span class="reporter-method-output">STEP303</span>
                <span class="reporter-method-output">STEP304</span>
                <span class="reporter-method-output">STEP305</span>
                <span class="reporter-method-output">STEP306</span>
                <span class="reporter-method-output">STEP307</span>
                <span class="reporter-method-output">STEP308</span>
                <span class="reporter-method-output">STEP309</span>
                <span class="reporter-method-output">STEP310</span>
                <span class="reporter-method-output">STEP311</span>
                <span class="reporter-method-output">STEP312</span>
                <span class="reporter-method-output">STEP313</span>
                <span class="reporter-method-output">STEP314</span>
                <span class="reporter-method-output">STEP315</span>
                <span class="reporter-method-output">STEP316</span>
                <span class="reporter-method-output">STEP317</span>
                <span class="reporter-method-output">STEP318</span>
                <span class="reporter-method-output">STEP319</span>
                <span class="reporter-method-output">STEP320</span>
                <span class="reporter-method-output">STEP321</span>
                <span class="reporter-method-output">STEP322</span>
                <span class="reporter-method-output">STEP323</span>
                <span class="reporter-method-output">STEP324</span>
                <span class="reporter-method-output">STEP325</span>
                <span class="reporter-method-output">STEP326</span>
                <span class="reporter-method-output">STEP327</span>
                <span class="reporter-method-output">STEP328</span>
                <span class="reporter-method-output">STEP329</span>
                <span class="reporter-method-output">STEP330</span>
                <span class="reporter-method-output">STEP331</span>
                <span class="reporter-method-output">STEP332</span>
                <span class="reporter-method-output">STEP333</span>
                <span class="reporter-method-output">STEP334</span>
                <span class="reporter-method-output">STEP335</span>
                <span class="reporter-method-output">STEP336</span>
                <span class="reporter-method-output">STEP337</span>
                <span class="reporter-method-output">STEP338</span>
                <span class="reporter-method-output">STEP339</span>
                <span class="reporter-method-output">STEP340</span>
                <span class="reporter-method-output">STEP341</span>
                <span class="reporter-method-output">STEP342</span>
                <span class="reporter-method-output">STEP343</span>
                <span class="reporter-method-output">STEP344</span>
                <span class="reporter-method-output">STEP345</span>
                <span class="reporter-method-output">STEP346</span>
                <span class="reporter-method-output">STEP347</span>
              </div> <!-- reporter-method-output-div -->
            </div> <!-- reporter-method-div -->
            <div class="reporter-method-div">
              <span class="reporter-method-name">launchapp(L_Prov_Patient_App_Create__DCase_ViewAppDetails_chrome)</span>
              <div class="reporter-method-output-div">
                <span class="reporter-method-output">STEP101</span>
                <span class="reporter-method-output">STEP102</span>
                <span class="reporter-method-output">STEP103</span>
                <span class="reporter-method-output">STEP104</span>
                <span class="reporter-method-output">STEP105</span>
                <span class="reporter-method-output">STEP106</span>
                <span class="reporter-method-output">STEP107</span>
                <span class="reporter-method-output">STEP108</span>
                <span class="reporter-method-output">STEP109</span>
                <span class="reporter-method-output">STEP110</span>
                <span class="reporter-method-output">STEP111</span>
                <span class="reporter-method-output">STEP112</span>
                <span class="reporter-method-output">STEP113</span>
                <span class="reporter-method-output">STEP114</span>
                <span class="reporter-method-output">STEP115</span>
                <span class="reporter-method-output">STEP116</span>
                <span class="reporter-method-output">STEP117</span>
                <span class="reporter-method-output">STEP118</span>
                <span class="reporter-method-output">STEP119</span>
                <span class="reporter-method-output">STEP120</span>
                <span class="reporter-method-output">STEP121</span>
                <span class="reporter-method-output">STEP122</span>
                <span class="reporter-method-output">STEP123</span>
                <span class="reporter-method-output">STEP124</span>
                <span class="reporter-method-output">STEP125</span>
                <span class="reporter-method-output">STEP126</span>
                <span class="reporter-method-output">STEP127</span>
                <span class="reporter-method-output">STEP128</span>
                <span class="reporter-method-output">STEP129</span>
                <span class="reporter-method-output">STEP130</span>
                <span class="reporter-method-output">STEP131</span>
                <span class="reporter-method-output">STEP132</span>
                <span class="reporter-method-output">STEP133</span>
                <span class="reporter-method-output">STEP134</span>
                <span class="reporter-method-output">STEP135</span>
                <span class="reporter-method-output">STEP136</span>
                <span class="reporter-method-output">STEP137</span>
                <span class="reporter-method-output">STEP138</span>
                <span class="reporter-method-output">STEP139</span>
                <span class="reporter-method-output">STEP140</span>
                <span class="reporter-method-output">STEP141</span>
                <span class="reporter-method-output">STEP142</span>
                <span class="reporter-method-output">STEP143</span>
                <span class="reporter-method-output">STEP144</span>
                <span class="reporter-method-output">STEP145</span>
                <span class="reporter-method-output">STEP146</span>
                <span class="reporter-method-output">STEP147</span>
                <span class="reporter-method-output">STEP148</span>
              </div> <!-- reporter-method-output-div -->
            </div> <!-- reporter-method-div -->
            <div class="reporter-method-div">
              <span class="reporter-method-name">launchapp(L_Prov_Remitter_To_chrome)</span>
              <div class="reporter-method-output-div">
                <span class="reporter-method-output">STEP389</span>
                <span class="reporter-method-output">STEP390</span>
                <span class="reporter-method-output">STEP391</span>
                <span class="reporter-method-output">STEP392</span>
                <span class="reporter-method-output">STEP393</span>
                <span class="reporter-method-output">STEP394</span>
                <span class="reporter-method-output">STEP395</span>
                <span class="reporter-method-output">STEP396</span>
                <span class="reporter-method-output">STEP397</span>
                <span class="reporter-method-output">STEP398</span>
              </div> <!-- reporter-method-output-div -->
            </div> <!-- reporter-method-div -->
            <div class="reporter-method-div">
              <span class="reporter-method-name">launchapp(L_Prov_Patient_App_Create__App_Cancel_Preview_chrome)</span>
              <div class="reporter-method-output-div">
                <span class="reporter-method-output">STEP47</span>
                <span class="reporter-method-output">STEP48</span>
                <span class="reporter-method-output">STEP49</span>
                <span class="reporter-method-output">STEP50</span>
                <span class="reporter-method-output">STEP51</span>
                <span class="reporter-method-output">STEP52</span>
                <span class="reporter-method-output">STEP53</span>
                <span class="reporter-method-output">STEP54</span>
                <span class="reporter-method-output">STEP55</span>
                <span class="reporter-method-output">STEP56</span>
                <span class="reporter-method-output">STEP57</span>
                <span class="reporter-method-output">STEP58</span>
                <span class="reporter-method-output">STEP59</span>
                <span class="reporter-method-output">STEP60</span>
                <span class="reporter-method-output">STEP61</span>
                <span class="reporter-method-output">STEP62</span>
                <span class="reporter-method-output">STEP63</span>
                <span class="reporter-method-output">STEP64</span>
                <span class="reporter-method-output">STEP65</span>
                <span class="reporter-method-output">STEP66</span>
                <span class="reporter-method-output">STEP67</span>
                <span class="reporter-method-output">STEP68</span>
                <span class="reporter-method-output">STEP69</span>
                <span class="reporter-method-output">STEP70</span>
                <span class="reporter-method-output">STEP71</span>
                <span class="reporter-method-output">STEP72</span>
                <span class="reporter-method-output">STEP73</span>
                <span class="reporter-method-output">STEP74</span>
                <span class="reporter-method-output">STEP75</span>
                <span class="reporter-method-output">STEP76</span>
                <span class="reporter-method-output">STEP77</span>
                <span class="reporter-method-output">STEP78</span>
                <span class="reporter-method-output">STEP79</span>
                <span class="reporter-method-output">STEP80</span>
                <span class="reporter-method-output">STEP81</span>
                <span class="reporter-method-output">STEP82</span>
                <span class="reporter-method-output">STEP83</span>
                <span class="reporter-method-output">STEP84</span>
                <span class="reporter-method-output">STEP85</span>
                <span class="reporter-method-output">STEP86</span>
                <span class="reporter-method-output">STEP87</span>
                <span class="reporter-method-output">STEP88</span>
                <span class="reporter-method-output">STEP89</span>
                <span class="reporter-method-output">STEP90</span>
                <span class="reporter-method-output">STEP91</span>
                <span class="reporter-method-output">STEP92</span>
                <span class="reporter-method-output">STEP93</span>
                <span class="reporter-method-output">STEP94</span>
              </div> <!-- reporter-method-output-div -->
            </div> <!-- reporter-method-div -->
          </div> <!-- main-panel-content rounded-window-bottom -->
        </div> <!-- panel -->
        <div panel-name="ignored-methods-Fipsar_QA" class="panel">
          <div class="main-panel-header rounded-window-top">
            <span class="header-content">0 ignored methods</span>
          </div> <!-- main-panel-header rounded-window-top -->
          <div class="main-panel-content rounded-window-bottom">
          </div> <!-- main-panel-content rounded-window-bottom -->
        </div> <!-- panel -->
        <div panel-name="chronological-Fipsar_QA" class="panel">
          <div class="main-panel-header rounded-window-top">
            <span class="header-content">Methods in chronological order</span>
          </div> <!-- main-panel-header rounded-window-top -->
          <div class="main-panel-content rounded-window-bottom">
            <div class="chronological-class">
              <div class="chronological-class-name">TestNGClass</div> <!-- chronological-class-name -->
              <div class="configuration-test before">
                <span class="method-name">testCaseProvider</span>
                <span class="method-start">0 ms</span>
              </div> <!-- configuration-test before -->
              <div class="test-method">
                <img src="failed.png">
                </img>
                <span class="method-name">launchapp(L_Prov_App_Field_Validation_chrome)</span>
                <span class="method-start">546 ms</span>
              </div> <!-- test-method -->
              <div class="test-method">
                <img src="failed.png">
                </img>
                <span class="method-name">launchapp(L_Prov_Mandatory_ErrorMessage_Validation_chrome)</span>
                <span class="method-start">35464 ms</span>
              </div> <!-- test-method -->
              <div class="test-method">
                <img src="failed.png">
                </img>
                <span class="method-name">launchapp(L_Prov_Patient_App_Create_PCase_Positive_chrome)</span>
                <span class="method-start">56950 ms</span>
              </div> <!-- test-method -->
              <div class="test-method">
                <img src="failed.png">
                </img>
                <span class="method-name">launchapp(L_Prov_Patient_App_Create__App_Cancel_Preview_chrome)</span>
                <span class="method-start">91744 ms</span>
              </div> <!-- test-method -->
              <div class="test-method">
                <img src="failed.png">
                </img>
                <span class="method-name">launchapp(L_Prov_Patient_App_Create__DCase_Positive_chrome)</span>
                <span class="method-start">170325 ms</span>
              </div> <!-- test-method -->
              <div class="test-method">
                <img src="failed.png">
                </img>
                <span class="method-name">launchapp(L_Prov_Patient_App_Create__DCase_ViewAppDetails_chrome)</span>
                <span class="method-start">198556 ms</span>
              </div> <!-- test-method -->
              <div class="test-method">
                <img src="failed.png">
                </img>
                <span class="method-name">launchapp(L_Prov_Patient_App_Create__Denied_chrome)</span>
                <span class="method-start">276839 ms</span>
              </div> <!-- test-method -->
              <div class="test-method">
                <img src="failed.png">
                </img>
                <span class="method-name">launchapp(L_Prov_Patient_App_Create__Provider_chrome)</span>
                <span class="method-start">352325 ms</span>
              </div> <!-- test-method -->
              <div class="test-method">
                <img src="failed.png">
                </img>
                <span class="method-name">launchapp(L_Prov_Patient_App_Save_Back_Front_Navi_chrome)</span>
                <span class="method-start">428980 ms</span>
              </div> <!-- test-method -->
              <div class="test-method">
                <img src="failed.png">
                </img>
                <span class="method-name">launchapp(L_Prov_Patient_App_ViewIncomplete_chrome)</span>
                <span class="method-start">503788 ms</span>
              </div> <!-- test-method -->
              <div class="test-method">
                <span class="method-name">launchapp(L_Prov_Pcase_Mandatory_ErrorMessage_chrome)</span>
                <span class="method-start">595359 ms</span>
              </div> <!-- test-method -->
              <div class="test-method">
                <img src="failed.png">
                </img>
                <span class="method-name">launchapp(L_Prov_Remitter_To_chrome)</span>
                <span class="method-start">666221 ms</span>
              </div> <!-- test-method -->
          </div> <!-- main-panel-content rounded-window-bottom -->
        </div> <!-- panel -->
      </div> <!-- main-panel-root -->
    </div> <!-- wrapper -->
  </body>
</html>
