<?xml version="1.0" encoding="UTF-8"?>
<testng-results skipped="0" failed="11" ignored="0" total="12" passed="1">
  <reporter-output>
    <line>
      <![CDATA[STEP1]]>
    </line>
    <line>
      <![CDATA[STEP2]]>
    </line>
    <line>
      <![CDATA[STEP3]]>
    </line>
    <line>
      <![CDATA[STEP4]]>
    </line>
    <line>
      <![CDATA[STEP5]]>
    </line>
    <line>
      <![CDATA[STEP6]]>
    </line>
    <line>
      <![CDATA[STEP7]]>
    </line>
    <line>
      <![CDATA[STEP8]]>
    </line>
    <line>
      <![CDATA[STEP9]]>
    </line>
    <line>
      <![CDATA[STEP10]]>
    </line>
    <line>
      <![CDATA[STEP11]]>
    </line>
    <line>
      <![CDATA[STEP12]]>
    </line>
    <line>
      <![CDATA[STEP13]]>
    </line>
    <line>
      <![CDATA[STEP14]]>
    </line>
    <line>
      <![CDATA[STEP15]]>
    </line>
    <line>
      <![CDATA[STEP16]]>
    </line>
    <line>
      <![CDATA[STEP17]]>
    </line>
    <line>
      <![CDATA[STEP18]]>
    </line>
    <line>
      <![CDATA[STEP19]]>
    </line>
    <line>
      <![CDATA[STEP20]]>
    </line>
    <line>
      <![CDATA[STEP21]]>
    </line>
    <line>
      <![CDATA[STEP22]]>
    </line>
    <line>
      <![CDATA[STEP23]]>
    </line>
    <line>
      <![CDATA[STEP24]]>
    </line>
    <line>
      <![CDATA[STEP25]]>
    </line>
    <line>
      <![CDATA[STEP26]]>
    </line>
    <line>
      <![CDATA[STEP27]]>
    </line>
    <line>
      <![CDATA[STEP28]]>
    </line>
    <line>
      <![CDATA[STEP29]]>
    </line>
    <line>
      <![CDATA[STEP30]]>
    </line>
    <line>
      <![CDATA[STEP31]]>
    </line>
    <line>
      <![CDATA[STEP32]]>
    </line>
    <line>
      <![CDATA[STEP33]]>
    </line>
    <line>
      <![CDATA[STEP34]]>
    </line>
    <line>
      <![CDATA[STEP35]]>
    </line>
    <line>
      <![CDATA[STEP36]]>
    </line>
    <line>
      <![CDATA[STEP37]]>
    </line>
    <line>
      <![CDATA[STEP38]]>
    </line>
    <line>
      <![CDATA[STEP39]]>
    </line>
    <line>
      <![CDATA[STEP40]]>
    </line>
    <line>
      <![CDATA[STEP41]]>
    </line>
    <line>
      <![CDATA[STEP42]]>
    </line>
    <line>
      <![CDATA[STEP43]]>
    </line>
    <line>
      <![CDATA[STEP44]]>
    </line>
    <line>
      <![CDATA[STEP45]]>
    </line>
    <line>
      <![CDATA[STEP46]]>
    </line>
    <line>
      <![CDATA[STEP47]]>
    </line>
    <line>
      <![CDATA[STEP48]]>
    </line>
    <line>
      <![CDATA[STEP49]]>
    </line>
    <line>
      <![CDATA[STEP50]]>
    </line>
    <line>
      <![CDATA[STEP51]]>
    </line>
    <line>
      <![CDATA[STEP52]]>
    </line>
    <line>
      <![CDATA[STEP53]]>
    </line>
    <line>
      <![CDATA[STEP54]]>
    </line>
    <line>
      <![CDATA[STEP55]]>
    </line>
    <line>
      <![CDATA[STEP56]]>
    </line>
    <line>
      <![CDATA[STEP57]]>
    </line>
    <line>
      <![CDATA[STEP58]]>
    </line>
    <line>
      <![CDATA[STEP59]]>
    </line>
    <line>
      <![CDATA[STEP60]]>
    </line>
    <line>
      <![CDATA[STEP61]]>
    </line>
    <line>
      <![CDATA[STEP62]]>
    </line>
    <line>
      <![CDATA[STEP63]]>
    </line>
    <line>
      <![CDATA[STEP64]]>
    </line>
    <line>
      <![CDATA[STEP65]]>
    </line>
    <line>
      <![CDATA[STEP66]]>
    </line>
    <line>
      <![CDATA[STEP67]]>
    </line>
    <line>
      <![CDATA[STEP68]]>
    </line>
    <line>
      <![CDATA[STEP69]]>
    </line>
    <line>
      <![CDATA[STEP70]]>
    </line>
    <line>
      <![CDATA[STEP71]]>
    </line>
    <line>
      <![CDATA[STEP72]]>
    </line>
    <line>
      <![CDATA[STEP73]]>
    </line>
    <line>
      <![CDATA[STEP74]]>
    </line>
    <line>
      <![CDATA[STEP75]]>
    </line>
    <line>
      <![CDATA[STEP76]]>
    </line>
    <line>
      <![CDATA[STEP77]]>
    </line>
    <line>
      <![CDATA[STEP78]]>
    </line>
    <line>
      <![CDATA[STEP79]]>
    </line>
    <line>
      <![CDATA[STEP80]]>
    </line>
    <line>
      <![CDATA[STEP81]]>
    </line>
    <line>
      <![CDATA[STEP82]]>
    </line>
    <line>
      <![CDATA[STEP83]]>
    </line>
    <line>
      <![CDATA[STEP84]]>
    </line>
    <line>
      <![CDATA[STEP85]]>
    </line>
    <line>
      <![CDATA[STEP86]]>
    </line>
    <line>
      <![CDATA[STEP87]]>
    </line>
    <line>
      <![CDATA[STEP88]]>
    </line>
    <line>
      <![CDATA[STEP89]]>
    </line>
    <line>
      <![CDATA[STEP90]]>
    </line>
    <line>
      <![CDATA[STEP91]]>
    </line>
    <line>
      <![CDATA[STEP92]]>
    </line>
    <line>
      <![CDATA[STEP93]]>
    </line>
    <line>
      <![CDATA[STEP94]]>
    </line>
    <line>
      <![CDATA[STEP95]]>
    </line>
    <line>
      <![CDATA[STEP96]]>
    </line>
    <line>
      <![CDATA[STEP97]]>
    </line>
    <line>
      <![CDATA[STEP98]]>
    </line>
    <line>
      <![CDATA[STEP99]]>
    </line>
    <line>
      <![CDATA[STEP100]]>
    </line>
    <line>
      <![CDATA[STEP101]]>
    </line>
    <line>
      <![CDATA[STEP102]]>
    </line>
    <line>
      <![CDATA[STEP103]]>
    </line>
    <line>
      <![CDATA[STEP104]]>
    </line>
    <line>
      <![CDATA[STEP105]]>
    </line>
    <line>
      <![CDATA[STEP106]]>
    </line>
    <line>
      <![CDATA[STEP107]]>
    </line>
    <line>
      <![CDATA[STEP108]]>
    </line>
    <line>
      <![CDATA[STEP109]]>
    </line>
    <line>
      <![CDATA[STEP110]]>
    </line>
    <line>
      <![CDATA[STEP111]]>
    </line>
    <line>
      <![CDATA[STEP112]]>
    </line>
    <line>
      <![CDATA[STEP113]]>
    </line>
    <line>
      <![CDATA[STEP114]]>
    </line>
    <line>
      <![CDATA[STEP115]]>
    </line>
    <line>
      <![CDATA[STEP116]]>
    </line>
    <line>
      <![CDATA[STEP117]]>
    </line>
    <line>
      <![CDATA[STEP118]]>
    </line>
    <line>
      <![CDATA[STEP119]]>
    </line>
    <line>
      <![CDATA[STEP120]]>
    </line>
    <line>
      <![CDATA[STEP121]]>
    </line>
    <line>
      <![CDATA[STEP122]]>
    </line>
    <line>
      <![CDATA[STEP123]]>
    </line>
    <line>
      <![CDATA[STEP124]]>
    </line>
    <line>
      <![CDATA[STEP125]]>
    </line>
    <line>
      <![CDATA[STEP126]]>
    </line>
    <line>
      <![CDATA[STEP127]]>
    </line>
    <line>
      <![CDATA[STEP128]]>
    </line>
    <line>
      <![CDATA[STEP129]]>
    </line>
    <line>
      <![CDATA[STEP130]]>
    </line>
    <line>
      <![CDATA[STEP131]]>
    </line>
    <line>
      <![CDATA[STEP132]]>
    </line>
    <line>
      <![CDATA[STEP133]]>
    </line>
    <line>
      <![CDATA[STEP134]]>
    </line>
    <line>
      <![CDATA[STEP135]]>
    </line>
    <line>
      <![CDATA[STEP136]]>
    </line>
    <line>
      <![CDATA[STEP137]]>
    </line>
    <line>
      <![CDATA[STEP138]]>
    </line>
    <line>
      <![CDATA[STEP139]]>
    </line>
    <line>
      <![CDATA[STEP140]]>
    </line>
    <line>
      <![CDATA[STEP141]]>
    </line>
    <line>
      <![CDATA[STEP142]]>
    </line>
    <line>
      <![CDATA[STEP143]]>
    </line>
    <line>
      <![CDATA[STEP144]]>
    </line>
    <line>
      <![CDATA[STEP145]]>
    </line>
    <line>
      <![CDATA[STEP146]]>
    </line>
    <line>
      <![CDATA[STEP147]]>
    </line>
    <line>
      <![CDATA[STEP148]]>
    </line>
    <line>
      <![CDATA[STEP149]]>
    </line>
    <line>
      <![CDATA[STEP150]]>
    </line>
    <line>
      <![CDATA[STEP151]]>
    </line>
    <line>
      <![CDATA[STEP152]]>
    </line>
    <line>
      <![CDATA[STEP153]]>
    </line>
    <line>
      <![CDATA[STEP154]]>
    </line>
    <line>
      <![CDATA[STEP155]]>
    </line>
    <line>
      <![CDATA[STEP156]]>
    </line>
    <line>
      <![CDATA[STEP157]]>
    </line>
    <line>
      <![CDATA[STEP158]]>
    </line>
    <line>
      <![CDATA[STEP159]]>
    </line>
    <line>
      <![CDATA[STEP160]]>
    </line>
    <line>
      <![CDATA[STEP161]]>
    </line>
    <line>
      <![CDATA[STEP162]]>
    </line>
    <line>
      <![CDATA[STEP163]]>
    </line>
    <line>
      <![CDATA[STEP164]]>
    </line>
    <line>
      <![CDATA[STEP165]]>
    </line>
    <line>
      <![CDATA[STEP166]]>
    </line>
    <line>
      <![CDATA[STEP167]]>
    </line>
    <line>
      <![CDATA[STEP168]]>
    </line>
    <line>
      <![CDATA[STEP169]]>
    </line>
    <line>
      <![CDATA[STEP170]]>
    </line>
    <line>
      <![CDATA[STEP171]]>
    </line>
    <line>
      <![CDATA[STEP172]]>
    </line>
    <line>
      <![CDATA[STEP173]]>
    </line>
    <line>
      <![CDATA[STEP174]]>
    </line>
    <line>
      <![CDATA[STEP175]]>
    </line>
    <line>
      <![CDATA[STEP176]]>
    </line>
    <line>
      <![CDATA[STEP177]]>
    </line>
    <line>
      <![CDATA[STEP178]]>
    </line>
    <line>
      <![CDATA[STEP179]]>
    </line>
    <line>
      <![CDATA[STEP180]]>
    </line>
    <line>
      <![CDATA[STEP181]]>
    </line>
    <line>
      <![CDATA[STEP182]]>
    </line>
    <line>
      <![CDATA[STEP183]]>
    </line>
    <line>
      <![CDATA[STEP184]]>
    </line>
    <line>
      <![CDATA[STEP185]]>
    </line>
    <line>
      <![CDATA[STEP186]]>
    </line>
    <line>
      <![CDATA[STEP187]]>
    </line>
    <line>
      <![CDATA[STEP188]]>
    </line>
    <line>
      <![CDATA[STEP189]]>
    </line>
    <line>
      <![CDATA[STEP190]]>
    </line>
    <line>
      <![CDATA[STEP191]]>
    </line>
    <line>
      <![CDATA[STEP192]]>
    </line>
    <line>
      <![CDATA[STEP193]]>
    </line>
    <line>
      <![CDATA[STEP194]]>
    </line>
    <line>
      <![CDATA[STEP195]]>
    </line>
    <line>
      <![CDATA[STEP196]]>
    </line>
    <line>
      <![CDATA[STEP197]]>
    </line>
    <line>
      <![CDATA[STEP198]]>
    </line>
    <line>
      <![CDATA[STEP199]]>
    </line>
    <line>
      <![CDATA[STEP200]]>
    </line>
    <line>
      <![CDATA[STEP201]]>
    </line>
    <line>
      <![CDATA[STEP202]]>
    </line>
    <line>
      <![CDATA[STEP203]]>
    </line>
    <line>
      <![CDATA[STEP204]]>
    </line>
    <line>
      <![CDATA[STEP205]]>
    </line>
    <line>
      <![CDATA[STEP206]]>
    </line>
    <line>
      <![CDATA[STEP207]]>
    </line>
    <line>
      <![CDATA[STEP208]]>
    </line>
    <line>
      <![CDATA[STEP209]]>
    </line>
    <line>
      <![CDATA[STEP210]]>
    </line>
    <line>
      <![CDATA[STEP211]]>
    </line>
    <line>
      <![CDATA[STEP212]]>
    </line>
    <line>
      <![CDATA[STEP213]]>
    </line>
    <line>
      <![CDATA[STEP214]]>
    </line>
    <line>
      <![CDATA[STEP215]]>
    </line>
    <line>
      <![CDATA[STEP216]]>
    </line>
    <line>
      <![CDATA[STEP217]]>
    </line>
    <line>
      <![CDATA[STEP218]]>
    </line>
    <line>
      <![CDATA[STEP219]]>
    </line>
    <line>
      <![CDATA[STEP220]]>
    </line>
    <line>
      <![CDATA[STEP221]]>
    </line>
    <line>
      <![CDATA[STEP222]]>
    </line>
    <line>
      <![CDATA[STEP223]]>
    </line>
    <line>
      <![CDATA[STEP224]]>
    </line>
    <line>
      <![CDATA[STEP225]]>
    </line>
    <line>
      <![CDATA[STEP226]]>
    </line>
    <line>
      <![CDATA[STEP227]]>
    </line>
    <line>
      <![CDATA[STEP228]]>
    </line>
    <line>
      <![CDATA[STEP229]]>
    </line>
    <line>
      <![CDATA[STEP230]]>
    </line>
    <line>
      <![CDATA[STEP231]]>
    </line>
    <line>
      <![CDATA[STEP232]]>
    </line>
    <line>
      <![CDATA[STEP233]]>
    </line>
    <line>
      <![CDATA[STEP234]]>
    </line>
    <line>
      <![CDATA[STEP235]]>
    </line>
    <line>
      <![CDATA[STEP236]]>
    </line>
    <line>
      <![CDATA[STEP237]]>
    </line>
    <line>
      <![CDATA[STEP238]]>
    </line>
    <line>
      <![CDATA[STEP239]]>
    </line>
    <line>
      <![CDATA[STEP240]]>
    </line>
    <line>
      <![CDATA[STEP241]]>
    </line>
    <line>
      <![CDATA[STEP242]]>
    </line>
    <line>
      <![CDATA[STEP243]]>
    </line>
    <line>
      <![CDATA[STEP244]]>
    </line>
    <line>
      <![CDATA[STEP245]]>
    </line>
    <line>
      <![CDATA[STEP246]]>
    </line>
    <line>
      <![CDATA[STEP247]]>
    </line>
    <line>
      <![CDATA[STEP248]]>
    </line>
    <line>
      <![CDATA[STEP249]]>
    </line>
    <line>
      <![CDATA[STEP250]]>
    </line>
    <line>
      <![CDATA[STEP251]]>
    </line>
    <line>
      <![CDATA[STEP252]]>
    </line>
    <line>
      <![CDATA[STEP253]]>
    </line>
    <line>
      <![CDATA[STEP254]]>
    </line>
    <line>
      <![CDATA[STEP255]]>
    </line>
    <line>
      <![CDATA[STEP256]]>
    </line>
    <line>
      <![CDATA[STEP257]]>
    </line>
    <line>
      <![CDATA[STEP258]]>
    </line>
    <line>
      <![CDATA[STEP259]]>
    </line>
    <line>
      <![CDATA[STEP260]]>
    </line>
    <line>
      <![CDATA[STEP261]]>
    </line>
    <line>
      <![CDATA[STEP262]]>
    </line>
    <line>
      <![CDATA[STEP263]]>
    </line>
    <line>
      <![CDATA[STEP264]]>
    </line>
    <line>
      <![CDATA[STEP265]]>
    </line>
    <line>
      <![CDATA[STEP266]]>
    </line>
    <line>
      <![CDATA[STEP267]]>
    </line>
    <line>
      <![CDATA[STEP268]]>
    </line>
    <line>
      <![CDATA[STEP269]]>
    </line>
    <line>
      <![CDATA[STEP270]]>
    </line>
    <line>
      <![CDATA[STEP271]]>
    </line>
    <line>
      <![CDATA[STEP272]]>
    </line>
    <line>
      <![CDATA[STEP273]]>
    </line>
    <line>
      <![CDATA[STEP274]]>
    </line>
    <line>
      <![CDATA[STEP275]]>
    </line>
    <line>
      <![CDATA[STEP276]]>
    </line>
    <line>
      <![CDATA[STEP277]]>
    </line>
    <line>
      <![CDATA[STEP278]]>
    </line>
    <line>
      <![CDATA[STEP279]]>
    </line>
    <line>
      <![CDATA[STEP280]]>
    </line>
    <line>
      <![CDATA[STEP281]]>
    </line>
    <line>
      <![CDATA[STEP282]]>
    </line>
    <line>
      <![CDATA[STEP283]]>
    </line>
    <line>
      <![CDATA[STEP284]]>
    </line>
    <line>
      <![CDATA[STEP285]]>
    </line>
    <line>
      <![CDATA[STEP286]]>
    </line>
    <line>
      <![CDATA[STEP287]]>
    </line>
    <line>
      <![CDATA[STEP288]]>
    </line>
    <line>
      <![CDATA[STEP289]]>
    </line>
    <line>
      <![CDATA[STEP290]]>
    </line>
    <line>
      <![CDATA[STEP291]]>
    </line>
    <line>
      <![CDATA[STEP292]]>
    </line>
    <line>
      <![CDATA[STEP293]]>
    </line>
    <line>
      <![CDATA[STEP294]]>
    </line>
    <line>
      <![CDATA[STEP295]]>
    </line>
    <line>
      <![CDATA[STEP296]]>
    </line>
    <line>
      <![CDATA[STEP297]]>
    </line>
    <line>
      <![CDATA[STEP298]]>
    </line>
    <line>
      <![CDATA[STEP299]]>
    </line>
    <line>
      <![CDATA[STEP300]]>
    </line>
    <line>
      <![CDATA[STEP301]]>
    </line>
    <line>
      <![CDATA[STEP302]]>
    </line>
    <line>
      <![CDATA[STEP303]]>
    </line>
    <line>
      <![CDATA[STEP304]]>
    </line>
    <line>
      <![CDATA[STEP305]]>
    </line>
    <line>
      <![CDATA[STEP306]]>
    </line>
    <line>
      <![CDATA[STEP307]]>
    </line>
    <line>
      <![CDATA[STEP308]]>
    </line>
    <line>
      <![CDATA[STEP309]]>
    </line>
    <line>
      <![CDATA[STEP310]]>
    </line>
    <line>
      <![CDATA[STEP311]]>
    </line>
    <line>
      <![CDATA[STEP312]]>
    </line>
    <line>
      <![CDATA[STEP313]]>
    </line>
    <line>
      <![CDATA[STEP314]]>
    </line>
    <line>
      <![CDATA[STEP315]]>
    </line>
    <line>
      <![CDATA[STEP316]]>
    </line>
    <line>
      <![CDATA[STEP317]]>
    </line>
    <line>
      <![CDATA[STEP318]]>
    </line>
    <line>
      <![CDATA[STEP319]]>
    </line>
    <line>
      <![CDATA[STEP320]]>
    </line>
    <line>
      <![CDATA[STEP321]]>
    </line>
    <line>
      <![CDATA[STEP322]]>
    </line>
    <line>
      <![CDATA[STEP323]]>
    </line>
    <line>
      <![CDATA[STEP324]]>
    </line>
    <line>
      <![CDATA[STEP325]]>
    </line>
    <line>
      <![CDATA[STEP326]]>
    </line>
    <line>
      <![CDATA[STEP327]]>
    </line>
    <line>
      <![CDATA[STEP328]]>
    </line>
    <line>
      <![CDATA[STEP329]]>
    </line>
    <line>
      <![CDATA[STEP330]]>
    </line>
    <line>
      <![CDATA[STEP331]]>
    </line>
    <line>
      <![CDATA[STEP332]]>
    </line>
    <line>
      <![CDATA[STEP333]]>
    </line>
    <line>
      <![CDATA[STEP334]]>
    </line>
    <line>
      <![CDATA[STEP335]]>
    </line>
    <line>
      <![CDATA[STEP336]]>
    </line>
    <line>
      <![CDATA[STEP337]]>
    </line>
    <line>
      <![CDATA[STEP338]]>
    </line>
    <line>
      <![CDATA[STEP339]]>
    </line>
    <line>
      <![CDATA[STEP340]]>
    </line>
    <line>
      <![CDATA[STEP341]]>
    </line>
    <line>
      <![CDATA[STEP342]]>
    </line>
    <line>
      <![CDATA[STEP343]]>
    </line>
    <line>
      <![CDATA[STEP344]]>
    </line>
    <line>
      <![CDATA[STEP345]]>
    </line>
    <line>
      <![CDATA[STEP346]]>
    </line>
    <line>
      <![CDATA[STEP347]]>
    </line>
    <line>
      <![CDATA[STEP348]]>
    </line>
    <line>
      <![CDATA[STEP349]]>
    </line>
    <line>
      <![CDATA[STEP350]]>
    </line>
    <line>
      <![CDATA[STEP351]]>
    </line>
    <line>
      <![CDATA[STEP352]]>
    </line>
    <line>
      <![CDATA[STEP353]]>
    </line>
    <line>
      <![CDATA[STEP354]]>
    </line>
    <line>
      <![CDATA[STEP355]]>
    </line>
    <line>
      <![CDATA[STEP356]]>
    </line>
    <line>
      <![CDATA[STEP357]]>
    </line>
    <line>
      <![CDATA[STEP358]]>
    </line>
    <line>
      <![CDATA[STEP359]]>
    </line>
    <line>
      <![CDATA[STEP360]]>
    </line>
    <line>
      <![CDATA[STEP361]]>
    </line>
    <line>
      <![CDATA[STEP362]]>
    </line>
    <line>
      <![CDATA[STEP363]]>
    </line>
    <line>
      <![CDATA[STEP364]]>
    </line>
    <line>
      <![CDATA[STEP365]]>
    </line>
    <line>
      <![CDATA[STEP366]]>
    </line>
    <line>
      <![CDATA[STEP367]]>
    </line>
    <line>
      <![CDATA[STEP368]]>
    </line>
    <line>
      <![CDATA[STEP369]]>
    </line>
    <line>
      <![CDATA[STEP370]]>
    </line>
    <line>
      <![CDATA[STEP371]]>
    </line>
    <line>
      <![CDATA[STEP372]]>
    </line>
    <line>
      <![CDATA[STEP373]]>
    </line>
    <line>
      <![CDATA[STEP374]]>
    </line>
    <line>
      <![CDATA[STEP375]]>
    </line>
    <line>
      <![CDATA[STEP376]]>
    </line>
    <line>
      <![CDATA[STEP377]]>
    </line>
    <line>
      <![CDATA[STEP378]]>
    </line>
    <line>
      <![CDATA[STEP379]]>
    </line>
    <line>
      <![CDATA[STEP380]]>
    </line>
    <line>
      <![CDATA[STEP381]]>
    </line>
    <line>
      <![CDATA[STEP382]]>
    </line>
    <line>
      <![CDATA[STEP383]]>
    </line>
    <line>
      <![CDATA[STEP384]]>
    </line>
    <line>
      <![CDATA[STEP385]]>
    </line>
    <line>
      <![CDATA[STEP386]]>
    </line>
    <line>
      <![CDATA[STEP387]]>
    </line>
    <line>
      <![CDATA[STEP388]]>
    </line>
    <line>
      <![CDATA[STEP389]]>
    </line>
    <line>
      <![CDATA[STEP390]]>
    </line>
    <line>
      <![CDATA[STEP391]]>
    </line>
    <line>
      <![CDATA[STEP392]]>
    </line>
    <line>
      <![CDATA[STEP393]]>
    </line>
    <line>
      <![CDATA[STEP394]]>
    </line>
    <line>
      <![CDATA[STEP395]]>
    </line>
    <line>
      <![CDATA[STEP396]]>
    </line>
    <line>
      <![CDATA[STEP397]]>
    </line>
    <line>
      <![CDATA[STEP398]]>
    </line>
  </reporter-output>
  <suite name="Fipsar QA" duration-ms="697066" started-at="2018-04-19T11:04:54Z" finished-at="2018-04-19T11:16:31Z">
    <groups>
    </groups>
    <test name="Fipsar" duration-ms="697066" started-at="2018-04-19T11:04:54Z" finished-at="2018-04-19T11:16:31Z">
      <class name="TestNGClass">
        <test-method status="PASS" signature="testCaseProvider()[pri:0, instance:TestNGClass@4883b407]" name="testCaseProvider" is-config="true" duration-ms="484" started-at="2018-04-19T07:04:54Z" finished-at="2018-04-19T07:04:55Z">
          <reporter-output>
          </reporter-output>
        </test-method> <!-- testCaseProvider -->
        <test-method status="FAIL" signature="launchapp(com.fipsar.qa.utils.TestParameters)[pri:0, instance:TestNGClass@4883b407]" name="launchapp" duration-ms="34918" started-at="2018-04-19T07:04:55Z" data-provider="data" finished-at="2018-04-19T07:05:30Z">
          <params>
            <param index="0">
              <value>
                <![CDATA[L_Prov_App_Field_Validation_chrome]]>
              </value>
            </param>
          </params>
          <exception class="org.openqa.selenium.WebDriverException">
            <message>
              <![CDATA[unknown error: Element <button id="clear-by-ssn" class="button button provider-landing-search-buttons" data-toggle="" data-target="" data-dismiss="">...</button> is not clickable at point (1121, 403). Other element would receive the click: <div class="loader_background">...</div>
  (Session info: chrome=65.0.3325.181)
  (Driver info: chromedriver=2.36.540470 (e522d04694c7ebea4ba8821272dbef4f9b818c91),platform=Windows NT 6.1.7601 SP1 x86_64) (WARNING: The server did not provide any stacktrace information)
Command duration or timeout: 0 milliseconds
Build info: version: 'unknown', revision: 'unknown', time: 'unknown'
System info: host: 'P17VM-007', ip: '192.168.7.112', os.name: 'Windows 7', os.arch: 'amd64', os.version: '6.1', java.version: '1.8.0_161'
Driver info: org.openqa.selenium.chrome.ChromeDriver
Capabilities {acceptInsecureCerts: false, acceptSslCerts: false, applicationCacheEnabled: false, browserConnectionEnabled: false, browserName: chrome, chrome: {chromedriverVersion: 2.36.540470 (e522d04694c7eb..., userDataDir: C:\Users\paf1121\AppData\Lo...}, cssSelectorsEnabled: true, databaseEnabled: false, handlesAlerts: true, hasTouchScreen: false, javascriptEnabled: true, locationContextEnabled: true, mobileEmulationEnabled: false, nativeEvents: true, networkConnectionEnabled: false, pageLoadStrategy: normal, platform: XP, platformName: XP, rotatable: false, setWindowRect: true, takesHeapSnapshot: true, takesScreenshot: true, unexpectedAlertBehaviour: , unhandledPromptBehavior: , version: 65.0.3325.181, webStorageEnabled: true}
Session ID: 7665ea10a933970c389ae3c8b76d025c]]>
            </message>
            <full-stacktrace>
              <![CDATA[org.openqa.selenium.WebDriverException: unknown error: Element <button id="clear-by-ssn" class="button button provider-landing-search-buttons" data-toggle="" data-target="" data-dismiss="">...</button> is not clickable at point (1121, 403). Other element would receive the click: <div class="loader_background">...</div>
  (Session info: chrome=65.0.3325.181)
  (Driver info: chromedriver=2.36.540470 (e522d04694c7ebea4ba8821272dbef4f9b818c91),platform=Windows NT 6.1.7601 SP1 x86_64) (WARNING: The server did not provide any stacktrace information)
Command duration or timeout: 0 milliseconds
Build info: version: 'unknown', revision: 'unknown', time: 'unknown'
System info: host: 'P17VM-007', ip: '192.168.7.112', os.name: 'Windows 7', os.arch: 'amd64', os.version: '6.1', java.version: '1.8.0_161'
Driver info: org.openqa.selenium.chrome.ChromeDriver
Capabilities {acceptInsecureCerts: false, acceptSslCerts: false, applicationCacheEnabled: false, browserConnectionEnabled: false, browserName: chrome, chrome: {chromedriverVersion: 2.36.540470 (e522d04694c7eb..., userDataDir: C:\Users\paf1121\AppData\Lo...}, cssSelectorsEnabled: true, databaseEnabled: false, handlesAlerts: true, hasTouchScreen: false, javascriptEnabled: true, locationContextEnabled: true, mobileEmulationEnabled: false, nativeEvents: true, networkConnectionEnabled: false, pageLoadStrategy: normal, platform: XP, platformName: XP, rotatable: false, setWindowRect: true, takesHeapSnapshot: true, takesScreenshot: true, unexpectedAlertBehaviour: , unhandledPromptBehavior: , version: 65.0.3325.181, webStorageEnabled: true}
Session ID: 7665ea10a933970c389ae3c8b76d025c
	at sun.reflect.NativeConstructorAccessorImpl.newInstance0(Native Method)
	at sun.reflect.NativeConstructorAccessorImpl.newInstance(Unknown Source)
	at sun.reflect.DelegatingConstructorAccessorImpl.newInstance(Unknown Source)
	at java.lang.reflect.Constructor.newInstance(Unknown Source)
	at org.openqa.selenium.remote.ErrorHandler.createThrowable(ErrorHandler.java:214)
	at org.openqa.selenium.remote.ErrorHandler.throwIfResponseFailed(ErrorHandler.java:166)
	at org.openqa.selenium.remote.http.JsonHttpResponseCodec.reconstructValue(JsonHttpResponseCodec.java:40)
	at org.openqa.selenium.remote.http.AbstractHttpResponseCodec.decode(AbstractHttpResponseCodec.java:80)
	at org.openqa.selenium.remote.http.AbstractHttpResponseCodec.decode(AbstractHttpResponseCodec.java:44)
	at org.openqa.selenium.remote.HttpCommandExecutor.execute(HttpCommandExecutor.java:160)
	at org.openqa.selenium.remote.service.DriverCommandExecutor.execute(DriverCommandExecutor.java:83)
	at org.openqa.selenium.remote.RemoteWebDriver.execute(RemoteWebDriver.java:601)
	at org.openqa.selenium.remote.RemoteWebElement.execute(RemoteWebElement.java:279)
	at org.openqa.selenium.remote.RemoteWebElement.click(RemoteWebElement.java:83)
	at com.fipsar.qa.commands.Manipulation.click(Manipulation.java:72)
	at com.fipsar.qa.util.CommandUtils.executeAction(CommandUtils.java:158)
	at com.fipsar.qa.datadriver.TestCaseRunner.exectuteTestCase(TestCaseRunner.java:79)
	at TestNGClass.launchapp(TestNGClass.java:133)
	at sun.reflect.NativeMethodAccessorImpl.invoke0(Native Method)
	at sun.reflect.NativeMethodAccessorImpl.invoke(Unknown Source)
	at sun.reflect.DelegatingMethodAccessorImpl.invoke(Unknown Source)
	at java.lang.reflect.Method.invoke(Unknown Source)
	at org.testng.internal.MethodInvocationHelper.invokeMethod(MethodInvocationHelper.java:108)
	at org.testng.internal.Invoker.invokeMethod(Invoker.java:661)
	at org.testng.internal.Invoker.invokeTestMethod(Invoker.java:869)
	at org.testng.internal.TestMethodWithDataProviderMethodWorker.call(TestMethodWithDataProviderMethodWorker.java:75)
	at org.testng.internal.TestMethodWithDataProviderMethodWorker.call(TestMethodWithDataProviderMethodWorker.java:14)
	at java.util.concurrent.FutureTask.run(Unknown Source)
	at java.util.concurrent.Executors$RunnableAdapter.call(Unknown Source)
	at java.util.concurrent.FutureTask.run(Unknown Source)
	at java.util.concurrent.ThreadPoolExecutor.runWorker(Unknown Source)
	at java.util.concurrent.ThreadPoolExecutor$Worker.run(Unknown Source)
	at java.lang.Thread.run(Unknown Source)
]]>
            </full-stacktrace>
          </exception> <!-- org.openqa.selenium.WebDriverException -->
          <reporter-output>
            <line>
              <![CDATA[STEP1]]>
            </line>
            <line>
              <![CDATA[STEP2]]>
            </line>
            <line>
              <![CDATA[STEP3]]>
            </line>
            <line>
              <![CDATA[STEP4]]>
            </line>
            <line>
              <![CDATA[STEP5]]>
            </line>
            <line>
              <![CDATA[STEP6]]>
            </line>
            <line>
              <![CDATA[STEP7]]>
            </line>
            <line>
              <![CDATA[STEP8]]>
            </line>
            <line>
              <![CDATA[STEP9]]>
            </line>
            <line>
              <![CDATA[STEP10]]>
            </line>
            <line>
              <![CDATA[STEP11]]>
            </line>
            <line>
              <![CDATA[STEP12]]>
            </line>
            <line>
              <![CDATA[STEP13]]>
            </line>
            <line>
              <![CDATA[STEP14]]>
            </line>
            <line>
              <![CDATA[STEP15]]>
            </line>
            <line>
              <![CDATA[STEP16]]>
            </line>
            <line>
              <![CDATA[STEP17]]>
            </line>
            <line>
              <![CDATA[STEP18]]>
            </line>
            <line>
              <![CDATA[STEP19]]>
            </line>
            <line>
              <![CDATA[STEP20]]>
            </line>
            <line>
              <![CDATA[STEP21]]>
            </line>
            <line>
              <![CDATA[STEP22]]>
            </line>
            <line>
              <![CDATA[STEP23]]>
            </line>
            <line>
              <![CDATA[STEP24]]>
            </line>
            <line>
              <![CDATA[STEP25]]>
            </line>
            <line>
              <![CDATA[STEP26]]>
            </line>
            <line>
              <![CDATA[STEP27]]>
            </line>
            <line>
              <![CDATA[STEP28]]>
            </line>
          </reporter-output>
        </test-method> <!-- launchapp -->
        <test-method status="FAIL" signature="launchapp(com.fipsar.qa.utils.TestParameters)[pri:0, instance:TestNGClass@4883b407]" name="launchapp" duration-ms="21486" started-at="2018-04-19T07:05:30Z" data-provider="data" finished-at="2018-04-19T07:05:51Z">
          <params>
            <param index="0">
              <value>
                <![CDATA[L_Prov_Mandatory_ErrorMessage_Validation_chrome]]>
              </value>
            </param>
          </params>
          <exception class="java.lang.NullPointerException">
            <full-stacktrace>
              <![CDATA[java.lang.NullPointerException
	at com.fipsar.qa.commands.Manipulation.click(Manipulation.java:71)
	at com.fipsar.qa.util.CommandUtils.executeAction(CommandUtils.java:158)
	at com.fipsar.qa.datadriver.TestCaseRunner.exectuteTestCase(TestCaseRunner.java:79)
	at TestNGClass.launchapp(TestNGClass.java:133)
	at sun.reflect.NativeMethodAccessorImpl.invoke0(Native Method)
	at sun.reflect.NativeMethodAccessorImpl.invoke(Unknown Source)
	at sun.reflect.DelegatingMethodAccessorImpl.invoke(Unknown Source)
	at java.lang.reflect.Method.invoke(Unknown Source)
	at org.testng.internal.MethodInvocationHelper.invokeMethod(MethodInvocationHelper.java:108)
	at org.testng.internal.Invoker.invokeMethod(Invoker.java:661)
	at org.testng.internal.Invoker.invokeTestMethod(Invoker.java:869)
	at org.testng.internal.TestMethodWithDataProviderMethodWorker.call(TestMethodWithDataProviderMethodWorker.java:75)
	at org.testng.internal.TestMethodWithDataProviderMethodWorker.call(TestMethodWithDataProviderMethodWorker.java:14)
	at java.util.concurrent.FutureTask.run(Unknown Source)
	at java.util.concurrent.Executors$RunnableAdapter.call(Unknown Source)
	at java.util.concurrent.FutureTask.run(Unknown Source)
	at java.util.concurrent.ThreadPoolExecutor.runWorker(Unknown Source)
	at java.util.concurrent.ThreadPoolExecutor$Worker.run(Unknown Source)
	at java.lang.Thread.run(Unknown Source)
]]>
            </full-stacktrace>
          </exception> <!-- java.lang.NullPointerException -->
          <reporter-output>
            <line>
              <![CDATA[STEP29]]>
            </line>
            <line>
              <![CDATA[STEP30]]>
            </line>
            <line>
              <![CDATA[STEP31]]>
            </line>
            <line>
              <![CDATA[STEP32]]>
            </line>
            <line>
              <![CDATA[STEP33]]>
            </line>
            <line>
              <![CDATA[STEP34]]>
            </line>
            <line>
              <![CDATA[STEP35]]>
            </line>
            <line>
              <![CDATA[STEP36]]>
            </line>
          </reporter-output>
        </test-method> <!-- launchapp -->
        <test-method status="FAIL" signature="launchapp(com.fipsar.qa.utils.TestParameters)[pri:0, instance:TestNGClass@4883b407]" name="launchapp" duration-ms="34794" started-at="2018-04-19T07:05:51Z" data-provider="data" finished-at="2018-04-19T07:06:26Z">
          <params>
            <param index="0">
              <value>
                <![CDATA[L_Prov_Patient_App_Create_PCase_Positive_chrome]]>
              </value>
            </param>
          </params>
          <exception class="org.openqa.selenium.WebDriverException">
            <message>
              <![CDATA[unknown error: Element <button id="" class="button" type="submit" data-toggle="" data-target="" data-dismiss="">...</button> is not clickable at point (928, 502). Other element would receive the click: <img class="loader_position" src="/images/pageload.gif">
  (Session info: chrome=65.0.3325.181)
  (Driver info: chromedriver=2.36.540470 (e522d04694c7ebea4ba8821272dbef4f9b818c91),platform=Windows NT 6.1.7601 SP1 x86_64) (WARNING: The server did not provide any stacktrace information)
Command duration or timeout: 0 milliseconds
Build info: version: 'unknown', revision: 'unknown', time: 'unknown'
System info: host: 'P17VM-007', ip: '192.168.7.112', os.name: 'Windows 7', os.arch: 'amd64', os.version: '6.1', java.version: '1.8.0_161'
Driver info: org.openqa.selenium.chrome.ChromeDriver
Capabilities {acceptInsecureCerts: false, acceptSslCerts: false, applicationCacheEnabled: false, browserConnectionEnabled: false, browserName: chrome, chrome: {chromedriverVersion: 2.36.540470 (e522d04694c7eb..., userDataDir: C:\Users\paf1121\AppData\Lo...}, cssSelectorsEnabled: true, databaseEnabled: false, handlesAlerts: true, hasTouchScreen: false, javascriptEnabled: true, locationContextEnabled: true, mobileEmulationEnabled: false, nativeEvents: true, networkConnectionEnabled: false, pageLoadStrategy: normal, platform: XP, platformName: XP, rotatable: false, setWindowRect: true, takesHeapSnapshot: true, takesScreenshot: true, unexpectedAlertBehaviour: , unhandledPromptBehavior: , version: 65.0.3325.181, webStorageEnabled: true}
Session ID: 4ecad4be607d34fab18040d57bcd179d]]>
            </message>
            <full-stacktrace>
              <![CDATA[org.openqa.selenium.WebDriverException: unknown error: Element <button id="" class="button" type="submit" data-toggle="" data-target="" data-dismiss="">...</button> is not clickable at point (928, 502). Other element would receive the click: <img class="loader_position" src="/images/pageload.gif">
  (Session info: chrome=65.0.3325.181)
  (Driver info: chromedriver=2.36.540470 (e522d04694c7ebea4ba8821272dbef4f9b818c91),platform=Windows NT 6.1.7601 SP1 x86_64) (WARNING: The server did not provide any stacktrace information)
Command duration or timeout: 0 milliseconds
Build info: version: 'unknown', revision: 'unknown', time: 'unknown'
System info: host: 'P17VM-007', ip: '192.168.7.112', os.name: 'Windows 7', os.arch: 'amd64', os.version: '6.1', java.version: '1.8.0_161'
Driver info: org.openqa.selenium.chrome.ChromeDriver
Capabilities {acceptInsecureCerts: false, acceptSslCerts: false, applicationCacheEnabled: false, browserConnectionEnabled: false, browserName: chrome, chrome: {chromedriverVersion: 2.36.540470 (e522d04694c7eb..., userDataDir: C:\Users\paf1121\AppData\Lo...}, cssSelectorsEnabled: true, databaseEnabled: false, handlesAlerts: true, hasTouchScreen: false, javascriptEnabled: true, locationContextEnabled: true, mobileEmulationEnabled: false, nativeEvents: true, networkConnectionEnabled: false, pageLoadStrategy: normal, platform: XP, platformName: XP, rotatable: false, setWindowRect: true, takesHeapSnapshot: true, takesScreenshot: true, unexpectedAlertBehaviour: , unhandledPromptBehavior: , version: 65.0.3325.181, webStorageEnabled: true}
Session ID: 4ecad4be607d34fab18040d57bcd179d
	at sun.reflect.NativeConstructorAccessorImpl.newInstance0(Native Method)
	at sun.reflect.NativeConstructorAccessorImpl.newInstance(Unknown Source)
	at sun.reflect.DelegatingConstructorAccessorImpl.newInstance(Unknown Source)
	at java.lang.reflect.Constructor.newInstance(Unknown Source)
	at org.openqa.selenium.remote.ErrorHandler.createThrowable(ErrorHandler.java:214)
	at org.openqa.selenium.remote.ErrorHandler.throwIfResponseFailed(ErrorHandler.java:166)
	at org.openqa.selenium.remote.http.JsonHttpResponseCodec.reconstructValue(JsonHttpResponseCodec.java:40)
	at org.openqa.selenium.remote.http.AbstractHttpResponseCodec.decode(AbstractHttpResponseCodec.java:80)
	at org.openqa.selenium.remote.http.AbstractHttpResponseCodec.decode(AbstractHttpResponseCodec.java:44)
	at org.openqa.selenium.remote.HttpCommandExecutor.execute(HttpCommandExecutor.java:160)
	at org.openqa.selenium.remote.service.DriverCommandExecutor.execute(DriverCommandExecutor.java:83)
	at org.openqa.selenium.remote.RemoteWebDriver.execute(RemoteWebDriver.java:601)
	at org.openqa.selenium.remote.RemoteWebElement.execute(RemoteWebElement.java:279)
	at org.openqa.selenium.remote.RemoteWebElement.click(RemoteWebElement.java:83)
	at com.fipsar.qa.commands.Manipulation.click(Manipulation.java:72)
	at com.fipsar.qa.util.CommandUtils.executeAction(CommandUtils.java:158)
	at com.fipsar.qa.datadriver.TestCaseRunner.exectuteTestCase(TestCaseRunner.java:79)
	at TestNGClass.launchapp(TestNGClass.java:133)
	at sun.reflect.NativeMethodAccessorImpl.invoke0(Native Method)
	at sun.reflect.NativeMethodAccessorImpl.invoke(Unknown Source)
	at sun.reflect.DelegatingMethodAccessorImpl.invoke(Unknown Source)
	at java.lang.reflect.Method.invoke(Unknown Source)
	at org.testng.internal.MethodInvocationHelper.invokeMethod(MethodInvocationHelper.java:108)
	at org.testng.internal.Invoker.invokeMethod(Invoker.java:661)
	at org.testng.internal.Invoker.invokeTestMethod(Invoker.java:869)
	at org.testng.internal.TestMethodWithDataProviderMethodWorker.call(TestMethodWithDataProviderMethodWorker.java:75)
	at org.testng.internal.TestMethodWithDataProviderMethodWorker.call(TestMethodWithDataProviderMethodWorker.java:14)
	at java.util.concurrent.FutureTask.run(Unknown Source)
	at java.util.concurrent.Executors$RunnableAdapter.call(Unknown Source)
	at java.util.concurrent.FutureTask.run(Unknown Source)
	at java.util.concurrent.ThreadPoolExecutor.runWorker(Unknown Source)
	at java.util.concurrent.ThreadPoolExecutor$Worker.run(Unknown Source)
	at java.lang.Thread.run(Unknown Source)
]]>
            </full-stacktrace>
          </exception> <!-- org.openqa.selenium.WebDriverException -->
          <reporter-output>
            <line>
              <![CDATA[STEP37]]>
            </line>
            <line>
              <![CDATA[STEP38]]>
            </line>
            <line>
              <![CDATA[STEP39]]>
            </line>
            <line>
              <![CDATA[STEP40]]>
            </line>
            <line>
              <![CDATA[STEP41]]>
            </line>
            <line>
              <![CDATA[STEP42]]>
            </line>
            <line>
              <![CDATA[STEP43]]>
            </line>
            <line>
              <![CDATA[STEP44]]>
            </line>
            <line>
              <![CDATA[STEP45]]>
            </line>
            <line>
              <![CDATA[STEP46]]>
            </line>
          </reporter-output>
        </test-method> <!-- launchapp -->
        <test-method status="FAIL" signature="launchapp(com.fipsar.qa.utils.TestParameters)[pri:0, instance:TestNGClass@4883b407]" name="launchapp" duration-ms="78581" started-at="2018-04-19T07:06:26Z" data-provider="data" finished-at="2018-04-19T07:07:44Z">
          <params>
            <param index="0">
              <value>
                <![CDATA[L_Prov_Patient_App_Create__App_Cancel_Preview_chrome]]>
              </value>
            </param>
          </params>
          <exception class="org.openqa.selenium.WebDriverException">
            <message>
              <![CDATA[unknown error: Element <label for="0" class="btn btn-default">...</label> is not clickable at point (1253, 388). Other element would receive the click: <div class="loader_background">...</div>
  (Session info: chrome=65.0.3325.181)
  (Driver info: chromedriver=2.36.540470 (e522d04694c7ebea4ba8821272dbef4f9b818c91),platform=Windows NT 6.1.7601 SP1 x86_64) (WARNING: The server did not provide any stacktrace information)
Command duration or timeout: 0 milliseconds
Build info: version: 'unknown', revision: 'unknown', time: 'unknown'
System info: host: 'P17VM-007', ip: '192.168.7.112', os.name: 'Windows 7', os.arch: 'amd64', os.version: '6.1', java.version: '1.8.0_161'
Driver info: org.openqa.selenium.chrome.ChromeDriver
Capabilities {acceptInsecureCerts: false, acceptSslCerts: false, applicationCacheEnabled: false, browserConnectionEnabled: false, browserName: chrome, chrome: {chromedriverVersion: 2.36.540470 (e522d04694c7eb..., userDataDir: C:\Users\paf1121\AppData\Lo...}, cssSelectorsEnabled: true, databaseEnabled: false, handlesAlerts: true, hasTouchScreen: false, javascriptEnabled: true, locationContextEnabled: true, mobileEmulationEnabled: false, nativeEvents: true, networkConnectionEnabled: false, pageLoadStrategy: normal, platform: XP, platformName: XP, rotatable: false, setWindowRect: true, takesHeapSnapshot: true, takesScreenshot: true, unexpectedAlertBehaviour: , unhandledPromptBehavior: , version: 65.0.3325.181, webStorageEnabled: true}
Session ID: c5bc602b5515d087216922bd142dc2a0]]>
            </message>
            <full-stacktrace>
              <![CDATA[org.openqa.selenium.WebDriverException: unknown error: Element <label for="0" class="btn btn-default">...</label> is not clickable at point (1253, 388). Other element would receive the click: <div class="loader_background">...</div>
  (Session info: chrome=65.0.3325.181)
  (Driver info: chromedriver=2.36.540470 (e522d04694c7ebea4ba8821272dbef4f9b818c91),platform=Windows NT 6.1.7601 SP1 x86_64) (WARNING: The server did not provide any stacktrace information)
Command duration or timeout: 0 milliseconds
Build info: version: 'unknown', revision: 'unknown', time: 'unknown'
System info: host: 'P17VM-007', ip: '192.168.7.112', os.name: 'Windows 7', os.arch: 'amd64', os.version: '6.1', java.version: '1.8.0_161'
Driver info: org.openqa.selenium.chrome.ChromeDriver
Capabilities {acceptInsecureCerts: false, acceptSslCerts: false, applicationCacheEnabled: false, browserConnectionEnabled: false, browserName: chrome, chrome: {chromedriverVersion: 2.36.540470 (e522d04694c7eb..., userDataDir: C:\Users\paf1121\AppData\Lo...}, cssSelectorsEnabled: true, databaseEnabled: false, handlesAlerts: true, hasTouchScreen: false, javascriptEnabled: true, locationContextEnabled: true, mobileEmulationEnabled: false, nativeEvents: true, networkConnectionEnabled: false, pageLoadStrategy: normal, platform: XP, platformName: XP, rotatable: false, setWindowRect: true, takesHeapSnapshot: true, takesScreenshot: true, unexpectedAlertBehaviour: , unhandledPromptBehavior: , version: 65.0.3325.181, webStorageEnabled: true}
Session ID: c5bc602b5515d087216922bd142dc2a0
	at sun.reflect.NativeConstructorAccessorImpl.newInstance0(Native Method)
	at sun.reflect.NativeConstructorAccessorImpl.newInstance(Unknown Source)
	at sun.reflect.DelegatingConstructorAccessorImpl.newInstance(Unknown Source)
	at java.lang.reflect.Constructor.newInstance(Unknown Source)
	at org.openqa.selenium.remote.ErrorHandler.createThrowable(ErrorHandler.java:214)
	at org.openqa.selenium.remote.ErrorHandler.throwIfResponseFailed(ErrorHandler.java:166)
	at org.openqa.selenium.remote.http.JsonHttpResponseCodec.reconstructValue(JsonHttpResponseCodec.java:40)
	at org.openqa.selenium.remote.http.AbstractHttpResponseCodec.decode(AbstractHttpResponseCodec.java:80)
	at org.openqa.selenium.remote.http.AbstractHttpResponseCodec.decode(AbstractHttpResponseCodec.java:44)
	at org.openqa.selenium.remote.HttpCommandExecutor.execute(HttpCommandExecutor.java:160)
	at org.openqa.selenium.remote.service.DriverCommandExecutor.execute(DriverCommandExecutor.java:83)
	at org.openqa.selenium.remote.RemoteWebDriver.execute(RemoteWebDriver.java:601)
	at org.openqa.selenium.remote.RemoteWebElement.execute(RemoteWebElement.java:279)
	at org.openqa.selenium.remote.RemoteWebElement.click(RemoteWebElement.java:83)
	at com.fipsar.qa.commands.Manipulation.click(Manipulation.java:72)
	at com.fipsar.qa.util.CommandUtils.executeAction(CommandUtils.java:158)
	at com.fipsar.qa.datadriver.TestCaseRunner.exectuteTestCase(TestCaseRunner.java:79)
	at TestNGClass.launchapp(TestNGClass.java:133)
	at sun.reflect.NativeMethodAccessorImpl.invoke0(Native Method)
	at sun.reflect.NativeMethodAccessorImpl.invoke(Unknown Source)
	at sun.reflect.DelegatingMethodAccessorImpl.invoke(Unknown Source)
	at java.lang.reflect.Method.invoke(Unknown Source)
	at org.testng.internal.MethodInvocationHelper.invokeMethod(MethodInvocationHelper.java:108)
	at org.testng.internal.Invoker.invokeMethod(Invoker.java:661)
	at org.testng.internal.Invoker.invokeTestMethod(Invoker.java:869)
	at org.testng.internal.TestMethodWithDataProviderMethodWorker.call(TestMethodWithDataProviderMethodWorker.java:75)
	at org.testng.internal.TestMethodWithDataProviderMethodWorker.call(TestMethodWithDataProviderMethodWorker.java:14)
	at java.util.concurrent.FutureTask.run(Unknown Source)
	at java.util.concurrent.Executors$RunnableAdapter.call(Unknown Source)
	at java.util.concurrent.FutureTask.run(Unknown Source)
	at java.util.concurrent.ThreadPoolExecutor.runWorker(Unknown Source)
	at java.util.concurrent.ThreadPoolExecutor$Worker.run(Unknown Source)
	at java.lang.Thread.run(Unknown Source)
]]>
            </full-stacktrace>
          </exception> <!-- org.openqa.selenium.WebDriverException -->
          <reporter-output>
            <line>
              <![CDATA[STEP47]]>
            </line>
            <line>
              <![CDATA[STEP48]]>
            </line>
            <line>
              <![CDATA[STEP49]]>
            </line>
            <line>
              <![CDATA[STEP50]]>
            </line>
            <line>
              <![CDATA[STEP51]]>
            </line>
            <line>
              <![CDATA[STEP52]]>
            </line>
            <line>
              <![CDATA[STEP53]]>
            </line>
            <line>
              <![CDATA[STEP54]]>
            </line>
            <line>
              <![CDATA[STEP55]]>
            </line>
            <line>
              <![CDATA[STEP56]]>
            </line>
            <line>
              <![CDATA[STEP57]]>
            </line>
            <line>
              <![CDATA[STEP58]]>
            </line>
            <line>
              <![CDATA[STEP59]]>
            </line>
            <line>
              <![CDATA[STEP60]]>
            </line>
            <line>
              <![CDATA[STEP61]]>
            </line>
            <line>
              <![CDATA[STEP62]]>
            </line>
            <line>
              <![CDATA[STEP63]]>
            </line>
            <line>
              <![CDATA[STEP64]]>
            </line>
            <line>
              <![CDATA[STEP65]]>
            </line>
            <line>
              <![CDATA[STEP66]]>
            </line>
            <line>
              <![CDATA[STEP67]]>
            </line>
            <line>
              <![CDATA[STEP68]]>
            </line>
            <line>
              <![CDATA[STEP69]]>
            </line>
            <line>
              <![CDATA[STEP70]]>
            </line>
            <line>
              <![CDATA[STEP71]]>
            </line>
            <line>
              <![CDATA[STEP72]]>
            </line>
            <line>
              <![CDATA[STEP73]]>
            </line>
            <line>
              <![CDATA[STEP74]]>
            </line>
            <line>
              <![CDATA[STEP75]]>
            </line>
            <line>
              <![CDATA[STEP76]]>
            </line>
            <line>
              <![CDATA[STEP77]]>
            </line>
            <line>
              <![CDATA[STEP78]]>
            </line>
            <line>
              <![CDATA[STEP79]]>
            </line>
            <line>
              <![CDATA[STEP80]]>
            </line>
            <line>
              <![CDATA[STEP81]]>
            </line>
            <line>
              <![CDATA[STEP82]]>
            </line>
            <line>
              <![CDATA[STEP83]]>
            </line>
            <line>
              <![CDATA[STEP84]]>
            </line>
            <line>
              <![CDATA[STEP85]]>
            </line>
            <line>
              <![CDATA[STEP86]]>
            </line>
            <line>
              <![CDATA[STEP87]]>
            </line>
            <line>
              <![CDATA[STEP88]]>
            </line>
            <line>
              <![CDATA[STEP89]]>
            </line>
            <line>
              <![CDATA[STEP90]]>
            </line>
            <line>
              <![CDATA[STEP91]]>
            </line>
            <line>
              <![CDATA[STEP92]]>
            </line>
            <line>
              <![CDATA[STEP93]]>
            </line>
            <line>
              <![CDATA[STEP94]]>
            </line>
          </reporter-output>
        </test-method> <!-- launchapp -->
        <test-method status="FAIL" signature="launchapp(com.fipsar.qa.utils.TestParameters)[pri:0, instance:TestNGClass@4883b407]" name="launchapp" duration-ms="28231" started-at="2018-04-19T07:07:44Z" data-provider="data" finished-at="2018-04-19T07:08:13Z">
          <params>
            <param index="0">
              <value>
                <![CDATA[L_Prov_Patient_App_Create__DCase_Positive_chrome]]>
              </value>
            </param>
          </params>
          <exception class="java.lang.NullPointerException">
            <full-stacktrace>
              <![CDATA[java.lang.NullPointerException
	at com.fipsar.qa.commands.Manipulation.dynamicAlphabetic(Manipulation.java:731)
	at com.fipsar.qa.util.CommandUtils.executeAction(CommandUtils.java:245)
	at com.fipsar.qa.datadriver.TestCaseRunner.exectuteTestCase(TestCaseRunner.java:79)
	at TestNGClass.launchapp(TestNGClass.java:133)
	at sun.reflect.NativeMethodAccessorImpl.invoke0(Native Method)
	at sun.reflect.NativeMethodAccessorImpl.invoke(Unknown Source)
	at sun.reflect.DelegatingMethodAccessorImpl.invoke(Unknown Source)
	at java.lang.reflect.Method.invoke(Unknown Source)
	at org.testng.internal.MethodInvocationHelper.invokeMethod(MethodInvocationHelper.java:108)
	at org.testng.internal.Invoker.invokeMethod(Invoker.java:661)
	at org.testng.internal.Invoker.invokeTestMethod(Invoker.java:869)
	at org.testng.internal.TestMethodWithDataProviderMethodWorker.call(TestMethodWithDataProviderMethodWorker.java:75)
	at org.testng.internal.TestMethodWithDataProviderMethodWorker.call(TestMethodWithDataProviderMethodWorker.java:14)
	at java.util.concurrent.FutureTask.run(Unknown Source)
	at java.util.concurrent.Executors$RunnableAdapter.call(Unknown Source)
	at java.util.concurrent.FutureTask.run(Unknown Source)
	at java.util.concurrent.ThreadPoolExecutor.runWorker(Unknown Source)
	at java.util.concurrent.ThreadPoolExecutor$Worker.run(Unknown Source)
	at java.lang.Thread.run(Unknown Source)
]]>
            </full-stacktrace>
          </exception> <!-- java.lang.NullPointerException -->
          <reporter-output>
            <line>
              <![CDATA[STEP95]]>
            </line>
            <line>
              <![CDATA[STEP96]]>
            </line>
            <line>
              <![CDATA[STEP97]]>
            </line>
            <line>
              <![CDATA[STEP98]]>
            </line>
            <line>
              <![CDATA[STEP99]]>
            </line>
            <line>
              <![CDATA[STEP100]]>
            </line>
          </reporter-output>
        </test-method> <!-- launchapp -->
        <test-method status="FAIL" signature="launchapp(com.fipsar.qa.utils.TestParameters)[pri:0, instance:TestNGClass@4883b407]" name="launchapp" duration-ms="78283" started-at="2018-04-19T07:08:13Z" data-provider="data" finished-at="2018-04-19T07:09:31Z">
          <params>
            <param index="0">
              <value>
                <![CDATA[L_Prov_Patient_App_Create__DCase_ViewAppDetails_chrome]]>
              </value>
            </param>
          </params>
          <exception class="org.openqa.selenium.WebDriverException">
            <message>
              <![CDATA[unknown error: Element <label for="0" class="btn btn-default">...</label> is not clickable at point (1253, 388). Other element would receive the click: <div class="loader_background">...</div>
  (Session info: chrome=65.0.3325.181)
  (Driver info: chromedriver=2.36.540470 (e522d04694c7ebea4ba8821272dbef4f9b818c91),platform=Windows NT 6.1.7601 SP1 x86_64) (WARNING: The server did not provide any stacktrace information)
Command duration or timeout: 0 milliseconds
Build info: version: 'unknown', revision: 'unknown', time: 'unknown'
System info: host: 'P17VM-007', ip: '192.168.7.112', os.name: 'Windows 7', os.arch: 'amd64', os.version: '6.1', java.version: '1.8.0_161'
Driver info: org.openqa.selenium.chrome.ChromeDriver
Capabilities {acceptInsecureCerts: false, acceptSslCerts: false, applicationCacheEnabled: false, browserConnectionEnabled: false, browserName: chrome, chrome: {chromedriverVersion: 2.36.540470 (e522d04694c7eb..., userDataDir: C:\Users\paf1121\AppData\Lo...}, cssSelectorsEnabled: true, databaseEnabled: false, handlesAlerts: true, hasTouchScreen: false, javascriptEnabled: true, locationContextEnabled: true, mobileEmulationEnabled: false, nativeEvents: true, networkConnectionEnabled: false, pageLoadStrategy: normal, platform: XP, platformName: XP, rotatable: false, setWindowRect: true, takesHeapSnapshot: true, takesScreenshot: true, unexpectedAlertBehaviour: , unhandledPromptBehavior: , version: 65.0.3325.181, webStorageEnabled: true}
Session ID: 8b941793b8d76545ba53fe09fe70e2dd]]>
            </message>
            <full-stacktrace>
              <![CDATA[org.openqa.selenium.WebDriverException: unknown error: Element <label for="0" class="btn btn-default">...</label> is not clickable at point (1253, 388). Other element would receive the click: <div class="loader_background">...</div>
  (Session info: chrome=65.0.3325.181)
  (Driver info: chromedriver=2.36.540470 (e522d04694c7ebea4ba8821272dbef4f9b818c91),platform=Windows NT 6.1.7601 SP1 x86_64) (WARNING: The server did not provide any stacktrace information)
Command duration or timeout: 0 milliseconds
Build info: version: 'unknown', revision: 'unknown', time: 'unknown'
System info: host: 'P17VM-007', ip: '192.168.7.112', os.name: 'Windows 7', os.arch: 'amd64', os.version: '6.1', java.version: '1.8.0_161'
Driver info: org.openqa.selenium.chrome.ChromeDriver
Capabilities {acceptInsecureCerts: false, acceptSslCerts: false, applicationCacheEnabled: false, browserConnectionEnabled: false, browserName: chrome, chrome: {chromedriverVersion: 2.36.540470 (e522d04694c7eb..., userDataDir: C:\Users\paf1121\AppData\Lo...}, cssSelectorsEnabled: true, databaseEnabled: false, handlesAlerts: true, hasTouchScreen: false, javascriptEnabled: true, locationContextEnabled: true, mobileEmulationEnabled: false, nativeEvents: true, networkConnectionEnabled: false, pageLoadStrategy: normal, platform: XP, platformName: XP, rotatable: false, setWindowRect: true, takesHeapSnapshot: true, takesScreenshot: true, unexpectedAlertBehaviour: , unhandledPromptBehavior: , version: 65.0.3325.181, webStorageEnabled: true}
Session ID: 8b941793b8d76545ba53fe09fe70e2dd
	at sun.reflect.NativeConstructorAccessorImpl.newInstance0(Native Method)
	at sun.reflect.NativeConstructorAccessorImpl.newInstance(Unknown Source)
	at sun.reflect.DelegatingConstructorAccessorImpl.newInstance(Unknown Source)
	at java.lang.reflect.Constructor.newInstance(Unknown Source)
	at org.openqa.selenium.remote.ErrorHandler.createThrowable(ErrorHandler.java:214)
	at org.openqa.selenium.remote.ErrorHandler.throwIfResponseFailed(ErrorHandler.java:166)
	at org.openqa.selenium.remote.http.JsonHttpResponseCodec.reconstructValue(JsonHttpResponseCodec.java:40)
	at org.openqa.selenium.remote.http.AbstractHttpResponseCodec.decode(AbstractHttpResponseCodec.java:80)
	at org.openqa.selenium.remote.http.AbstractHttpResponseCodec.decode(AbstractHttpResponseCodec.java:44)
	at org.openqa.selenium.remote.HttpCommandExecutor.execute(HttpCommandExecutor.java:160)
	at org.openqa.selenium.remote.service.DriverCommandExecutor.execute(DriverCommandExecutor.java:83)
	at org.openqa.selenium.remote.RemoteWebDriver.execute(RemoteWebDriver.java:601)
	at org.openqa.selenium.remote.RemoteWebElement.execute(RemoteWebElement.java:279)
	at org.openqa.selenium.remote.RemoteWebElement.click(RemoteWebElement.java:83)
	at com.fipsar.qa.commands.Manipulation.click(Manipulation.java:72)
	at com.fipsar.qa.util.CommandUtils.executeAction(CommandUtils.java:158)
	at com.fipsar.qa.datadriver.TestCaseRunner.exectuteTestCase(TestCaseRunner.java:79)
	at TestNGClass.launchapp(TestNGClass.java:133)
	at sun.reflect.NativeMethodAccessorImpl.invoke0(Native Method)
	at sun.reflect.NativeMethodAccessorImpl.invoke(Unknown Source)
	at sun.reflect.DelegatingMethodAccessorImpl.invoke(Unknown Source)
	at java.lang.reflect.Method.invoke(Unknown Source)
	at org.testng.internal.MethodInvocationHelper.invokeMethod(MethodInvocationHelper.java:108)
	at org.testng.internal.Invoker.invokeMethod(Invoker.java:661)
	at org.testng.internal.Invoker.invokeTestMethod(Invoker.java:869)
	at org.testng.internal.TestMethodWithDataProviderMethodWorker.call(TestMethodWithDataProviderMethodWorker.java:75)
	at org.testng.internal.TestMethodWithDataProviderMethodWorker.call(TestMethodWithDataProviderMethodWorker.java:14)
	at java.util.concurrent.FutureTask.run(Unknown Source)
	at java.util.concurrent.Executors$RunnableAdapter.call(Unknown Source)
	at java.util.concurrent.FutureTask.run(Unknown Source)
	at java.util.concurrent.ThreadPoolExecutor.runWorker(Unknown Source)
	at java.util.concurrent.ThreadPoolExecutor$Worker.run(Unknown Source)
	at java.lang.Thread.run(Unknown Source)
]]>
            </full-stacktrace>
          </exception> <!-- org.openqa.selenium.WebDriverException -->
          <reporter-output>
            <line>
              <![CDATA[STEP101]]>
            </line>
            <line>
              <![CDATA[STEP102]]>
            </line>
            <line>
              <![CDATA[STEP103]]>
            </line>
            <line>
              <![CDATA[STEP104]]>
            </line>
            <line>
              <![CDATA[STEP105]]>
            </line>
            <line>
              <![CDATA[STEP106]]>
            </line>
            <line>
              <![CDATA[STEP107]]>
            </line>
            <line>
              <![CDATA[STEP108]]>
            </line>
            <line>
              <![CDATA[STEP109]]>
            </line>
            <line>
              <![CDATA[STEP110]]>
            </line>
            <line>
              <![CDATA[STEP111]]>
            </line>
            <line>
              <![CDATA[STEP112]]>
            </line>
            <line>
              <![CDATA[STEP113]]>
            </line>
            <line>
              <![CDATA[STEP114]]>
            </line>
            <line>
              <![CDATA[STEP115]]>
            </line>
            <line>
              <![CDATA[STEP116]]>
            </line>
            <line>
              <![CDATA[STEP117]]>
            </line>
            <line>
              <![CDATA[STEP118]]>
            </line>
            <line>
              <![CDATA[STEP119]]>
            </line>
            <line>
              <![CDATA[STEP120]]>
            </line>
            <line>
              <![CDATA[STEP121]]>
            </line>
            <line>
              <![CDATA[STEP122]]>
            </line>
            <line>
              <![CDATA[STEP123]]>
            </line>
            <line>
              <![CDATA[STEP124]]>
            </line>
            <line>
              <![CDATA[STEP125]]>
            </line>
            <line>
              <![CDATA[STEP126]]>
            </line>
            <line>
              <![CDATA[STEP127]]>
            </line>
            <line>
              <![CDATA[STEP128]]>
            </line>
            <line>
              <![CDATA[STEP129]]>
            </line>
            <line>
              <![CDATA[STEP130]]>
            </line>
            <line>
              <![CDATA[STEP131]]>
            </line>
            <line>
              <![CDATA[STEP132]]>
            </line>
            <line>
              <![CDATA[STEP133]]>
            </line>
            <line>
              <![CDATA[STEP134]]>
            </line>
            <line>
              <![CDATA[STEP135]]>
            </line>
            <line>
              <![CDATA[STEP136]]>
            </line>
            <line>
              <![CDATA[STEP137]]>
            </line>
            <line>
              <![CDATA[STEP138]]>
            </line>
            <line>
              <![CDATA[STEP139]]>
            </line>
            <line>
              <![CDATA[STEP140]]>
            </line>
            <line>
              <![CDATA[STEP141]]>
            </line>
            <line>
              <![CDATA[STEP142]]>
            </line>
            <line>
              <![CDATA[STEP143]]>
            </line>
            <line>
              <![CDATA[STEP144]]>
            </line>
            <line>
              <![CDATA[STEP145]]>
            </line>
            <line>
              <![CDATA[STEP146]]>
            </line>
            <line>
              <![CDATA[STEP147]]>
            </line>
            <line>
              <![CDATA[STEP148]]>
            </line>
          </reporter-output>
        </test-method> <!-- launchapp -->
        <test-method status="FAIL" signature="launchapp(com.fipsar.qa.utils.TestParameters)[pri:0, instance:TestNGClass@4883b407]" name="launchapp" duration-ms="75486" started-at="2018-04-19T07:09:31Z" data-provider="data" finished-at="2018-04-19T07:10:46Z">
          <params>
            <param index="0">
              <value>
                <![CDATA[L_Prov_Patient_App_Create__Denied_chrome]]>
              </value>
            </param>
          </params>
          <exception class="org.openqa.selenium.WebDriverException">
            <message>
              <![CDATA[unknown error: Element <label for="0" class="btn btn-default">...</label> is not clickable at point (1253, 388). Other element would receive the click: <div class="loader_background">...</div>
  (Session info: chrome=65.0.3325.181)
  (Driver info: chromedriver=2.36.540470 (e522d04694c7ebea4ba8821272dbef4f9b818c91),platform=Windows NT 6.1.7601 SP1 x86_64) (WARNING: The server did not provide any stacktrace information)
Command duration or timeout: 0 milliseconds
Build info: version: 'unknown', revision: 'unknown', time: 'unknown'
System info: host: 'P17VM-007', ip: '192.168.7.112', os.name: 'Windows 7', os.arch: 'amd64', os.version: '6.1', java.version: '1.8.0_161'
Driver info: org.openqa.selenium.chrome.ChromeDriver
Capabilities {acceptInsecureCerts: false, acceptSslCerts: false, applicationCacheEnabled: false, browserConnectionEnabled: false, browserName: chrome, chrome: {chromedriverVersion: 2.36.540470 (e522d04694c7eb..., userDataDir: C:\Users\paf1121\AppData\Lo...}, cssSelectorsEnabled: true, databaseEnabled: false, handlesAlerts: true, hasTouchScreen: false, javascriptEnabled: true, locationContextEnabled: true, mobileEmulationEnabled: false, nativeEvents: true, networkConnectionEnabled: false, pageLoadStrategy: normal, platform: XP, platformName: XP, rotatable: false, setWindowRect: true, takesHeapSnapshot: true, takesScreenshot: true, unexpectedAlertBehaviour: , unhandledPromptBehavior: , version: 65.0.3325.181, webStorageEnabled: true}
Session ID: debc7004fc6dcc223bdea4104aa9ab1d]]>
            </message>
            <full-stacktrace>
              <![CDATA[org.openqa.selenium.WebDriverException: unknown error: Element <label for="0" class="btn btn-default">...</label> is not clickable at point (1253, 388). Other element would receive the click: <div class="loader_background">...</div>
  (Session info: chrome=65.0.3325.181)
  (Driver info: chromedriver=2.36.540470 (e522d04694c7ebea4ba8821272dbef4f9b818c91),platform=Windows NT 6.1.7601 SP1 x86_64) (WARNING: The server did not provide any stacktrace information)
Command duration or timeout: 0 milliseconds
Build info: version: 'unknown', revision: 'unknown', time: 'unknown'
System info: host: 'P17VM-007', ip: '192.168.7.112', os.name: 'Windows 7', os.arch: 'amd64', os.version: '6.1', java.version: '1.8.0_161'
Driver info: org.openqa.selenium.chrome.ChromeDriver
Capabilities {acceptInsecureCerts: false, acceptSslCerts: false, applicationCacheEnabled: false, browserConnectionEnabled: false, browserName: chrome, chrome: {chromedriverVersion: 2.36.540470 (e522d04694c7eb..., userDataDir: C:\Users\paf1121\AppData\Lo...}, cssSelectorsEnabled: true, databaseEnabled: false, handlesAlerts: true, hasTouchScreen: false, javascriptEnabled: true, locationContextEnabled: true, mobileEmulationEnabled: false, nativeEvents: true, networkConnectionEnabled: false, pageLoadStrategy: normal, platform: XP, platformName: XP, rotatable: false, setWindowRect: true, takesHeapSnapshot: true, takesScreenshot: true, unexpectedAlertBehaviour: , unhandledPromptBehavior: , version: 65.0.3325.181, webStorageEnabled: true}
Session ID: debc7004fc6dcc223bdea4104aa9ab1d
	at sun.reflect.NativeConstructorAccessorImpl.newInstance0(Native Method)
	at sun.reflect.NativeConstructorAccessorImpl.newInstance(Unknown Source)
	at sun.reflect.DelegatingConstructorAccessorImpl.newInstance(Unknown Source)
	at java.lang.reflect.Constructor.newInstance(Unknown Source)
	at org.openqa.selenium.remote.ErrorHandler.createThrowable(ErrorHandler.java:214)
	at org.openqa.selenium.remote.ErrorHandler.throwIfResponseFailed(ErrorHandler.java:166)
	at org.openqa.selenium.remote.http.JsonHttpResponseCodec.reconstructValue(JsonHttpResponseCodec.java:40)
	at org.openqa.selenium.remote.http.AbstractHttpResponseCodec.decode(AbstractHttpResponseCodec.java:80)
	at org.openqa.selenium.remote.http.AbstractHttpResponseCodec.decode(AbstractHttpResponseCodec.java:44)
	at org.openqa.selenium.remote.HttpCommandExecutor.execute(HttpCommandExecutor.java:160)
	at org.openqa.selenium.remote.service.DriverCommandExecutor.execute(DriverCommandExecutor.java:83)
	at org.openqa.selenium.remote.RemoteWebDriver.execute(RemoteWebDriver.java:601)
	at org.openqa.selenium.remote.RemoteWebElement.execute(RemoteWebElement.java:279)
	at org.openqa.selenium.remote.RemoteWebElement.click(RemoteWebElement.java:83)
	at com.fipsar.qa.commands.Manipulation.click(Manipulation.java:72)
	at com.fipsar.qa.util.CommandUtils.executeAction(CommandUtils.java:158)
	at com.fipsar.qa.datadriver.TestCaseRunner.exectuteTestCase(TestCaseRunner.java:79)
	at TestNGClass.launchapp(TestNGClass.java:133)
	at sun.reflect.NativeMethodAccessorImpl.invoke0(Native Method)
	at sun.reflect.NativeMethodAccessorImpl.invoke(Unknown Source)
	at sun.reflect.DelegatingMethodAccessorImpl.invoke(Unknown Source)
	at java.lang.reflect.Method.invoke(Unknown Source)
	at org.testng.internal.MethodInvocationHelper.invokeMethod(MethodInvocationHelper.java:108)
	at org.testng.internal.Invoker.invokeMethod(Invoker.java:661)
	at org.testng.internal.Invoker.invokeTestMethod(Invoker.java:869)
	at org.testng.internal.TestMethodWithDataProviderMethodWorker.call(TestMethodWithDataProviderMethodWorker.java:75)
	at org.testng.internal.TestMethodWithDataProviderMethodWorker.call(TestMethodWithDataProviderMethodWorker.java:14)
	at java.util.concurrent.FutureTask.run(Unknown Source)
	at java.util.concurrent.Executors$RunnableAdapter.call(Unknown Source)
	at java.util.concurrent.FutureTask.run(Unknown Source)
	at java.util.concurrent.ThreadPoolExecutor.runWorker(Unknown Source)
	at java.util.concurrent.ThreadPoolExecutor$Worker.run(Unknown Source)
	at java.lang.Thread.run(Unknown Source)
]]>
            </full-stacktrace>
          </exception> <!-- org.openqa.selenium.WebDriverException -->
          <reporter-output>
            <line>
              <![CDATA[STEP149]]>
            </line>
            <line>
              <![CDATA[STEP150]]>
            </line>
            <line>
              <![CDATA[STEP151]]>
            </line>
            <line>
              <![CDATA[STEP152]]>
            </line>
            <line>
              <![CDATA[STEP153]]>
            </line>
            <line>
              <![CDATA[STEP154]]>
            </line>
            <line>
              <![CDATA[STEP155]]>
            </line>
            <line>
              <![CDATA[STEP156]]>
            </line>
            <line>
              <![CDATA[STEP157]]>
            </line>
            <line>
              <![CDATA[STEP158]]>
            </line>
            <line>
              <![CDATA[STEP159]]>
            </line>
            <line>
              <![CDATA[STEP160]]>
            </line>
            <line>
              <![CDATA[STEP161]]>
            </line>
            <line>
              <![CDATA[STEP162]]>
            </line>
            <line>
              <![CDATA[STEP163]]>
            </line>
            <line>
              <![CDATA[STEP164]]>
            </line>
            <line>
              <![CDATA[STEP165]]>
            </line>
            <line>
              <![CDATA[STEP166]]>
            </line>
            <line>
              <![CDATA[STEP167]]>
            </line>
            <line>
              <![CDATA[STEP168]]>
            </line>
            <line>
              <![CDATA[STEP169]]>
            </line>
            <line>
              <![CDATA[STEP170]]>
            </line>
            <line>
              <![CDATA[STEP171]]>
            </line>
            <line>
              <![CDATA[STEP172]]>
            </line>
            <line>
              <![CDATA[STEP173]]>
            </line>
            <line>
              <![CDATA[STEP174]]>
            </line>
            <line>
              <![CDATA[STEP175]]>
            </line>
            <line>
              <![CDATA[STEP176]]>
            </line>
            <line>
              <![CDATA[STEP177]]>
            </line>
            <line>
              <![CDATA[STEP178]]>
            </line>
            <line>
              <![CDATA[STEP179]]>
            </line>
            <line>
              <![CDATA[STEP180]]>
            </line>
            <line>
              <![CDATA[STEP181]]>
            </line>
            <line>
              <![CDATA[STEP182]]>
            </line>
            <line>
              <![CDATA[STEP183]]>
            </line>
            <line>
              <![CDATA[STEP184]]>
            </line>
            <line>
              <![CDATA[STEP185]]>
            </line>
            <line>
              <![CDATA[STEP186]]>
            </line>
            <line>
              <![CDATA[STEP187]]>
            </line>
            <line>
              <![CDATA[STEP188]]>
            </line>
            <line>
              <![CDATA[STEP189]]>
            </line>
            <line>
              <![CDATA[STEP190]]>
            </line>
            <line>
              <![CDATA[STEP191]]>
            </line>
            <line>
              <![CDATA[STEP192]]>
            </line>
            <line>
              <![CDATA[STEP193]]>
            </line>
            <line>
              <![CDATA[STEP194]]>
            </line>
            <line>
              <![CDATA[STEP195]]>
            </line>
            <line>
              <![CDATA[STEP196]]>
            </line>
          </reporter-output>
        </test-method> <!-- launchapp -->
        <test-method status="FAIL" signature="launchapp(com.fipsar.qa.utils.TestParameters)[pri:0, instance:TestNGClass@4883b407]" name="launchapp" duration-ms="76655" started-at="2018-04-19T07:10:46Z" data-provider="data" finished-at="2018-04-19T07:12:03Z">
          <params>
            <param index="0">
              <value>
                <![CDATA[L_Prov_Patient_App_Create__Provider_chrome]]>
              </value>
            </param>
          </params>
          <exception class="org.openqa.selenium.WebDriverException">
            <message>
              <![CDATA[unknown error: Element <label for="0" class="btn btn-default">...</label> is not clickable at point (1253, 388). Other element would receive the click: <div class="loader_background">...</div>
  (Session info: chrome=65.0.3325.181)
  (Driver info: chromedriver=2.36.540470 (e522d04694c7ebea4ba8821272dbef4f9b818c91),platform=Windows NT 6.1.7601 SP1 x86_64) (WARNING: The server did not provide any stacktrace information)
Command duration or timeout: 0 milliseconds
Build info: version: 'unknown', revision: 'unknown', time: 'unknown'
System info: host: 'P17VM-007', ip: '192.168.7.112', os.name: 'Windows 7', os.arch: 'amd64', os.version: '6.1', java.version: '1.8.0_161'
Driver info: org.openqa.selenium.chrome.ChromeDriver
Capabilities {acceptInsecureCerts: false, acceptSslCerts: false, applicationCacheEnabled: false, browserConnectionEnabled: false, browserName: chrome, chrome: {chromedriverVersion: 2.36.540470 (e522d04694c7eb..., userDataDir: C:\Users\paf1121\AppData\Lo...}, cssSelectorsEnabled: true, databaseEnabled: false, handlesAlerts: true, hasTouchScreen: false, javascriptEnabled: true, locationContextEnabled: true, mobileEmulationEnabled: false, nativeEvents: true, networkConnectionEnabled: false, pageLoadStrategy: normal, platform: XP, platformName: XP, rotatable: false, setWindowRect: true, takesHeapSnapshot: true, takesScreenshot: true, unexpectedAlertBehaviour: , unhandledPromptBehavior: , version: 65.0.3325.181, webStorageEnabled: true}
Session ID: aa4d3af810b3d672983e6d1289ec42d7]]>
            </message>
            <full-stacktrace>
              <![CDATA[org.openqa.selenium.WebDriverException: unknown error: Element <label for="0" class="btn btn-default">...</label> is not clickable at point (1253, 388). Other element would receive the click: <div class="loader_background">...</div>
  (Session info: chrome=65.0.3325.181)
  (Driver info: chromedriver=2.36.540470 (e522d04694c7ebea4ba8821272dbef4f9b818c91),platform=Windows NT 6.1.7601 SP1 x86_64) (WARNING: The server did not provide any stacktrace information)
Command duration or timeout: 0 milliseconds
Build info: version: 'unknown', revision: 'unknown', time: 'unknown'
System info: host: 'P17VM-007', ip: '192.168.7.112', os.name: 'Windows 7', os.arch: 'amd64', os.version: '6.1', java.version: '1.8.0_161'
Driver info: org.openqa.selenium.chrome.ChromeDriver
Capabilities {acceptInsecureCerts: false, acceptSslCerts: false, applicationCacheEnabled: false, browserConnectionEnabled: false, browserName: chrome, chrome: {chromedriverVersion: 2.36.540470 (e522d04694c7eb..., userDataDir: C:\Users\paf1121\AppData\Lo...}, cssSelectorsEnabled: true, databaseEnabled: false, handlesAlerts: true, hasTouchScreen: false, javascriptEnabled: true, locationContextEnabled: true, mobileEmulationEnabled: false, nativeEvents: true, networkConnectionEnabled: false, pageLoadStrategy: normal, platform: XP, platformName: XP, rotatable: false, setWindowRect: true, takesHeapSnapshot: true, takesScreenshot: true, unexpectedAlertBehaviour: , unhandledPromptBehavior: , version: 65.0.3325.181, webStorageEnabled: true}
Session ID: aa4d3af810b3d672983e6d1289ec42d7
	at sun.reflect.NativeConstructorAccessorImpl.newInstance0(Native Method)
	at sun.reflect.NativeConstructorAccessorImpl.newInstance(Unknown Source)
	at sun.reflect.DelegatingConstructorAccessorImpl.newInstance(Unknown Source)
	at java.lang.reflect.Constructor.newInstance(Unknown Source)
	at org.openqa.selenium.remote.ErrorHandler.createThrowable(ErrorHandler.java:214)
	at org.openqa.selenium.remote.ErrorHandler.throwIfResponseFailed(ErrorHandler.java:166)
	at org.openqa.selenium.remote.http.JsonHttpResponseCodec.reconstructValue(JsonHttpResponseCodec.java:40)
	at org.openqa.selenium.remote.http.AbstractHttpResponseCodec.decode(AbstractHttpResponseCodec.java:80)
	at org.openqa.selenium.remote.http.AbstractHttpResponseCodec.decode(AbstractHttpResponseCodec.java:44)
	at org.openqa.selenium.remote.HttpCommandExecutor.execute(HttpCommandExecutor.java:160)
	at org.openqa.selenium.remote.service.DriverCommandExecutor.execute(DriverCommandExecutor.java:83)
	at org.openqa.selenium.remote.RemoteWebDriver.execute(RemoteWebDriver.java:601)
	at org.openqa.selenium.remote.RemoteWebElement.execute(RemoteWebElement.java:279)
	at org.openqa.selenium.remote.RemoteWebElement.click(RemoteWebElement.java:83)
	at com.fipsar.qa.commands.Manipulation.click(Manipulation.java:72)
	at com.fipsar.qa.util.CommandUtils.executeAction(CommandUtils.java:158)
	at com.fipsar.qa.datadriver.TestCaseRunner.exectuteTestCase(TestCaseRunner.java:79)
	at TestNGClass.launchapp(TestNGClass.java:133)
	at sun.reflect.NativeMethodAccessorImpl.invoke0(Native Method)
	at sun.reflect.NativeMethodAccessorImpl.invoke(Unknown Source)
	at sun.reflect.DelegatingMethodAccessorImpl.invoke(Unknown Source)
	at java.lang.reflect.Method.invoke(Unknown Source)
	at org.testng.internal.MethodInvocationHelper.invokeMethod(MethodInvocationHelper.java:108)
	at org.testng.internal.Invoker.invokeMethod(Invoker.java:661)
	at org.testng.internal.Invoker.invokeTestMethod(Invoker.java:869)
	at org.testng.internal.TestMethodWithDataProviderMethodWorker.call(TestMethodWithDataProviderMethodWorker.java:75)
	at org.testng.internal.TestMethodWithDataProviderMethodWorker.call(TestMethodWithDataProviderMethodWorker.java:14)
	at java.util.concurrent.FutureTask.run(Unknown Source)
	at java.util.concurrent.Executors$RunnableAdapter.call(Unknown Source)
	at java.util.concurrent.FutureTask.run(Unknown Source)
	at java.util.concurrent.ThreadPoolExecutor.runWorker(Unknown Source)
	at java.util.concurrent.ThreadPoolExecutor$Worker.run(Unknown Source)
	at java.lang.Thread.run(Unknown Source)
]]>
            </full-stacktrace>
          </exception> <!-- org.openqa.selenium.WebDriverException -->
          <reporter-output>
            <line>
              <![CDATA[STEP197]]>
            </line>
            <line>
              <![CDATA[STEP198]]>
            </line>
            <line>
              <![CDATA[STEP199]]>
            </line>
            <line>
              <![CDATA[STEP200]]>
            </line>
            <line>
              <![CDATA[STEP201]]>
            </line>
            <line>
              <![CDATA[STEP202]]>
            </line>
            <line>
              <![CDATA[STEP203]]>
            </line>
            <line>
              <![CDATA[STEP204]]>
            </line>
            <line>
              <![CDATA[STEP205]]>
            </line>
            <line>
              <![CDATA[STEP206]]>
            </line>
            <line>
              <![CDATA[STEP207]]>
            </line>
            <line>
              <![CDATA[STEP208]]>
            </line>
            <line>
              <![CDATA[STEP209]]>
            </line>
            <line>
              <![CDATA[STEP210]]>
            </line>
            <line>
              <![CDATA[STEP211]]>
            </line>
            <line>
              <![CDATA[STEP212]]>
            </line>
            <line>
              <![CDATA[STEP213]]>
            </line>
            <line>
              <![CDATA[STEP214]]>
            </line>
            <line>
              <![CDATA[STEP215]]>
            </line>
            <line>
              <![CDATA[STEP216]]>
            </line>
            <line>
              <![CDATA[STEP217]]>
            </line>
            <line>
              <![CDATA[STEP218]]>
            </line>
            <line>
              <![CDATA[STEP219]]>
            </line>
            <line>
              <![CDATA[STEP220]]>
            </line>
            <line>
              <![CDATA[STEP221]]>
            </line>
            <line>
              <![CDATA[STEP222]]>
            </line>
            <line>
              <![CDATA[STEP223]]>
            </line>
            <line>
              <![CDATA[STEP224]]>
            </line>
            <line>
              <![CDATA[STEP225]]>
            </line>
            <line>
              <![CDATA[STEP226]]>
            </line>
            <line>
              <![CDATA[STEP227]]>
            </line>
            <line>
              <![CDATA[STEP228]]>
            </line>
            <line>
              <![CDATA[STEP229]]>
            </line>
            <line>
              <![CDATA[STEP230]]>
            </line>
            <line>
              <![CDATA[STEP231]]>
            </line>
            <line>
              <![CDATA[STEP232]]>
            </line>
            <line>
              <![CDATA[STEP233]]>
            </line>
            <line>
              <![CDATA[STEP234]]>
            </line>
            <line>
              <![CDATA[STEP235]]>
            </line>
            <line>
              <![CDATA[STEP236]]>
            </line>
            <line>
              <![CDATA[STEP237]]>
            </line>
            <line>
              <![CDATA[STEP238]]>
            </line>
            <line>
              <![CDATA[STEP239]]>
            </line>
            <line>
              <![CDATA[STEP240]]>
            </line>
            <line>
              <![CDATA[STEP241]]>
            </line>
            <line>
              <![CDATA[STEP242]]>
            </line>
            <line>
              <![CDATA[STEP243]]>
            </line>
            <line>
              <![CDATA[STEP244]]>
            </line>
          </reporter-output>
        </test-method> <!-- launchapp -->
        <test-method status="FAIL" signature="launchapp(com.fipsar.qa.utils.TestParameters)[pri:0, instance:TestNGClass@4883b407]" name="launchapp" duration-ms="74808" started-at="2018-04-19T07:12:03Z" data-provider="data" finished-at="2018-04-19T07:13:18Z">
          <params>
            <param index="0">
              <value>
                <![CDATA[L_Prov_Patient_App_Save_Back_Front_Navi_chrome]]>
              </value>
            </param>
          </params>
          <exception class="org.openqa.selenium.WebDriverException">
            <message>
              <![CDATA[unknown error: Element <button id="..." class="button button" type="button" data-toggle="" data-target="" data-dismiss="">Previous</button> is not clickable at point (781, 465). Other element would receive the click: <div class="loader_background">...</div>
  (Session info: chrome=65.0.3325.181)
  (Driver info: chromedriver=2.36.540470 (e522d04694c7ebea4ba8821272dbef4f9b818c91),platform=Windows NT 6.1.7601 SP1 x86_64) (WARNING: The server did not provide any stacktrace information)
Command duration or timeout: 0 milliseconds
Build info: version: 'unknown', revision: 'unknown', time: 'unknown'
System info: host: 'P17VM-007', ip: '192.168.7.112', os.name: 'Windows 7', os.arch: 'amd64', os.version: '6.1', java.version: '1.8.0_161'
Driver info: org.openqa.selenium.chrome.ChromeDriver
Capabilities {acceptInsecureCerts: false, acceptSslCerts: false, applicationCacheEnabled: false, browserConnectionEnabled: false, browserName: chrome, chrome: {chromedriverVersion: 2.36.540470 (e522d04694c7eb..., userDataDir: C:\Users\paf1121\AppData\Lo...}, cssSelectorsEnabled: true, databaseEnabled: false, handlesAlerts: true, hasTouchScreen: false, javascriptEnabled: true, locationContextEnabled: true, mobileEmulationEnabled: false, nativeEvents: true, networkConnectionEnabled: false, pageLoadStrategy: normal, platform: XP, platformName: XP, rotatable: false, setWindowRect: true, takesHeapSnapshot: true, takesScreenshot: true, unexpectedAlertBehaviour: , unhandledPromptBehavior: , version: 65.0.3325.181, webStorageEnabled: true}
Session ID: 22a16512ada102752706a2088e61a835]]>
            </message>
            <full-stacktrace>
              <![CDATA[org.openqa.selenium.WebDriverException: unknown error: Element <button id="..." class="button button" type="button" data-toggle="" data-target="" data-dismiss="">Previous</button> is not clickable at point (781, 465). Other element would receive the click: <div class="loader_background">...</div>
  (Session info: chrome=65.0.3325.181)
  (Driver info: chromedriver=2.36.540470 (e522d04694c7ebea4ba8821272dbef4f9b818c91),platform=Windows NT 6.1.7601 SP1 x86_64) (WARNING: The server did not provide any stacktrace information)
Command duration or timeout: 0 milliseconds
Build info: version: 'unknown', revision: 'unknown', time: 'unknown'
System info: host: 'P17VM-007', ip: '192.168.7.112', os.name: 'Windows 7', os.arch: 'amd64', os.version: '6.1', java.version: '1.8.0_161'
Driver info: org.openqa.selenium.chrome.ChromeDriver
Capabilities {acceptInsecureCerts: false, acceptSslCerts: false, applicationCacheEnabled: false, browserConnectionEnabled: false, browserName: chrome, chrome: {chromedriverVersion: 2.36.540470 (e522d04694c7eb..., userDataDir: C:\Users\paf1121\AppData\Lo...}, cssSelectorsEnabled: true, databaseEnabled: false, handlesAlerts: true, hasTouchScreen: false, javascriptEnabled: true, locationContextEnabled: true, mobileEmulationEnabled: false, nativeEvents: true, networkConnectionEnabled: false, pageLoadStrategy: normal, platform: XP, platformName: XP, rotatable: false, setWindowRect: true, takesHeapSnapshot: true, takesScreenshot: true, unexpectedAlertBehaviour: , unhandledPromptBehavior: , version: 65.0.3325.181, webStorageEnabled: true}
Session ID: 22a16512ada102752706a2088e61a835
	at sun.reflect.NativeConstructorAccessorImpl.newInstance0(Native Method)
	at sun.reflect.NativeConstructorAccessorImpl.newInstance(Unknown Source)
	at sun.reflect.DelegatingConstructorAccessorImpl.newInstance(Unknown Source)
	at java.lang.reflect.Constructor.newInstance(Unknown Source)
	at org.openqa.selenium.remote.ErrorHandler.createThrowable(ErrorHandler.java:214)
	at org.openqa.selenium.remote.ErrorHandler.throwIfResponseFailed(ErrorHandler.java:166)
	at org.openqa.selenium.remote.http.JsonHttpResponseCodec.reconstructValue(JsonHttpResponseCodec.java:40)
	at org.openqa.selenium.remote.http.AbstractHttpResponseCodec.decode(AbstractHttpResponseCodec.java:80)
	at org.openqa.selenium.remote.http.AbstractHttpResponseCodec.decode(AbstractHttpResponseCodec.java:44)
	at org.openqa.selenium.remote.HttpCommandExecutor.execute(HttpCommandExecutor.java:160)
	at org.openqa.selenium.remote.service.DriverCommandExecutor.execute(DriverCommandExecutor.java:83)
	at org.openqa.selenium.remote.RemoteWebDriver.execute(RemoteWebDriver.java:601)
	at org.openqa.selenium.remote.RemoteWebElement.execute(RemoteWebElement.java:279)
	at org.openqa.selenium.remote.RemoteWebElement.click(RemoteWebElement.java:83)
	at com.fipsar.qa.commands.Manipulation.click(Manipulation.java:72)
	at com.fipsar.qa.util.CommandUtils.executeAction(CommandUtils.java:158)
	at com.fipsar.qa.datadriver.TestCaseRunner.exectuteTestCase(TestCaseRunner.java:79)
	at TestNGClass.launchapp(TestNGClass.java:133)
	at sun.reflect.NativeMethodAccessorImpl.invoke0(Native Method)
	at sun.reflect.NativeMethodAccessorImpl.invoke(Unknown Source)
	at sun.reflect.DelegatingMethodAccessorImpl.invoke(Unknown Source)
	at java.lang.reflect.Method.invoke(Unknown Source)
	at org.testng.internal.MethodInvocationHelper.invokeMethod(MethodInvocationHelper.java:108)
	at org.testng.internal.Invoker.invokeMethod(Invoker.java:661)
	at org.testng.internal.Invoker.invokeTestMethod(Invoker.java:869)
	at org.testng.internal.TestMethodWithDataProviderMethodWorker.call(TestMethodWithDataProviderMethodWorker.java:75)
	at org.testng.internal.TestMethodWithDataProviderMethodWorker.call(TestMethodWithDataProviderMethodWorker.java:14)
	at java.util.concurrent.FutureTask.run(Unknown Source)
	at java.util.concurrent.Executors$RunnableAdapter.call(Unknown Source)
	at java.util.concurrent.FutureTask.run(Unknown Source)
	at java.util.concurrent.ThreadPoolExecutor.runWorker(Unknown Source)
	at java.util.concurrent.ThreadPoolExecutor$Worker.run(Unknown Source)
	at java.lang.Thread.run(Unknown Source)
]]>
            </full-stacktrace>
          </exception> <!-- org.openqa.selenium.WebDriverException -->
          <reporter-output>
            <line>
              <![CDATA[STEP245]]>
            </line>
            <line>
              <![CDATA[STEP246]]>
            </line>
            <line>
              <![CDATA[STEP247]]>
            </line>
            <line>
              <![CDATA[STEP248]]>
            </line>
            <line>
              <![CDATA[STEP249]]>
            </line>
            <line>
              <![CDATA[STEP250]]>
            </line>
            <line>
              <![CDATA[STEP251]]>
            </line>
            <line>
              <![CDATA[STEP252]]>
            </line>
            <line>
              <![CDATA[STEP253]]>
            </line>
            <line>
              <![CDATA[STEP254]]>
            </line>
            <line>
              <![CDATA[STEP255]]>
            </line>
            <line>
              <![CDATA[STEP256]]>
            </line>
            <line>
              <![CDATA[STEP257]]>
            </line>
            <line>
              <![CDATA[STEP258]]>
            </line>
            <line>
              <![CDATA[STEP259]]>
            </line>
            <line>
              <![CDATA[STEP260]]>
            </line>
            <line>
              <![CDATA[STEP261]]>
            </line>
            <line>
              <![CDATA[STEP262]]>
            </line>
            <line>
              <![CDATA[STEP263]]>
            </line>
            <line>
              <![CDATA[STEP264]]>
            </line>
            <line>
              <![CDATA[STEP265]]>
            </line>
            <line>
              <![CDATA[STEP266]]>
            </line>
            <line>
              <![CDATA[STEP267]]>
            </line>
            <line>
              <![CDATA[STEP268]]>
            </line>
            <line>
              <![CDATA[STEP269]]>
            </line>
            <line>
              <![CDATA[STEP270]]>
            </line>
            <line>
              <![CDATA[STEP271]]>
            </line>
            <line>
              <![CDATA[STEP272]]>
            </line>
            <line>
              <![CDATA[STEP273]]>
            </line>
            <line>
              <![CDATA[STEP274]]>
            </line>
            <line>
              <![CDATA[STEP275]]>
            </line>
            <line>
              <![CDATA[STEP276]]>
            </line>
            <line>
              <![CDATA[STEP277]]>
            </line>
            <line>
              <![CDATA[STEP278]]>
            </line>
            <line>
              <![CDATA[STEP279]]>
            </line>
            <line>
              <![CDATA[STEP280]]>
            </line>
            <line>
              <![CDATA[STEP281]]>
            </line>
            <line>
              <![CDATA[STEP282]]>
            </line>
            <line>
              <![CDATA[STEP283]]>
            </line>
            <line>
              <![CDATA[STEP284]]>
            </line>
            <line>
              <![CDATA[STEP285]]>
            </line>
            <line>
              <![CDATA[STEP286]]>
            </line>
            <line>
              <![CDATA[STEP287]]>
            </line>
            <line>
              <![CDATA[STEP288]]>
            </line>
            <line>
              <![CDATA[STEP289]]>
            </line>
            <line>
              <![CDATA[STEP290]]>
            </line>
            <line>
              <![CDATA[STEP291]]>
            </line>
            <line>
              <![CDATA[STEP292]]>
            </line>
          </reporter-output>
        </test-method> <!-- launchapp -->
        <test-method status="FAIL" signature="launchapp(com.fipsar.qa.utils.TestParameters)[pri:0, instance:TestNGClass@4883b407]" name="launchapp" duration-ms="91571" started-at="2018-04-19T07:13:18Z" data-provider="data" finished-at="2018-04-19T07:14:49Z">
          <params>
            <param index="0">
              <value>
                <![CDATA[L_Prov_Patient_App_ViewIncomplete_chrome]]>
              </value>
            </param>
          </params>
          <exception class="org.openqa.selenium.WebDriverException">
            <message>
              <![CDATA[unknown error: Element <button id="..." class="button button margin-right-5 margin-left-5" type="button" data-toggle="" data-target="" data-dismiss="">Next</button> is not clickable at point (830, 961). Other element would receive the click: <div class="loader_background">...</div>
  (Session info: chrome=65.0.3325.181)
  (Driver info: chromedriver=2.36.540470 (e522d04694c7ebea4ba8821272dbef4f9b818c91),platform=Windows NT 6.1.7601 SP1 x86_64) (WARNING: The server did not provide any stacktrace information)
Command duration or timeout: 0 milliseconds
Build info: version: 'unknown', revision: 'unknown', time: 'unknown'
System info: host: 'P17VM-007', ip: '192.168.7.112', os.name: 'Windows 7', os.arch: 'amd64', os.version: '6.1', java.version: '1.8.0_161'
Driver info: org.openqa.selenium.chrome.ChromeDriver
Capabilities {acceptInsecureCerts: false, acceptSslCerts: false, applicationCacheEnabled: false, browserConnectionEnabled: false, browserName: chrome, chrome: {chromedriverVersion: 2.36.540470 (e522d04694c7eb..., userDataDir: C:\Users\paf1121\AppData\Lo...}, cssSelectorsEnabled: true, databaseEnabled: false, handlesAlerts: true, hasTouchScreen: false, javascriptEnabled: true, locationContextEnabled: true, mobileEmulationEnabled: false, nativeEvents: true, networkConnectionEnabled: false, pageLoadStrategy: normal, platform: XP, platformName: XP, rotatable: false, setWindowRect: true, takesHeapSnapshot: true, takesScreenshot: true, unexpectedAlertBehaviour: , unhandledPromptBehavior: , version: 65.0.3325.181, webStorageEnabled: true}
Session ID: d8e2eeca0432a9912e000b6748a7987a]]>
            </message>
            <full-stacktrace>
              <![CDATA[org.openqa.selenium.WebDriverException: unknown error: Element <button id="..." class="button button margin-right-5 margin-left-5" type="button" data-toggle="" data-target="" data-dismiss="">Next</button> is not clickable at point (830, 961). Other element would receive the click: <div class="loader_background">...</div>
  (Session info: chrome=65.0.3325.181)
  (Driver info: chromedriver=2.36.540470 (e522d04694c7ebea4ba8821272dbef4f9b818c91),platform=Windows NT 6.1.7601 SP1 x86_64) (WARNING: The server did not provide any stacktrace information)
Command duration or timeout: 0 milliseconds
Build info: version: 'unknown', revision: 'unknown', time: 'unknown'
System info: host: 'P17VM-007', ip: '192.168.7.112', os.name: 'Windows 7', os.arch: 'amd64', os.version: '6.1', java.version: '1.8.0_161'
Driver info: org.openqa.selenium.chrome.ChromeDriver
Capabilities {acceptInsecureCerts: false, acceptSslCerts: false, applicationCacheEnabled: false, browserConnectionEnabled: false, browserName: chrome, chrome: {chromedriverVersion: 2.36.540470 (e522d04694c7eb..., userDataDir: C:\Users\paf1121\AppData\Lo...}, cssSelectorsEnabled: true, databaseEnabled: false, handlesAlerts: true, hasTouchScreen: false, javascriptEnabled: true, locationContextEnabled: true, mobileEmulationEnabled: false, nativeEvents: true, networkConnectionEnabled: false, pageLoadStrategy: normal, platform: XP, platformName: XP, rotatable: false, setWindowRect: true, takesHeapSnapshot: true, takesScreenshot: true, unexpectedAlertBehaviour: , unhandledPromptBehavior: , version: 65.0.3325.181, webStorageEnabled: true}
Session ID: d8e2eeca0432a9912e000b6748a7987a
	at sun.reflect.NativeConstructorAccessorImpl.newInstance0(Native Method)
	at sun.reflect.NativeConstructorAccessorImpl.newInstance(Unknown Source)
	at sun.reflect.DelegatingConstructorAccessorImpl.newInstance(Unknown Source)
	at java.lang.reflect.Constructor.newInstance(Unknown Source)
	at org.openqa.selenium.remote.ErrorHandler.createThrowable(ErrorHandler.java:214)
	at org.openqa.selenium.remote.ErrorHandler.throwIfResponseFailed(ErrorHandler.java:166)
	at org.openqa.selenium.remote.http.JsonHttpResponseCodec.reconstructValue(JsonHttpResponseCodec.java:40)
	at org.openqa.selenium.remote.http.AbstractHttpResponseCodec.decode(AbstractHttpResponseCodec.java:80)
	at org.openqa.selenium.remote.http.AbstractHttpResponseCodec.decode(AbstractHttpResponseCodec.java:44)
	at org.openqa.selenium.remote.HttpCommandExecutor.execute(HttpCommandExecutor.java:160)
	at org.openqa.selenium.remote.service.DriverCommandExecutor.execute(DriverCommandExecutor.java:83)
	at org.openqa.selenium.remote.RemoteWebDriver.execute(RemoteWebDriver.java:601)
	at org.openqa.selenium.remote.RemoteWebElement.execute(RemoteWebElement.java:279)
	at org.openqa.selenium.remote.RemoteWebElement.click(RemoteWebElement.java:83)
	at com.fipsar.qa.commands.Manipulation.click(Manipulation.java:72)
	at com.fipsar.qa.util.CommandUtils.executeAction(CommandUtils.java:158)
	at com.fipsar.qa.datadriver.TestCaseRunner.exectuteTestCase(TestCaseRunner.java:79)
	at TestNGClass.launchapp(TestNGClass.java:133)
	at sun.reflect.NativeMethodAccessorImpl.invoke0(Native Method)
	at sun.reflect.NativeMethodAccessorImpl.invoke(Unknown Source)
	at sun.reflect.DelegatingMethodAccessorImpl.invoke(Unknown Source)
	at java.lang.reflect.Method.invoke(Unknown Source)
	at org.testng.internal.MethodInvocationHelper.invokeMethod(MethodInvocationHelper.java:108)
	at org.testng.internal.Invoker.invokeMethod(Invoker.java:661)
	at org.testng.internal.Invoker.invokeTestMethod(Invoker.java:869)
	at org.testng.internal.TestMethodWithDataProviderMethodWorker.call(TestMethodWithDataProviderMethodWorker.java:75)
	at org.testng.internal.TestMethodWithDataProviderMethodWorker.call(TestMethodWithDataProviderMethodWorker.java:14)
	at java.util.concurrent.FutureTask.run(Unknown Source)
	at java.util.concurrent.Executors$RunnableAdapter.call(Unknown Source)
	at java.util.concurrent.FutureTask.run(Unknown Source)
	at java.util.concurrent.ThreadPoolExecutor.runWorker(Unknown Source)
	at java.util.concurrent.ThreadPoolExecutor$Worker.run(Unknown Source)
	at java.lang.Thread.run(Unknown Source)
]]>
            </full-stacktrace>
          </exception> <!-- org.openqa.selenium.WebDriverException -->
          <reporter-output>
            <line>
              <![CDATA[STEP293]]>
            </line>
            <line>
              <![CDATA[STEP294]]>
            </line>
            <line>
              <![CDATA[STEP295]]>
            </line>
            <line>
              <![CDATA[STEP296]]>
            </line>
            <line>
              <![CDATA[STEP297]]>
            </line>
            <line>
              <![CDATA[STEP298]]>
            </line>
            <line>
              <![CDATA[STEP299]]>
            </line>
            <line>
              <![CDATA[STEP300]]>
            </line>
            <line>
              <![CDATA[STEP301]]>
            </line>
            <line>
              <![CDATA[STEP302]]>
            </line>
            <line>
              <![CDATA[STEP303]]>
            </line>
            <line>
              <![CDATA[STEP304]]>
            </line>
            <line>
              <![CDATA[STEP305]]>
            </line>
            <line>
              <![CDATA[STEP306]]>
            </line>
            <line>
              <![CDATA[STEP307]]>
            </line>
            <line>
              <![CDATA[STEP308]]>
            </line>
            <line>
              <![CDATA[STEP309]]>
            </line>
            <line>
              <![CDATA[STEP310]]>
            </line>
            <line>
              <![CDATA[STEP311]]>
            </line>
            <line>
              <![CDATA[STEP312]]>
            </line>
            <line>
              <![CDATA[STEP313]]>
            </line>
            <line>
              <![CDATA[STEP314]]>
            </line>
            <line>
              <![CDATA[STEP315]]>
            </line>
            <line>
              <![CDATA[STEP316]]>
            </line>
            <line>
              <![CDATA[STEP317]]>
            </line>
            <line>
              <![CDATA[STEP318]]>
            </line>
            <line>
              <![CDATA[STEP319]]>
            </line>
            <line>
              <![CDATA[STEP320]]>
            </line>
            <line>
              <![CDATA[STEP321]]>
            </line>
            <line>
              <![CDATA[STEP322]]>
            </line>
            <line>
              <![CDATA[STEP323]]>
            </line>
            <line>
              <![CDATA[STEP324]]>
            </line>
            <line>
              <![CDATA[STEP325]]>
            </line>
            <line>
              <![CDATA[STEP326]]>
            </line>
            <line>
              <![CDATA[STEP327]]>
            </line>
            <line>
              <![CDATA[STEP328]]>
            </line>
            <line>
              <![CDATA[STEP329]]>
            </line>
            <line>
              <![CDATA[STEP330]]>
            </line>
            <line>
              <![CDATA[STEP331]]>
            </line>
            <line>
              <![CDATA[STEP332]]>
            </line>
            <line>
              <![CDATA[STEP333]]>
            </line>
            <line>
              <![CDATA[STEP334]]>
            </line>
            <line>
              <![CDATA[STEP335]]>
            </line>
            <line>
              <![CDATA[STEP336]]>
            </line>
            <line>
              <![CDATA[STEP337]]>
            </line>
            <line>
              <![CDATA[STEP338]]>
            </line>
            <line>
              <![CDATA[STEP339]]>
            </line>
            <line>
              <![CDATA[STEP340]]>
            </line>
            <line>
              <![CDATA[STEP341]]>
            </line>
            <line>
              <![CDATA[STEP342]]>
            </line>
            <line>
              <![CDATA[STEP343]]>
            </line>
            <line>
              <![CDATA[STEP344]]>
            </line>
            <line>
              <![CDATA[STEP345]]>
            </line>
            <line>
              <![CDATA[STEP346]]>
            </line>
            <line>
              <![CDATA[STEP347]]>
            </line>
          </reporter-output>
        </test-method> <!-- launchapp -->
        <test-method status="PASS" signature="launchapp(com.fipsar.qa.utils.TestParameters)[pri:0, instance:TestNGClass@4883b407]" name="launchapp" duration-ms="70862" started-at="2018-04-19T07:14:49Z" data-provider="data" finished-at="2018-04-19T07:16:00Z">
          <params>
            <param index="0">
              <value>
                <![CDATA[L_Prov_Pcase_Mandatory_ErrorMessage_chrome]]>
              </value>
            </param>
          </params>
          <reporter-output>
            <line>
              <![CDATA[STEP348]]>
            </line>
            <line>
              <![CDATA[STEP349]]>
            </line>
            <line>
              <![CDATA[STEP350]]>
            </line>
            <line>
              <![CDATA[STEP351]]>
            </line>
            <line>
              <![CDATA[STEP352]]>
            </line>
            <line>
              <![CDATA[STEP353]]>
            </line>
            <line>
              <![CDATA[STEP354]]>
            </line>
            <line>
              <![CDATA[STEP355]]>
            </line>
            <line>
              <![CDATA[STEP356]]>
            </line>
            <line>
              <![CDATA[STEP357]]>
            </line>
            <line>
              <![CDATA[STEP358]]>
            </line>
            <line>
              <![CDATA[STEP359]]>
            </line>
            <line>
              <![CDATA[STEP360]]>
            </line>
            <line>
              <![CDATA[STEP361]]>
            </line>
            <line>
              <![CDATA[STEP362]]>
            </line>
            <line>
              <![CDATA[STEP363]]>
            </line>
            <line>
              <![CDATA[STEP364]]>
            </line>
            <line>
              <![CDATA[STEP365]]>
            </line>
            <line>
              <![CDATA[STEP366]]>
            </line>
            <line>
              <![CDATA[STEP367]]>
            </line>
            <line>
              <![CDATA[STEP368]]>
            </line>
            <line>
              <![CDATA[STEP369]]>
            </line>
            <line>
              <![CDATA[STEP370]]>
            </line>
            <line>
              <![CDATA[STEP371]]>
            </line>
            <line>
              <![CDATA[STEP372]]>
            </line>
            <line>
              <![CDATA[STEP373]]>
            </line>
            <line>
              <![CDATA[STEP374]]>
            </line>
            <line>
              <![CDATA[STEP375]]>
            </line>
            <line>
              <![CDATA[STEP376]]>
            </line>
            <line>
              <![CDATA[STEP377]]>
            </line>
            <line>
              <![CDATA[STEP378]]>
            </line>
            <line>
              <![CDATA[STEP379]]>
            </line>
            <line>
              <![CDATA[STEP380]]>
            </line>
            <line>
              <![CDATA[STEP381]]>
            </line>
            <line>
              <![CDATA[STEP382]]>
            </line>
            <line>
              <![CDATA[STEP383]]>
            </line>
            <line>
              <![CDATA[STEP384]]>
            </line>
            <line>
              <![CDATA[STEP385]]>
            </line>
            <line>
              <![CDATA[STEP386]]>
            </line>
            <line>
              <![CDATA[STEP387]]>
            </line>
            <line>
              <![CDATA[STEP388]]>
            </line>
          </reporter-output>
        </test-method> <!-- launchapp -->
        <test-method status="FAIL" signature="launchapp(com.fipsar.qa.utils.TestParameters)[pri:0, instance:TestNGClass@4883b407]" name="launchapp" duration-ms="30845" started-at="2018-04-19T07:16:00Z" data-provider="data" finished-at="2018-04-19T07:16:31Z">
          <params>
            <param index="0">
              <value>
                <![CDATA[L_Prov_Remitter_To_chrome]]>
              </value>
            </param>
          </params>
          <exception class="org.openqa.selenium.WebDriverException">
            <message>
              <![CDATA[unknown error: Element <button id="" class="button" type="submit" data-toggle="" data-target="" data-dismiss="">...</button> is not clickable at point (928, 502). Other element would receive the click: <img class="loader_position" src="/images/pageload.gif">
  (Session info: chrome=65.0.3325.181)
  (Driver info: chromedriver=2.36.540470 (e522d04694c7ebea4ba8821272dbef4f9b818c91),platform=Windows NT 6.1.7601 SP1 x86_64) (WARNING: The server did not provide any stacktrace information)
Command duration or timeout: 0 milliseconds
Build info: version: 'unknown', revision: 'unknown', time: 'unknown'
System info: host: 'P17VM-007', ip: '192.168.7.112', os.name: 'Windows 7', os.arch: 'amd64', os.version: '6.1', java.version: '1.8.0_161'
Driver info: org.openqa.selenium.chrome.ChromeDriver
Capabilities {acceptInsecureCerts: false, acceptSslCerts: false, applicationCacheEnabled: false, browserConnectionEnabled: false, browserName: chrome, chrome: {chromedriverVersion: 2.36.540470 (e522d04694c7eb..., userDataDir: C:\Users\paf1121\AppData\Lo...}, cssSelectorsEnabled: true, databaseEnabled: false, handlesAlerts: true, hasTouchScreen: false, javascriptEnabled: true, locationContextEnabled: true, mobileEmulationEnabled: false, nativeEvents: true, networkConnectionEnabled: false, pageLoadStrategy: normal, platform: XP, platformName: XP, rotatable: false, setWindowRect: true, takesHeapSnapshot: true, takesScreenshot: true, unexpectedAlertBehaviour: , unhandledPromptBehavior: , version: 65.0.3325.181, webStorageEnabled: true}
Session ID: 6583d257396348e97509cacf5db866e1]]>
            </message>
            <full-stacktrace>
              <![CDATA[org.openqa.selenium.WebDriverException: unknown error: Element <button id="" class="button" type="submit" data-toggle="" data-target="" data-dismiss="">...</button> is not clickable at point (928, 502). Other element would receive the click: <img class="loader_position" src="/images/pageload.gif">
  (Session info: chrome=65.0.3325.181)
  (Driver info: chromedriver=2.36.540470 (e522d04694c7ebea4ba8821272dbef4f9b818c91),platform=Windows NT 6.1.7601 SP1 x86_64) (WARNING: The server did not provide any stacktrace information)
Command duration or timeout: 0 milliseconds
Build info: version: 'unknown', revision: 'unknown', time: 'unknown'
System info: host: 'P17VM-007', ip: '192.168.7.112', os.name: 'Windows 7', os.arch: 'amd64', os.version: '6.1', java.version: '1.8.0_161'
Driver info: org.openqa.selenium.chrome.ChromeDriver
Capabilities {acceptInsecureCerts: false, acceptSslCerts: false, applicationCacheEnabled: false, browserConnectionEnabled: false, browserName: chrome, chrome: {chromedriverVersion: 2.36.540470 (e522d04694c7eb..., userDataDir: C:\Users\paf1121\AppData\Lo...}, cssSelectorsEnabled: true, databaseEnabled: false, handlesAlerts: true, hasTouchScreen: false, javascriptEnabled: true, locationContextEnabled: true, mobileEmulationEnabled: false, nativeEvents: true, networkConnectionEnabled: false, pageLoadStrategy: normal, platform: XP, platformName: XP, rotatable: false, setWindowRect: true, takesHeapSnapshot: true, takesScreenshot: true, unexpectedAlertBehaviour: , unhandledPromptBehavior: , version: 65.0.3325.181, webStorageEnabled: true}
Session ID: 6583d257396348e97509cacf5db866e1
	at sun.reflect.NativeConstructorAccessorImpl.newInstance0(Native Method)
	at sun.reflect.NativeConstructorAccessorImpl.newInstance(Unknown Source)
	at sun.reflect.DelegatingConstructorAccessorImpl.newInstance(Unknown Source)
	at java.lang.reflect.Constructor.newInstance(Unknown Source)
	at org.openqa.selenium.remote.ErrorHandler.createThrowable(ErrorHandler.java:214)
	at org.openqa.selenium.remote.ErrorHandler.throwIfResponseFailed(ErrorHandler.java:166)
	at org.openqa.selenium.remote.http.JsonHttpResponseCodec.reconstructValue(JsonHttpResponseCodec.java:40)
	at org.openqa.selenium.remote.http.AbstractHttpResponseCodec.decode(AbstractHttpResponseCodec.java:80)
	at org.openqa.selenium.remote.http.AbstractHttpResponseCodec.decode(AbstractHttpResponseCodec.java:44)
	at org.openqa.selenium.remote.HttpCommandExecutor.execute(HttpCommandExecutor.java:160)
	at org.openqa.selenium.remote.service.DriverCommandExecutor.execute(DriverCommandExecutor.java:83)
	at org.openqa.selenium.remote.RemoteWebDriver.execute(RemoteWebDriver.java:601)
	at org.openqa.selenium.remote.RemoteWebElement.execute(RemoteWebElement.java:279)
	at org.openqa.selenium.remote.RemoteWebElement.click(RemoteWebElement.java:83)
	at com.fipsar.qa.commands.Manipulation.click(Manipulation.java:72)
	at com.fipsar.qa.util.CommandUtils.executeAction(CommandUtils.java:158)
	at com.fipsar.qa.datadriver.TestCaseRunner.exectuteTestCase(TestCaseRunner.java:79)
	at TestNGClass.launchapp(TestNGClass.java:133)
	at sun.reflect.NativeMethodAccessorImpl.invoke0(Native Method)
	at sun.reflect.NativeMethodAccessorImpl.invoke(Unknown Source)
	at sun.reflect.DelegatingMethodAccessorImpl.invoke(Unknown Source)
	at java.lang.reflect.Method.invoke(Unknown Source)
	at org.testng.internal.MethodInvocationHelper.invokeMethod(MethodInvocationHelper.java:108)
	at org.testng.internal.Invoker.invokeMethod(Invoker.java:661)
	at org.testng.internal.Invoker.invokeTestMethod(Invoker.java:869)
	at org.testng.internal.TestMethodWithDataProviderMethodWorker.call(TestMethodWithDataProviderMethodWorker.java:75)
	at org.testng.internal.TestMethodWithDataProviderMethodWorker.call(TestMethodWithDataProviderMethodWorker.java:14)
	at java.util.concurrent.FutureTask.run(Unknown Source)
	at java.util.concurrent.Executors$RunnableAdapter.call(Unknown Source)
	at java.util.concurrent.FutureTask.run(Unknown Source)
	at java.util.concurrent.ThreadPoolExecutor.runWorker(Unknown Source)
	at java.util.concurrent.ThreadPoolExecutor$Worker.run(Unknown Source)
	at java.lang.Thread.run(Unknown Source)
]]>
            </full-stacktrace>
          </exception> <!-- org.openqa.selenium.WebDriverException -->
          <reporter-output>
            <line>
              <![CDATA[STEP389]]>
            </line>
            <line>
              <![CDATA[STEP390]]>
            </line>
            <line>
              <![CDATA[STEP391]]>
            </line>
            <line>
              <![CDATA[STEP392]]>
            </line>
            <line>
              <![CDATA[STEP393]]>
            </line>
            <line>
              <![CDATA[STEP394]]>
            </line>
            <line>
              <![CDATA[STEP395]]>
            </line>
            <line>
              <![CDATA[STEP396]]>
            </line>
            <line>
              <![CDATA[STEP397]]>
            </line>
            <line>
              <![CDATA[STEP398]]>
            </line>
          </reporter-output>
        </test-method> <!-- launchapp -->
      </class> <!-- TestNGClass -->
    </test> <!-- Fipsar -->
  </suite> <!-- Fipsar QA -->
</testng-results>
